-------------------------------------------------------- setup
Display> begin() ... Screen size 320 * 170 complete
Listing directory: /
  FILE: fallbackCover.jpg  SIZE: 14385  LAST WRITE: 2025-10-13 13:43:36
  FILE: favicon.ico  SIZE: 1150  LAST WRITE: 2025-10-13 13:43:36
  FILE: index.html  SIZE: 1640  LAST WRITE: 2025-10-13 13:43:36
  FILE: main.js  SIZE: 12701  LAST WRITE: 2025-10-13 13:43:36
  FILE: radio.html  SIZE: 1029  LAST WRITE: 2025-10-13 13:43:36
  FILE: radio.js  SIZE: 3955  LAST WRITE: 2025-10-13 13:43:36
  FILE: setup.ini  SIZE: 1667  LAST WRITE: 2025-10-18 15:46:01
  FILE: style.css  SIZE: 7361  LAST WRITE: 2025-10-13 13:43:36
setup_read_file> reading /setup.ini
[4]> RadioName = 1Live
[5]> RadioURL = http://wdr-1live-live.icecast.wdr.de/wdr/1live/live/mp3/128/stream.mp3
[6]> RadioTitleSeperator = -
[7]> RadioTitleFirst = Artist
[9]> RadioName = WDR2
[10]> RadioURL = https://wdr-wdr2-rheinland.icecastssl.wdr.de/wdr/wdr2/rheinland/mp3/128/stream.mp3
[12]> RadioName = SWR3
[13]> RadioURL = http://mp3-live.swr3.de/swr3_m.m3u
[14]> RadioTitleSeperator = /
[15]> RadioTitleFirst = Song
[17]> RadioName = bigFM
[18]> RadioURL = http://streams.bigfm.de/hmr-128-mp3
[19]> RadioTitleSeperator = -
[20]> RadioTitleFirst = Artist
[22]> RadioName = ffn
[23]> RadioURL = http://player.ffn.de/ffn.mp3
[24]> RadioTitleSeperator = -
[25]> RadioTitleFirst = Artist
[27]> RadioName = 1Live - Neu fuer den Sektor
[28]> RadioURL = http://wdr-1live-neufuerdensektor.icecast.wdr.de/wdr/1live/neufuerdensektor/mp3/128/stream.mp3
[29]> RadioTitleSeperator = -
[30]> RadioTitleFirst = Artist
[32]> RadioName = 1live - FritzBox
[33]> RadioURL = http://192.168.178.1:49200/ST/AUDIO/DLNA-1-0/wdr-1live-live.icecast.wdr.de/wdr/1live/live/mp3/128/stream.mp3
[34]> RadioTitleSeperator = -
[35]> RadioTitleFirst = Artist
[37]> RadioName = ffh - FritzBox
[38]> RadioURL = http://192.168.178.1:49200/ST/AUDIO/DLNA-1-0/mp3.ffh.de/radioffh/hqlivestream.mp3
[39]> RadioTitleSeperator = -
[40]> RadioTitleFirst = Artist
setup_read_file> /setup.ini processed
P_I2S_LRCK 43
P_I2S_BCLK 44
P_I2S_DATA 18
P_ENC0_A 10
P_ENC0_B 11
P_ENC0_BTN 12
P_ENC0_PWR 13
P_ADC_BAT 255
P_ADC_BAT 255
Volume 0
Radio 0: 1Live - http://wdr-1live-live.icecast.wdr.de/wdr/1live/live/mp3/128/stream.mp3
Radio 1: WDR2 - https://wdr-wdr2-rheinland.icecastssl.wdr.de/wdr/wdr2/rheinland/mp3/128/stream.mp3
Radio 2: SWR3 - http://mp3-live.swr3.de/swr3_m.m3u
Radio 3: bigFM - http://streams.bigfm.de/hmr-128-mp3
wifi::setup_wifi> default clientID: ESP32_1606964

-------------------------------- establish WiFi ------------------------------------------
wifi::setup_wifi_preferences> read nvs
wifi::setup_wifi_preferences> mqtt_clientID ESP32_1606964
wifi::setup_wifi_preferences> mqtt_server   192.168.178.20
wifi::setup_wifi_preferences> mqtt_port     1883
wifi::setup_wifi_preferences> mqtt_prefix   house/
setup>> WiFi connected
wifi::mqtt_set_topics
tele> house/tele/ESP32_1606964
stat> house/stat/ESP32_1606964
cmnd> house/cmnd/ESP32_1606964
subscribe> house/cmnd/ESP32_1606964/#
wifi::mqtt_init> > MQTT: mqtt.begin
MQTT: connected
wifi::setup_webServer> Inizializing FS...wifi::setup_webServer> HTTP server started

-------------------------------- Get System Info------------------------------------------
Heap: Free:198767, Min:198667, Size:358443, Alloc:124928
wifi> WiFi SSID: A-Team
wifi> IP address: 192.168.178.151
 (-81 db) wifi> signal    : 1 = -81 dBm
NTP> Saturday, October 18 2025 18:19:46
18.10.2025 18:19:46
audio::setup_preferences> Preset 1
audio::setup_preferences> Volume 10
audio::setup_preferences> Number of restart times: 20
setup_audio> begin

-------------------------------- Staion Select ------------------------------------------
audio::station_select> requested preset 2 of 8
audio::station_select> Preset 2 : https://wdr-wdr2-rheinland.icecastssl.wdr.de/wdr/wdr2/rheinland/mp3/128/stream.mp3
audio::station_select> au.radioTitleSeperator :
audio::station_select> au.radioArtistFirst 1
audio::station_select> presetNo 2
audio::station_select> mqtt publish >2<

-------------------------------- Get System Info------------------------------------------
Heap: Free:198675, Min:198447, Size:358443, Alloc:124928
audio::station_select> set volume (0)
audio::station_select> URL >https://wdr-wdr2-rheinland.icecastssl.wdr.de/wdr/wdr2/rheinland/mp3/128/stream.mp3<
audio::station_select> conected<
audio::station_select> mqtt publish >WDR2<
audio::station_select> mqtt wsSendArtistTitle WDR2 /  
wifi::webSocketSendArtistTitle> SongTitle >< (len: 0) Artist >WDR2<
wifi::webSocketSendTuner> Preset 2 , Volume 10
main::main_displayUpdate
main::displayReset
myDisplay::clear
listDir::Listing directory> /
  FILE: fallbackCover.jpg  SIZE: 14385  LAST WRITE: 2025-10-13 15:43:36
  FILE: favicon.ico  SIZE: 1150  LAST WRITE: 2025-10-13 15:43:36
  FILE: index.html  SIZE: 1640  LAST WRITE: 2025-10-13 15:43:36
  FILE: main.js  SIZE: 12701  LAST WRITE: 2025-10-13 15:43:36
  FILE: radio.html  SIZE: 1029  LAST WRITE: 2025-10-13 15:43:36
  FILE: radio.js  SIZE: 3955  LAST WRITE: 2025-10-13 15:43:36
  FILE: setup.ini  SIZE: 1667  LAST WRITE: 2025-10-18 17:46:01
  FILE: style.css  SIZE: 7361  LAST WRITE: 2025-10-13 15:43:36
rotary::setup_rotary> done
myDisplay::clear
 (-81 db) wifi> signal    : 1 = -81 dBm
NTP-Value Time: 18:19 / Date: 18.10.
myDisplay::Gui1 drawstring >18:19<
onwebSocketEvent> Websocket client connection received
wifi::webSocketSendTuner> Preset 2 , Volume 10
wifi::webSocketSendArtistTitle> SongTitle >< (len: 0) Artist >WDR2<
handleEvent(): pin: 14; eventType: 0; buttonState: 0
handleEvent> unknown for pin 14 & 0
handleEvent(): pin: 14; eventType: 1; buttonState: 1
handleEvent> preset_up for pin 14
audio::audio_mode> preset: current 1 -> requested 2

-------------------------------- Staion Select ------------------------------------------
audio::station_select> requested preset 3 of 8
audio::station_select> Preset 3 : http://mp3-live.swr3.de/swr3_m.m3u
audio::station_select> au.radioTitleSeperator /
audio::station_select> au.radioArtistFirst 0
audio::station_select> presetNo 3
audio::station_select> mqtt publish >3<

-------------------------------- Get System Info------------------------------------------
Heap: Free:195539, Min:172919, Size:358443, Alloc:114688
audio::station_select> set volume (0)
audio::station_select> URL >http://mp3-live.swr3.de/swr3_m.m3u<
audio::station_select> conected<
audio::station_select> mqtt publish >SWR3<
audio::station_select> mqtt wsSendArtistTitle SWR3 /  
wifi::webSocketSendArtistTitle> SongTitle >< (len: 0) Artist >SWR3<
wifi::webSocketSendTuner> Preset 3 , Volume 10
main::main_displayUpdate 2
main::displayReset
myDisplay::clear
audio::audio_mode> 7: Station 2, Volume 10
main::main_displayUpdate 2
wifi::webSocketSendTuner> Preset 3 , Volume 10
myDisplay::clear
myDisplay::Gui3 drawstring PRESET>3<
myDisplay::Gui3 drawstring NAME  >SWR3<
myDisplay::clear
 (-82 db) wifi> signal    : 1 = -82 dBm
NTP-Value Time: 18:20 / Date: 18.10.
myDisplay::Gui1 drawstring >18:20<
NTP-loop>  Time:  / Date: 18.10.
NTP-loop>  Time: 18:20 / Date: 18.10.
