NTP> Saturday, October 18 2025 13:42:32
18.10.2025 13:42:32
audio::setup_preferences> Preset 0
audio::setup_preferences> Volume 10
audio::setup_preferences> Number of restart times: 7
setup_audio> begin

-------------------------------- Staion Select ------------------------------------------
audio::station_select> requested preset 1 of 8
audio::station_select> Preset 1 : http://wdr-1live-live.icecast.wdr.de/wdr/1live/live/mp3/128/stream.mp3
audio::station_select> au.radioTitleSeperator -
audio::station_select> au.radioArtistFirst 1
audio::station_select> presetNo 1
audio::station_select> mqtt publish >1<

-------------------------------- Get System Info------------------------------------------
Heap: Free:161255, Min:161155, Size:354363, Alloc:86016
audio::station_select> set volume (0)
audio::station_select> URL >http://wdr-1live-live.icecast.wdr.de/wdr/1live/live/mp3/128/stream.mp3<
audio::station_select> conected<
audio::station_select> mqtt publish >1Live<
audio::station_select> mqtt wsSendArtistTitle 1Live /  
wifi::wsSendArtistTitle> SongTitle >< (len: 0) Artist >1Live<
wifi::wsSendTuner> Preset 1 , Volume 10
main::main_displayUpdate
main::displayReset
myDisplay::clear
listDir::Listing directory> /
  FILE: fallbackCover.jpg  SIZE: 14385  LAST WRITE: 2025-10-13 15:43:36
  FILE: favicon.ico  SIZE: 1150  LAST WRITE: 2025-10-13 15:43:36
  FILE: index.html  SIZE: 1640  LAST WRITE: 2025-10-13 15:43:36
  FILE: main.js  SIZE: 12701  LAST WRITE: 2025-10-13 15:43:36
  FILE: radio.html  SIZE: 1029  LAST WRITE: 2025-10-13 15:43:36
  FILE: radio.js  SIZE: 3955  LAST WRITE: 2025-10-13 15:43:36
  FILE: setup.ini  SIZE: 1672  LAST WRITE: 2025-10-13 15:43:36
  FILE: style.css  SIZE: 7361  LAST WRITE: 2025-10-13 15:43:36
[0;31m[  8699][E][esp32-hal-periman.c:180] perimanGetPinBus(): Invalid pin: 23[0m
[0;31m[  8706][E][esp32-hal-periman.c:122] perimanSetPinBus(): Invalid pin: 23[0m
[0;31m[  8714][E][esp32-hal-gpio.c:120] __pinMode(): Deinit of previous bus from IO 23 failed[0m
[0;31m[  8722][E][esp32-hal-periman.c:180] perimanGetPinBus(): Invalid pin: 23[0m
[0;31m[  8730][E][esp32-hal-gpio.c:176] __digitalWrite(): IO 23 is not set as GPIO. Execute digitalMode(23, OUTPUT) first.[0m
rotary::setup_rotary> done
myDisplay::clear
 (-57 db) wifi> signal    : 4 = -57 dBm
NTP-Value Time: 13:42 / Date: 18.10.
myDisplay::Gui1 drawstring >13:42<
[0;31mE (28997) task_wdt: Task watchdog got triggered. The following tasks/users did not reset the watchdog in time:[0m
[0;31mE (28997) task_wdt:  - IDLE1 (CPU 1)[0m
[0;31mE (28997) task_wdt: Tasks currently running:[0m
[0;31mE (28997) task_wdt: CPU 0: IDLE0[0m
[0;31mE (28997) task_wdt: CPU 1: loopTask[0m
[0;31mE (28997) task_wdt: Print CPU 1 backtrace[0m


Backtrace: 0x40376ABE:0x3FCA1C60 0x4037A0F9:0x3FCA1C80 0x403811CF:0x3FCEC0E0 0x403811CA:0x3FCEC100 0x42004EAC:0x3FCEC120 0x4200467B:0x3FCEC160 0x420A2DD0:0x3FCEC180
  #0  0x40376ABE in esp_crosscore_isr at /Users/thomashoser/.platformio/packages/framework-espidf@src-e55492bf35ec58abb1d0380572a1aa2a/components/esp_system/crosscore_int.c:74
  #1  0x3FCA1C60 in _xt_exception_table at ??:?
  #2  0x4037A0F9 in _xt_lowint1 at /Users/thomashoser/.platformio/packages/framework-espidf@src-e55492bf35ec58abb1d0380572a1aa2a/components/xtensa/xtensa_vectors.S:1240
  #3  0x3FCA1C80 in _xt_exception_table at /Users/thomashoser/.platformio/packages/framework-espidf@src-e55492bf35ec58abb1d0380572a1aa2a/components/freertos/FreeRTOS-Kernel/portable/xtensa/port.c:67
  #4  0x403811CF in vPortYield at /Users/thomashoser/.platformio/packages/framework-espidf@src-e55492bf35ec58abb1d0380572a1aa2a/components/freertos/FreeRTOS-Kernel/portable/xtensa/portasm.S:578
  #5  0x403811CA in vPortYield at /Users/thomashoser/.platformio/packages/framework-espidf@src-e55492bf35ec58abb1d0380572a1aa2a/components/freertos/FreeRTOS-Kernel/portable/xtensa/portasm.S:576
  #6  0x42004EAC in myNTP::loop() at src/myNTP.cpp:103
  #7  0x4200467B in loop() at src/main.cpp:313
  #8  0x420A2DD0 in loopTask(void*) at /Users/thomashoser/.platformio/packages/framework-arduinoespressif32-src-6cb0a29b74dc1d1bc6e83adba584d1d5/cores/esp32/main.cpp:82


[0;31mE (36014) task_wdt: Task watchdog got triggered. The following tasks/users did not reset the watchdog in time:[0m
[0;31mE (36014) task_wdt:  - IDLE1 (CPU 1)[0m
[0;31mE (36014) task_wdt: Tasks currently running:[0m
[0;31mE (36014) task_wdt: CPU 0: IDLE0[0m
[0;31mE (36014) task_wdt: CPU 1: loopTask[0m
[0;31mE (36014) task_wdt: Print CPU 1 backtrace[0m


Backtrace: 0x40376ABE:0x3FCA1C60 0x4037A0F9:0x3FCA1C80 0x400559DD:0x3FCEBFD0 0x40380FF2:0x3FCEBFE0 0x403807A4:0x3FCEC000 0x420CA2BD:0x3FCEC040 0x420B8961:0x3FCEC060 0x42007A7A:0x3FCEC080 0x4202ADB6:0x3FCEC0C0 0x4202D027:0x3FCEC0F0 0x4200412A:0x3FCEC130 0x42004675:0x3FCEC160 0x420A2DD0:0x3FCEC180
  #0  0x40376ABE in esp_crosscore_isr at /Users/thomashoser/.platformio/packages/framework-espidf@src-e55492bf35ec58abb1d0380572a1aa2a/components/esp_system/crosscore_int.c:74
  #1  0x3FCA1C60 in _xt_exception_table at ??:?
  #2  0x4037A0F9 in _xt_lowint1 at /Users/thomashoser/.platformio/packages/framework-espidf@src-e55492bf35ec58abb1d0380572a1aa2a/components/xtensa/xtensa_vectors.S:1240
  #3  0x3FCA1C80 in _xt_exception_table at /Users/thomashoser/.platformio/packages/framework-espidf@src-e55492bf35ec58abb1d0380572a1aa2a/components/freertos/FreeRTOS-Kernel/portable/xtensa/port.c:67
  #4  0x40380FF2 in vPortClearInterruptMaskFromISR at /Users/thomashoser/.platformio/packages/framework-espidf@src-e55492bf35ec58abb1d0380572a1aa2a/components/freertos/FreeRTOS-Kernel/portable/xtensa/include/freertos/portmacro.h:560
      (inlined by) vPortExitCritical at /Users/thomashoser/.platformio/packages/framework-espidf@src-e55492bf35ec58abb1d0380572a1aa2a/components/freertos/FreeRTOS-Kernel/portable/xtensa/port.c:514
  #5  0x403807A4 in xQueueSemaphoreTake at /Users/thomashoser/.platformio/packages/framework-espidf@src-e55492bf35ec58abb1d0380572a1aa2a/components/freertos/FreeRTOS-Kernel/queue.c:1777
  #6  0x420CA2BD in sys_mutex_lock at /Users/thomashoser/.platformio/packages/framework-espidf@src-e55492bf35ec58abb1d0380572a1aa2a/components/lwip/port/freertos/sys_arch.c:63
      (inlined by) sys_arch_protect at /Users/thomashoser/.platformio/packages/framework-espidf@src-e55492bf35ec58abb1d0380572a1aa2a/components/lwip/port/freertos/sys_arch.c:457
  #7  0x420B8961 in lwip_ioctl at /Users/thomashoser/.platformio/packages/framework-espidf@src-e55492bf35ec58abb1d0380572a1aa2a/components/lwip/lwip/src/api/sockets.c:3868
  #8  0x42007A7A in NetworkClientRxBuffer::r_available() at /Users/thomashoser/.platformio/packages/framework-arduinoespressif32-src-6cb0a29b74dc1d1bc6e83adba584d1d5/libraries/Network/src/NetworkClient.cpp:54
      (inlined by) NetworkClientRxBuffer::available() at /Users/thomashoser/.platformio/packages/framework-arduinoespressif32-src-6cb0a29b74dc1d1bc6e83adba584d1d5/libraries/Network/src/NetworkClient.cpp:148
      (inlined by) NetworkClient::available() at /Users/thomashoser/.platformio/packages/framework-arduinoespressif32-src-6cb0a29b74dc1d1bc6e83adba584d1d5/libraries/Network/src/NetworkClient.cpp:538
  #9  0x4202ADB6 in Audio::processWebStream() at .pio/libdeps/lilygo-t-display-s3/ESP32-audioI2S/src/Audio.cpp:3910 (discriminator 1)
  #10 0x4202D027 in Audio::loop() at .pio/libdeps/lilygo-t-display-s3/ESP32-audioI2S/src/Audio.cpp:3243 (discriminator 1)
  #11 0x4200412A in loop_audio() at src/audio.cpp:770
  #12 0x42004675 in loop() at src/main.cpp:312
  #13 0x420A2DD0 in loopTask(void*) at /Users/thomashoser/.platformio/packages/framework-arduinoespressif32-src-6cb0a29b74dc1d1bc6e83adba584d1d5/cores/esp32/main.cpp:82


[0;31mE (41014) task_wdt: Task watchdog got triggered. The following tasks/users did not reset the watchdog in time:[0m
[0;31mE (41014) task_wdt:  - IDLE1 (CPU 1)[0m
[0;31mE (41014) task_wdt: Tasks currently running:[0m
[0;31mE (41014) task_wdt: CPU 0: IDLE0[0m
[0;31mE (41014) task_wdt: CPU 1: loopTask[0m
[0;31mE (41014) task_wdt: Print CPU 1 backtrace[0m


Backtrace: 0x40376ABE:0x3FCA1C60 0x4037A0F9:0x3FCA1C80 0x400559DD:0x3FCEBF40 0x40380FF2:0x3FCEBF50 0x403807A4:0x3FCEBF70 0x420CA2BD:0x3FCEBFB0 0x420B6C9B:0x3FCEBFD0 0x420B8032:0x3FCEBFF0 0x420B8092:0x3FCEC050 0x420078E9:0x3FCEC070 0x4202AD6E:0x3FCEC0C0 0x4202D027:0x3FCEC0F0 0x4200412A:0x3FCEC130 0x42004675:0x3FCEC160 0x420A2DD0:0x3FCEC180
  #0  0x40376ABE in esp_crosscore_isr at /Users/thomashoser/.platformio/packages/framework-espidf@src-e55492bf35ec58abb1d0380572a1aa2a/components/esp_system/crosscore_int.c:74
  #1  0x3FCA1C60 in _xt_exception_table at ??:?
  #2  0x4037A0F9 in _xt_lowint1 at /Users/thomashoser/.platformio/packages/framework-espidf@src-e55492bf35ec58abb1d0380572a1aa2a/components/xtensa/xtensa_vectors.S:1240
  #3  0x3FCA1C80 in _xt_exception_table at /Users/thomashoser/.platformio/packages/framework-espidf@src-e55492bf35ec58abb1d0380572a1aa2a/components/freertos/FreeRTOS-Kernel/portable/xtensa/port.c:67
  #4  0x40380FF2 in vPortClearInterruptMaskFromISR at /Users/thomashoser/.platformio/packages/framework-espidf@src-e55492bf35ec58abb1d0380572a1aa2a/components/freertos/FreeRTOS-Kernel/portable/xtensa/include/freertos/portmacro.h:560
      (inlined by) vPortExitCritical at /Users/thomashoser/.platformio/packages/framework-espidf@src-e55492bf35ec58abb1d0380572a1aa2a/components/freertos/FreeRTOS-Kernel/portable/xtensa/port.c:514
  #5  0x403807A4 in xQueueSemaphoreTake at /Users/thomashoser/.platformio/packages/framework-espidf@src-e55492bf35ec58abb1d0380572a1aa2a/components/freertos/FreeRTOS-Kernel/queue.c:1777
  #6  0x420CA2BD in sys_mutex_lock at /Users/thomashoser/.platformio/packages/framework-espidf@src-e55492bf35ec58abb1d0380572a1aa2a/components/lwip/port/freertos/sys_arch.c:63
      (inlined by) sys_arch_protect at /Users/thomashoser/.platformio/packages/framework-espidf@src-e55492bf35ec58abb1d0380572a1aa2a/components/lwip/port/freertos/sys_arch.c:457
  #7  0x420B6C9B in done_socket at /Users/thomashoser/.platformio/packages/framework-espidf@src-e55492bf35ec58abb1d0380572a1aa2a/components/lwip/lwip/src/api/sockets.c:425
  #8  0x420B8032 in lwip_recvfrom at /Users/thomashoser/.platformio/packages/framework-espidf@src-e55492bf35ec58abb1d0380572a1aa2a/components/lwip/lwip/src/api/sockets.c:1292
  #9  0x420B8092 in lwip_recv at /Users/thomashoser/.platformio/packages/framework-espidf@src-e55492bf35ec58abb1d0380572a1aa2a/components/lwip/lwip/src/api/sockets.c:1322
  #10 0x420078E9 in NetworkClient::connected() at /Users/thomashoser/.platformio/packages/framework-espidf@src-e55492bf35ec58abb1d0380572a1aa2a/components/lwip/include/lwip/sockets.h:60
      (inlined by) NetworkClient::connected() at /Users/thomashoser/.platformio/packages/framework-arduinoespressif32-src-6cb0a29b74dc1d1bc6e83adba584d1d5/libraries/Network/src/NetworkClient.cpp:558
  #11 0x4202AD6E in Audio::processWebStream() at .pio/libdeps/lilygo-t-display-s3/ESP32-audioI2S/src/Audio.cpp:3897
  #12 0x4202D027 in Audio::loop() at .pio/libdeps/lilygo-t-display-s3/ESP32-audioI2S/src/Audio.cpp:3243 (discriminator 1)
  #13 0x4200412A in loop_audio() at src/audio.cpp:770
  #14 0x42004675 in loop() at src/main.cpp:312
  #15 0x420A2DD0 in loopTask(void*) at /Users/thomashoser/.platformio/packages/framework-arduinoespressif32-src-6cb0a29b74dc1d1bc6e83adba584d1d5/cores/esp32/main.cpp:82


[0;31mE (46014) task_wdt: Task watchdog got triggered. The following tasks/users did not reset the watchdog in time:[0m
[0;31mE (46014) task_wdt:  - IDLE1 (CPU 1)[0m
[0;31mE (46014) task_wdt: Tasks currently running:[0m
[0;31mE (46014) task_wdt: CPU 0: IDLE0[0m
[0;31mE (46014) task_wdt: CPU 1: loopTask[0m
[0;31mE (46014) task_wdt: Print CPU 1 backtrace[0m


Backtrace: 0x40376ABE:0x3FCA1C60 0x4037A0F9:0x3FCA1C80 0x403802B3:0x3FCEBEF0 0x420CA2D5:0x3FCEBF30 0x420CB3B9:0x3FCEBF50 0x420CB4D5:0x3FCEBF80 0x420CB85B:0x3FCEBFF0 0x420B69A2:0x3FCEC010 0x420B7FA7:0x3FCEC050 0x420B8092:0x3FCEC0B0 0x420078E9:0x3FCEC0D0 0x4208CAB6:0x3FCEC120 0x4200610D:0x3FCEC140 0x4200466F:0x3FCEC160 0x420A2DD0:0x3FCEC180
  #0  0x40376ABE in esp_crosscore_isr at /Users/thomashoser/.platformio/packages/framework-espidf@src-e55492bf35ec58abb1d0380572a1aa2a/components/esp_system/crosscore_int.c:74
  #1  0x3FCA1C60 in _xt_exception_table at ??:?
  #2  0x4037A0F9 in _xt_lowint1 at /Users/thomashoser/.platformio/packages/framework-espidf@src-e55492bf35ec58abb1d0380572a1aa2a/components/xtensa/xtensa_vectors.S:1240
  #3  0x3FCA1C80 in _xt_exception_table at /Users/thomashoser/.platformio/packages/framework-espidf@src-e55492bf35ec58abb1d0380572a1aa2a/components/freertos/FreeRTOS-Kernel/portable/xtensa/port.c:67
  #4  0x403802B3 in xQueueGenericSend at /Users/thomashoser/.platformio/packages/framework-espidf@src-e55492bf35ec58abb1d0380572a1aa2a/components/freertos/FreeRTOS-Kernel/queue.c:937 (discriminator 2)
  #5  0x420CA2D5 in sys_mutex_unlock at /Users/thomashoser/.platformio/packages/framework-espidf@src-e55492bf35ec58abb1d0380572a1aa2a/components/lwip/port/freertos/sys_arch.c:77
      (inlined by) sys_arch_unprotect at /Users/thomashoser/.platformio/packages/framework-espidf@src-e55492bf35ec58abb1d0380572a1aa2a/components/lwip/port/freertos/sys_arch.c:470
  #6  0x420CB3B9 in netconn_recv_data at /Users/thomashoser/.platformio/packages/framework-espidf@src-e55492bf35ec58abb1d0380572a1aa2a/components/lwip/lwip/src/api/api_lib.c:600 (discriminator 1)
  #7  0x420CB4D5 in netconn_recv_data_tcp at /Users/thomashoser/.platformio/packages/framework-espidf@src-e55492bf35ec58abb1d0380572a1aa2a/components/lwip/lwip/src/api/api_lib.c:730
  #8  0x420CB85B in netconn_recv_tcp_pbuf_flags at /Users/thomashoser/.platformio/packages/framework-espidf@src-e55492bf35ec58abb1d0380572a1aa2a/components/lwip/lwip/src/api/api_lib.c:811
  #9  0x420B69A2 in lwip_recv_tcp at /Users/thomashoser/.platformio/packages/framework-espidf@src-e55492bf35ec58abb1d0380572a1aa2a/components/lwip/lwip/src/api/sockets.c:990
  #10 0x420B7FA7 in lwip_recvfrom at /Users/thomashoser/.platformio/packages/framework-espidf@src-e55492bf35ec58abb1d0380572a1aa2a/components/lwip/lwip/src/api/sockets.c:1257
  #11 0x420B8092 in lwip_recv at /Users/thomashoser/.platformio/packages/framework-espidf@src-e55492bf35ec58abb1d0380572a1aa2a/components/lwip/lwip/src/api/sockets.c:1322
  #12 0x420078E9 in NetworkClient::connected() at /Users/thomashoser/.platformio/packages/framework-espidf@src-e55492bf35ec58abb1d0380572a1aa2a/components/lwip/include/lwip/sockets.h:60
      (inlined by) NetworkClient::connected() at /Users/thomashoser/.platformio/packages/framework-arduinoespressif32-src-6cb0a29b74dc1d1bc6e83adba584d1d5/libraries/Network/src/NetworkClient.cpp:558
  #13 0x4208CAB6 in MQTTClient::connected() at .pio/libdeps/lilygo-t-display-s3/MQTT/src/MQTTClient.cpp:497 (discriminator 1)
      (inlined by) MQTTClient::loop() at .pio/libdeps/lilygo-t-display-s3/MQTT/src/MQTTClient.cpp:464 (discriminator 1)
  #14 0x4200610D in loop_wifi() at src/wifiMgr.cpp:645
  #15 0x4200466F in loop() at src/main.cpp:310
  #16 0x420A2DD0 in loopTask(void*) at /Users/thomashoser/.platformio/packages/framework-arduinoespressif32-src-6cb0a29b74dc1d1bc6e83adba584d1d5/cores/esp32/main.cpp:82


[0;31mE (51014) task_wdt: Task watchdog got triggered. The following tasks/users did not reset the watchdog in time:[0m
[0;31mE (51014) task_wdt:  - IDLE1 (CPU 1)[0m
[0;31mE (51014) task_wdt: Tasks currently running:[0m
[0;31mE (51014) task_wdt: CPU 0: IDLE0[0m
[0;31mE (51014) task_wdt: CPU 1: loopTask[0m
[0;31mE (51014) task_wdt: Print CPU 1 backtrace[0m


Backtrace: 0x40376ABE:0x3FCA1C60 0x4037A0F9:0x3FCA1C80 0x420CB3F5:0x3FCEBEF0 0x420CB4D5:0x3FCEBF20 0x420CB85B:0x3FCEBF90 0x420B69A2:0x3FCEBFB0 0x420B7FA7:0x3FCEBFF0 0x420B8092:0x3FCEC050 0x420078E9:0x3FCEC070 0x4202AD6E:0x3FCEC0C0 0x4202D027:0x3FCEC0F0 0x4200412A:0x3FCEC130 0x42004675:0x3FCEC160 0x420A2DD0:0x3FCEC180
  #0  0x40376ABE in esp_crosscore_isr at /Users/thomashoser/.platformio/packages/framework-espidf@src-e55492bf35ec58abb1d0380572a1aa2a/components/esp_system/crosscore_int.c:74
  #1  0x3FCA1C60 in _xt_exception_table at ??:?
  #2  0x4037A0F9 in _xt_lowint1 at /Users/thomashoser/.platformio/packages/framework-espidf@src-e55492bf35ec58abb1d0380572a1aa2a/components/xtensa/xtensa_vectors.S:1240
  #3  0x3FCA1C80 in _xt_exception_table at /Users/thomashoser/.platformio/packages/framework-espidf@src-e55492bf35ec58abb1d0380572a1aa2a/components/freertos/FreeRTOS-Kernel/portable/xtensa/port.c:67
  #4  0x420CB3F5 in netconn_err at /Users/thomashoser/.platformio/packages/framework-espidf@src-e55492bf35ec58abb1d0380572a1aa2a/components/lwip/lwip/src/api/api_lib.c:1152
      (inlined by) netconn_err at /Users/thomashoser/.platformio/packages/framework-espidf@src-e55492bf35ec58abb1d0380572a1aa2a/components/lwip/lwip/src/api/api_lib.c:1142
      (inlined by) netconn_recv_data at /Users/thomashoser/.platformio/packages/framework-espidf@src-e55492bf35ec58abb1d0380572a1aa2a/components/lwip/lwip/src/api/api_lib.c:606
  #5  0x420CB4D5 in netconn_recv_data_tcp at /Users/thomashoser/.platformio/packages/framework-espidf@src-e55492bf35ec58abb1d0380572a1aa2a/components/lwip/lwip/src/api/api_lib.c:730
  #6  0x420CB85B in netconn_recv_tcp_pbuf_flags at /Users/thomashoser/.platformio/packages/framework-espidf@src-e55492bf35ec58abb1d0380572a1aa2a/components/lwip/lwip/src/api/api_lib.c:811
  #7  0x420B69A2 in lwip_recv_tcp at /Users/thomashoser/.platformio/packages/framework-espidf@src-e55492bf35ec58abb1d0380572a1aa2a/components/lwip/lwip/src/api/sockets.c:990
  #8  0x420B7FA7 in lwip_recvfrom at /Users/thomashoser/.platformio/packages/framework-espidf@src-e55492bf35ec58abb1d0380572a1aa2a/components/lwip/lwip/src/api/sockets.c:1257
  #9  0x420B8092 in lwip_recv at /Users/thomashoser/.platformio/packages/framework-espidf@src-e55492bf35ec58abb1d0380572a1aa2a/components/lwip/lwip/src/api/sockets.c:1322
  #10 0x420078E9 in NetworkClient::connected() at /Users/thomashoser/.platformio/packages/framework-espidf@src-e55492bf35ec58abb1d0380572a1aa2a/components/lwip/include/lwip/sockets.h:60
      (inlined by) NetworkClient::connected() at /Users/thomashoser/.platformio/packages/framework-arduinoespressif32-src-6cb0a29b74dc1d1bc6e83adba584d1d5/libraries/Network/src/NetworkClient.cpp:558
  #11 0x4202AD6E in Audio::processWebStream() at .pio/libdeps/lilygo-t-display-s3/ESP32-audioI2S/src/Audio.cpp:3897
  #12 0x4202D027 in Audio::loop() at .pio/libdeps/lilygo-t-display-s3/ESP32-audioI2S/src/Audio.cpp:3243 (discriminator 1)
  #13 0x4200412A in loop_audio() at src/audio.cpp:770
  #14 0x42004675 in loop() at src/main.cpp:312
  #15 0x420A2DD0 in loopTask(void*) at /Users/thomashoser/.platformio/packages/framework-arduinoespressif32-src-6cb0a29b74dc1d1bc6e83adba584d1d5/cores/esp32/main.cpp:82


[0;31mE (56014) task_wdt: Task watchdog got triggered. The following tasks/users did not reset the watchdog in time:[0m
[0;31mE (56014) task_wdt:  - IDLE1 (CPU 1)[0m
[0;31mE (56014) task_wdt: Tasks currently running:[0m
[0;31mE (56014) task_wdt: CPU 0: IDLE0[0m
[0;31mE (56014) task_wdt: CPU 1: loopTask[0m
[0;31mE (56014) task_wdt: Print CPU 1 backtrace[0m


Backtrace: 0x40376ABE:0x3FCA1C60 0x4037A0F9:0x3FCA1C80 0x403802E4:0x3FCEBF70 0x420CA2D5:0x3FCEBFB0 0x420B6D71:0x3FCEBFD0 0x420B7F79:0x3FCEBFF0 0x420B8092:0x3FCEC050 0x420078E9:0x3FCEC070 0x4202AD6E:0x3FCEC0C0 0x4202D027:0x3FCEC0F0 0x4200412A:0x3FCEC130 0x42004675:0x3FCEC160 0x420A2DD0:0x3FCEC180
  #0  0x40376ABE in esp_crosscore_isr at /Users/thomashoser/.platformio/packages/framework-espidf@src-e55492bf35ec58abb1d0380572a1aa2a/components/esp_system/crosscore_int.c:74
  #1  0x3FCA1C60 in _xt_exception_table at ??:?
  #2  0x4037A0F9 in _xt_lowint1 at /Users/thomashoser/.platformio/packages/framework-espidf@src-e55492bf35ec58abb1d0380572a1aa2a/components/xtensa/xtensa_vectors.S:1240
  #3  0x3FCA1C80 in _xt_exception_table at /Users/thomashoser/.platformio/packages/framework-espidf@src-e55492bf35ec58abb1d0380572a1aa2a/components/freertos/FreeRTOS-Kernel/portable/xtensa/port.c:67
  #4  0x403802E4 in xQueueGenericSend at /Users/thomashoser/.platformio/packages/framework-espidf@src-e55492bf35ec58abb1d0380572a1aa2a/components/freertos/FreeRTOS-Kernel/queue.c:956 (discriminator 1)
  #5  0x420CA2D5 in sys_mutex_unlock at /Users/thomashoser/.platformio/packages/framework-espidf@src-e55492bf35ec58abb1d0380572a1aa2a/components/lwip/port/freertos/sys_arch.c:77
      (inlined by) sys_arch_unprotect at /Users/thomashoser/.platformio/packages/framework-espidf@src-e55492bf35ec58abb1d0380572a1aa2a/components/lwip/port/freertos/sys_arch.c:470
  #6  0x420B6D71 in sock_inc_used at /Users/thomashoser/.platformio/packages/framework-espidf@src-e55492bf35ec58abb1d0380572a1aa2a/components/lwip/lwip/src/api/sockets.c:390
      (inlined by) tryget_socket_unconn at /Users/thomashoser/.platformio/packages/framework-espidf@src-e55492bf35ec58abb1d0380572a1aa2a/components/lwip/lwip/src/api/sockets.c:472
      (inlined by) tryget_socket at /Users/thomashoser/.platformio/packages/framework-espidf@src-e55492bf35ec58abb1d0380572a1aa2a/components/lwip/lwip/src/api/sockets.c:505
  #7  0x420B7F79 in get_socket at /Users/thomashoser/.platformio/packages/framework-espidf@src-e55492bf35ec58abb1d0380572a1aa2a/components/lwip/lwip/src/api/sockets.c:524
      (inlined by) lwip_recvfrom at /Users/thomashoser/.platformio/packages/framework-espidf@src-e55492bf35ec58abb1d0380572a1aa2a/components/lwip/lwip/src/api/sockets.c:1251
  #8  0x420B8092 in lwip_recv at /Users/thomashoser/.platformio/packages/framework-espidf@src-e55492bf35ec58abb1d0380572a1aa2a/components/lwip/lwip/src/api/sockets.c:1322
  #9  0x420078E9 in NetworkClient::connected() at /Users/thomashoser/.platformio/packages/framework-espidf@src-e55492bf35ec58abb1d0380572a1aa2a/components/lwip/include/lwip/sockets.h:60
      (inlined by) NetworkClient::connected() at /Users/thomashoser/.platformio/packages/framework-arduinoespressif32-src-6cb0a29b74dc1d1bc6e83adba584d1d5/libraries/Network/src/NetworkClient.cpp:558
  #10 0x4202AD6E in Audio::processWebStream() at .pio/libdeps/lilygo-t-display-s3/ESP32-audioI2S/src/Audio.cpp:3897
  #11 0x4202D027 in Audio::loop() at .pio/libdeps/lilygo-t-display-s3/ESP32-audioI2S/src/Audio.cpp:3243 (discriminator 1)
  #12 0x4200412A in loop_audio() at src/audio.cpp:770
  #13 0x42004675 in loop() at src/main.cpp:312
  #14 0x420A2DD0 in loopTask(void*) at /Users/thomashoser/.platformio/packages/framework-arduinoespressif32-src-6cb0a29b74dc1d1bc6e83adba584d1d5/cores/esp32/main.cpp:82


[0;31mE (61014) task_wdt: Task watchdog got triggered. The following tasks/users did not reset the watchdog in time:[0m
[0;31mE (61014) task_wdt:  - IDLE1 (CPU 1)[0m
[0;31mE (61014) task_wdt: Tasks currently running:[0m
[0;31mE (61014) task_wdt: CPU 0: IDLE0[0m
[0;31mE (61014) task_wdt: CPU 1: loopTask[0m
[0;31mE (61014) task_wdt: Print CPU 1 backtrace[0m


Backtrace: 0x40376ABE:0x3FCA1C60 0x4037A0F9:0x3FCA1C80 0x400559DD:0x3FCEBFB0 0x40380FF2:0x3FCEBFC0 0x403807A4:0x3FCEBFE0 0x420CA2BD:0x3FCEC020 0x420B6D55:0x3FCEC040 0x420B8925:0x3FCEC060 0x42007A7A:0x3FCEC080 0x4202ADB6:0x3FCEC0C0 0x4202D027:0x3FCEC0F0 0x4200412A:0x3FCEC130 0x42004675:0x3FCEC160 0x420A2DD0:0x3FCEC180
  #0  0x40376ABE in esp_crosscore_isr at /Users/thomashoser/.platformio/packages/framework-espidf@src-e55492bf35ec58abb1d0380572a1aa2a/components/esp_system/crosscore_int.c:74
  #1  0x3FCA1C60 in _xt_exception_table at ??:?
  #2  0x4037A0F9 in _xt_lowint1 at /Users/thomashoser/.platformio/packages/framework-espidf@src-e55492bf35ec58abb1d0380572a1aa2a/components/xtensa/xtensa_vectors.S:1240
  #3  0x3FCA1C80 in _xt_exception_table at /Users/thomashoser/.platformio/packages/framework-espidf@src-e55492bf35ec58abb1d0380572a1aa2a/components/freertos/FreeRTOS-Kernel/portable/xtensa/port.c:67
  #4  0x40380FF2 in vPortClearInterruptMaskFromISR at /Users/thomashoser/.platformio/packages/framework-espidf@src-e55492bf35ec58abb1d0380572a1aa2a/components/freertos/FreeRTOS-Kernel/portable/xtensa/include/freertos/portmacro.h:560
      (inlined by) vPortExitCritical at /Users/thomashoser/.platformio/packages/framework-espidf@src-e55492bf35ec58abb1d0380572a1aa2a/components/freertos/FreeRTOS-Kernel/portable/xtensa/port.c:514
  #5  0x403807A4 in xQueueSemaphoreTake at /Users/thomashoser/.platformio/packages/framework-espidf@src-e55492bf35ec58abb1d0380572a1aa2a/components/freertos/FreeRTOS-Kernel/queue.c:1777
  #6  0x420CA2BD in sys_mutex_lock at /Users/thomashoser/.platformio/packages/framework-espidf@src-e55492bf35ec58abb1d0380572a1aa2a/components/lwip/port/freertos/sys_arch.c:63
      (inlined by) sys_arch_protect at /Users/thomashoser/.platformio/packages/framework-espidf@src-e55492bf35ec58abb1d0380572a1aa2a/components/lwip/port/freertos/sys_arch.c:457
  #7  0x420B6D55 in sock_inc_used at /Users/thomashoser/.platformio/packages/framework-espidf@src-e55492bf35ec58abb1d0380572a1aa2a/components/lwip/lwip/src/api/sockets.c:381
      (inlined by) tryget_socket_unconn at /Users/thomashoser/.platformio/packages/framework-espidf@src-e55492bf35ec58abb1d0380572a1aa2a/components/lwip/lwip/src/api/sockets.c:472
      (inlined by) tryget_socket at /Users/thomashoser/.platformio/packages/framework-espidf@src-e55492bf35ec58abb1d0380572a1aa2a/components/lwip/lwip/src/api/sockets.c:505
  #8  0x420B8925 in get_socket at /Users/thomashoser/.platformio/packages/framework-espidf@src-e55492bf35ec58abb1d0380572a1aa2a/components/lwip/lwip/src/api/sockets.c:524
      (inlined by) lwip_ioctl at /Users/thomashoser/.platformio/packages/framework-espidf@src-e55492bf35ec58abb1d0380572a1aa2a/components/lwip/lwip/src/api/sockets.c:3827
  #9  0x42007A7A in NetworkClientRxBuffer::r_available() at /Users/thomashoser/.platformio/packages/framework-arduinoespressif32-src-6cb0a29b74dc1d1bc6e83adba584d1d5/libraries/Network/src/NetworkClient.cpp:54
      (inlined by) NetworkClientRxBuffer::available() at /Users/thomashoser/.platformio/packages/framework-arduinoespressif32-src-6cb0a29b74dc1d1bc6e83adba584d1d5/libraries/Network/src/NetworkClient.cpp:148
      (inlined by) NetworkClient::available() at /Users/thomashoser/.platformio/packages/framework-arduinoespressif32-src-6cb0a29b74dc1d1bc6e83adba584d1d5/libraries/Network/src/NetworkClient.cpp:538
  #10 0x4202ADB6 in Audio::processWebStream() at .pio/libdeps/lilygo-t-display-s3/ESP32-audioI2S/src/Audio.cpp:3910 (discriminator 1)
  #11 0x4202D027 in Audio::loop() at .pio/libdeps/lilygo-t-display-s3/ESP32-audioI2S/src/Audio.cpp:3243 (discriminator 1)
  #12 0x4200412A in loop_audio() at src/audio.cpp:770
  #13 0x42004675 in loop() at src/main.cpp:312
  #14 0x420A2DD0 in loopTask(void*) at /Users/thomashoser/.platformio/packages/framework-arduinoespressif32-src-6cb0a29b74dc1d1bc6e83adba584d1d5/cores/esp32/main.cpp:82


[0;31mE (66014) task_wdt: Task watchdog got triggered. The following tasks/users did not reset the watchdog in time:[0m
[0;31mE (66014) task_wdt:  - IDLE1 (CPU 1)[0m
[0;31mE (66014) task_wdt: Tasks currently running:[0m
[0;31mE (66014) task_wdt: CPU 0: PeriodicTask[0m
[0;31mE (66014) task_wdt: CPU 1: loopTask[0m
[0;31mE (66014) task_wdt: Print CPU 1 backtrace[0m


Backtrace: 0x40376ABE:0x3FCA1C60 0x4037A0F9:0x3FCA1C80 0x420A8325:0x3FCEC100 0x4209F1B0:0x3FCEC120 0x4208DDCD:0x3FCEC140 0x4200469F:0x3FCEC160 0x420A2DD0:0x3FCEC180
  #0  0x40376ABE in esp_crosscore_isr at /Users/thomashoser/.platformio/packages/framework-espidf@src-e55492bf35ec58abb1d0380572a1aa2a/components/esp_system/crosscore_int.c:74
  #1  0x3FCA1C60 in _xt_exception_table at ??:?
  #2  0x4037A0F9 in _xt_lowint1 at /Users/thomashoser/.platformio/packages/framework-espidf@src-e55492bf35ec58abb1d0380572a1aa2a/components/xtensa/xtensa_vectors.S:1240
  #3  0x3FCA1C80 in _xt_exception_table at /Users/thomashoser/.platformio/packages/framework-espidf@src-e55492bf35ec58abb1d0380572a1aa2a/components/freertos/FreeRTOS-Kernel/portable/xtensa/port.c:67
  #4  0x420A8325 in gpio_ll_get_level at /Users/thomashoser/.platformio/packages/framework-espidf@src-e55492bf35ec58abb1d0380572a1aa2a/components/hal/esp32s3/include/hal/gpio_ll.h:354
      (inlined by) gpio_get_level at /Users/thomashoser/.platformio/packages/framework-espidf@src-e55492bf35ec58abb1d0380572a1aa2a/components/esp_driver_gpio/src/gpio.c:245
  #5  0x4209F1B0 in __digitalRead at /Users/thomashoser/.platformio/packages/framework-arduinoespressif32-src-6cb0a29b74dc1d1bc6e83adba584d1d5/cores/esp32/esp32-hal-gpio.c:190
      (inlined by) __digitalRead at /Users/thomashoser/.platformio/packages/framework-arduinoespressif32-src-6cb0a29b74dc1d1bc6e83adba584d1d5/cores/esp32/esp32-hal-gpio.c:180
  #6  0x4208DDCD in ace_button::ButtonConfig::readButton(unsigned char) at .pio/libdeps/lilygo-t-display-s3/AceButton/src/ace_button/ButtonConfig.h:318
      (inlined by) ace_button::AceButton::check() at .pio/libdeps/lilygo-t-display-s3/AceButton/src/ace_button/AceButton.cpp:117
  #7  0x4200469F in loop() at src/main.cpp:318
  #8  0x420A2DD0 in loopTask(void*) at /Users/thomashoser/.platformio/packages/framework-arduinoespressif32-src-6cb0a29b74dc1d1bc6e83adba584d1d5/cores/esp32/main.cpp:82


[0;31mE (71014) task_wdt: Task watchdog got triggered. The following tasks/users did not reset the watchdog in time:[0m
[0;31mE (71014) task_wdt:  - IDLE1 (CPU 1)[0m
[0;31mE (71014) task_wdt: Tasks currently running:[0m
[0;31mE (71014) task_wdt: CPU 0: PeriodicTask[0m
[0;31mE (71014) task_wdt: CPU 1: loopTask[0m
[0;31mE (71014) task_wdt: Print CPU 1 backtrace[0m


Backtrace: 0x40376ABE:0x3FCA1C60 0x4037A0F9:0x3FCA1C80 0x400559DD:0x3FCEBEC0 0x40380FF2:0x3FCEBED0 0x4038035D:0x3FCEBEF0 0x420CA2D5:0x3FCEBF30 0x420CB3E7:0x3FCEBF50 0x420CB4D5:0x3FCEBF80 0x420CB85B:0x3FCEBFF0 0x420B69A2:0x3FCEC010 0x420B7FA7:0x3FCEC050 0x420B8092:0x3FCEC0B0 0x420078E9:0x3FCEC0D0 0x4208CAB6:0x3FCEC120 0x4200610D:0x3FCEC140 0x4200466F:0x3FCEC160 0x420A2DD0:0x3FCEC180
  #0  0x40376ABE in esp_crosscore_isr at /Users/thomashoser/.platformio/packages/framework-espidf@src-e55492bf35ec58abb1d0380572a1aa2a/components/esp_system/crosscore_int.c:74
  #1  0x3FCA1C60 in _xt_exception_table at ??:?
  #2  0x4037A0F9 in _xt_lowint1 at /Users/thomashoser/.platformio/packages/framework-espidf@src-e55492bf35ec58abb1d0380572a1aa2a/components/xtensa/xtensa_vectors.S:1240
  #3  0x3FCA1C80 in _xt_exception_table at /Users/thomashoser/.platformio/packages/framework-espidf@src-e55492bf35ec58abb1d0380572a1aa2a/components/freertos/FreeRTOS-Kernel/portable/xtensa/port.c:67
  #4  0x40380FF2 in vPortClearInterruptMaskFromISR at /Users/thomashoser/.platformio/packages/framework-espidf@src-e55492bf35ec58abb1d0380572a1aa2a/components/freertos/FreeRTOS-Kernel/portable/xtensa/include/freertos/portmacro.h:560
      (inlined by) vPortExitCritical at /Users/thomashoser/.platformio/packages/framework-espidf@src-e55492bf35ec58abb1d0380572a1aa2a/components/freertos/FreeRTOS-Kernel/portable/xtensa/port.c:514
  #5  0x4038035D in xQueueGenericSend at /Users/thomashoser/.platformio/packages/framework-espidf@src-e55492bf35ec58abb1d0380572a1aa2a/components/freertos/FreeRTOS-Kernel/queue.c:1056
  #6  0x420CA2D5 in sys_mutex_unlock at /Users/thomashoser/.platformio/packages/framework-espidf@src-e55492bf35ec58abb1d0380572a1aa2a/components/lwip/port/freertos/sys_arch.c:77
      (inlined by) sys_arch_unprotect at /Users/thomashoser/.platformio/packages/framework-espidf@src-e55492bf35ec58abb1d0380572a1aa2a/components/lwip/port/freertos/sys_arch.c:470
  #7  0x420CB3E7 in netconn_recv_data at /Users/thomashoser/.platformio/packages/framework-espidf@src-e55492bf35ec58abb1d0380572a1aa2a/components/lwip/lwip/src/api/api_lib.c:605 (discriminator 1)
  #8  0x420CB4D5 in netconn_recv_data_tcp at /Users/thomashoser/.platformio/packages/framework-espidf@src-e55492bf35ec58abb1d0380572a1aa2a/components/lwip/lwip/src/api/api_lib.c:730
  #9  0x420CB85B in netconn_recv_tcp_pbuf_flags at /Users/thomashoser/.platformio/packages/framework-espidf@src-e55492bf35ec58abb1d0380572a1aa2a/components/lwip/lwip/src/api/api_lib.c:811
  #10 0x420B69A2 in lwip_recv_tcp at /Users/thomashoser/.platformio/packages/framework-espidf@src-e55492bf35ec58abb1d0380572a1aa2a/components/lwip/lwip/src/api/sockets.c:990
  #11 0x420B7FA7 in lwip_recvfrom at /Users/thomashoser/.platformio/packages/framework-espidf@src-e55492bf35ec58abb1d0380572a1aa2a/components/lwip/lwip/src/api/sockets.c:1257
  #12 0x420B8092 in lwip_recv at /Users/thomashoser/.platformio/packages/framework-espidf@src-e55492bf35ec58abb1d0380572a1aa2a/components/lwip/lwip/src/api/sockets.c:1322
  #13 0x420078E9 in NetworkClient::connected() at /Users/thomashoser/.platformio/packages/framework-espidf@src-e55492bf35ec58abb1d0380572a1aa2a/components/lwip/include/lwip/sockets.h:60
      (inlined by) NetworkClient::connected() at /Users/thomashoser/.platformio/packages/framework-arduinoespressif32-src-6cb0a29b74dc1d1bc6e83adba584d1d5/libraries/Network/src/NetworkClient.cpp:558
  #14 0x4208CAB6 in MQTTClient::connected() at .pio/libdeps/lilygo-t-display-s3/MQTT/src/MQTTClient.cpp:497 (discriminator 1)
      (inlined by) MQTTClient::loop() at .pio/libdeps/lilygo-t-display-s3/MQTT/src/MQTTClient.cpp:464 (discriminator 1)
  #15 0x4200610D in loop_wifi() at src/wifiMgr.cpp:645
  #16 0x4200466F in loop() at src/main.cpp:310
  #17 0x420A2DD0 in loopTask(void*) at /Users/thomashoser/.platformio/packages/framework-arduinoespressif32-src-6cb0a29b74dc1d1bc6e83adba584d1d5/cores/esp32/main.cpp:82


