setup_read_file> /setup.ini processed
P_I2S_LRCK 43
P_I2S_BCLK 44
P_I2S_DATA 18
P_ENC0_A 10
P_ENC0_B 11
P_ENC0_BTN 12
P_ENC0_PWR 23
P_ADC_BAT 255
P_ADC_BAT 255
Volume 0
Radio 0: 1Live - http://wdr-1live-live.icecast.wdr.de/wdr/1live/live/mp3/128/stream.mp3
Radio 1: WDR2 - https://wdr-edge-301b-dus-ts-cdn.cast.addradio.de/wdr/wdr2/rheinland/mp3/128/stream.mp3
Radio 2: SWR3 - http://mp3-live.swr3.de/swr3_m.m3u
Radio 3: bigFM - http://streams.bigfm.de/hmr-128-mp3
wifi::setup_wifi> default clientID: ESP32_1606964
[0;31m[  5344][E][Preferences.cpp:506] getString(): nvs_get_str len fail: mqtt_clientID NOT_FOUND[0m
[0;31m[  5353][E][Preferences.cpp:506] getString(): nvs_get_str len fail: mqtt_server NOT_FOUND[0m
[0;31m[  5362][E][Preferences.cpp:506] getString(): nvs_get_str len fail: mqtt_port NOT_FOUND[0m
[0;31m[  5371][E][Preferences.cpp:506] getString(): nvs_get_str len fail: mqtt_prefix NOT_FOUND[0m
wifi::setup_wifi_preferences> mqtt_clientID ESP32_6666
wifi::setup_wifi_preferences> mqtt_server   192.168.178.20
wifi::setup_wifi_preferences> mqtt_port     1883
wifi::setup_wifi_preferences> mqtt_prefix   house/
*WM: Adding parameter
*WM: server
*WM: Adding parameter
*WM: port
*WM: Adding parameter
*WM: clientID
*WM: Adding parameter
*WM: prefix
*WM: 
*WM: AutoConnect Try No.:
*WM: 0
*WM: Connecting as wifi client...
*WM: Try to connect with saved credentials
[0;31m[  5435][E][STA.cpp:347] connect(): STA connect failed! 0x300a: ESP_ERR_WIFI_SSID[0m
*WM: Waiting for connection result with time out
*WM: Connection timed out
*WM: Connection result: 
*WM: 6
*WM: SET AP STA
*WM: 
*WM: Configuring access point... 
*WM: ESP32-AP
*WM: password
*WM: AP IP address: 
*WM: 192.168.4.1
*WM: HTTP server started
*WM: About to scan()
[0;33m[ 11149][W][STA.cpp:543] disconnect(): STA already disconnected.[0m
*WM: About to scan()
*WM: Scan done
*WM: DUP AP: A-Team
*WM: DUP AP: A-Team
[0;31m[ 14163][E][STA.cpp:347] connect(): STA connect failed! 0x300a: ESP_ERR_WIFI_SSID[0m
