-------------------------------------------------------- wifi init th
Display> begin() ... [0;31m[  1050][E][esp32-hal-gpio.c:176] __digitalWrite(): IO 38 is not set as GPIO. Execute digitalMode(38, OUTPUT) first.[0m
Screen size 320 * 170 complete
Listing directory: /
  FILE: fallbackCover.jpg  SIZE: 14385  LAST WRITE: 2025-10-13 13:43:36
  FILE: favicon.ico  SIZE: 1150  LAST WRITE: 2025-10-13 13:43:36
  FILE: index.html  SIZE: 1640  LAST WRITE: 2025-10-13 13:43:36
  FILE: main.js  SIZE: 12701  LAST WRITE: 2025-10-13 13:43:36
  FILE: radio.html  SIZE: 1029  LAST WRITE: 2025-10-13 13:43:36
  FILE: radio.js  SIZE: 3955  LAST WRITE: 2025-10-13 13:43:36
  FILE: setup.ini  SIZE: 1672  LAST WRITE: 2025-10-13 13:43:36
  FILE: style.css  SIZE: 7361  LAST WRITE: 2025-10-13 13:43:36
setup_read_file> reading /setup.ini
[4]> RadioName = 1Live
[5]> RadioURL = http://wdr-1live-live.icecast.wdr.de/wdr/1live/live/mp3/128/stream.mp3
[6]> RadioTitleSeperator = -
[7]> RadioTitleFirst = Artist
[9]> RadioName = WDR2
[10]> RadioURL = https://wdr-edge-301b-dus-ts-cdn.cast.addradio.de/wdr/wdr2/rheinland/mp3/128/stream.mp3
[12]> RadioName = SWR3
[13]> RadioURL = http://mp3-live.swr3.de/swr3_m.m3u
[14]> RadioTitleSeperator = /
[15]> RadioTitleFirst = Song
[17]> RadioName = bigFM
[18]> RadioURL = http://streams.bigfm.de/hmr-128-mp3
[19]> RadioTitleSeperator = -
[20]> RadioTitleFirst = Artist
[22]> RadioName = ffn
[23]> RadioURL = http://player.ffn.de/ffn.mp3
[24]> RadioTitleSeperator = -
[25]> RadioTitleFirst = Artist
[27]> RadioName = 1Live - Neu fuer den Sektor
[28]> RadioURL = http://wdr-1live-neufuerdensektor.icecast.wdr.de/wdr/1live/neufuerdensektor/mp3/128/stream.mp3
[29]> RadioTitleSeperator = -
[30]> RadioTitleFirst = Artist
[32]> RadioName = 1live - FritzBox
[33]> RadioURL = http://192.168.178.1:49200/ST/AUDIO/DLNA-1-0/wdr-1live-live.icecast.wdr.de/wdr/1live/live/mp3/128/stream.mp3
[34]> RadioTitleSeperator = -
[35]> RadioTitleFirst = Artist
[37]> RadioName = ffh - FritzBox
[38]> RadioURL = http://192.168.178.1:49200/ST/AUDIO/DLNA-1-0/mp3.ffh.de/radioffh/hqlivestream.mp3
[39]> RadioTitleSeperator = -
[40]> RadioTitleFirst = Artist
setup_read_file> /setup.ini processed
P_I2S_LRCK 43
P_I2S_BCLK 44
P_I2S_DATA 18
P_ENC0_A 10
P_ENC0_B 11
P_ENC0_BTN 12
P_ENC0_PWR 23
P_ADC_BAT 255
P_ADC_BAT 255
Volume 0
Radio 0: 1Live - http://wdr-1live-live.icecast.wdr.de/wdr/1live/live/mp3/128/stream.mp3
Radio 1: WDR2 - https://wdr-edge-301b-dus-ts-cdn.cast.addradio.de/wdr/wdr2/rheinland/mp3/128/stream.mp3
Radio 2: SWR3 - http://mp3-live.swr3.de/swr3_m.m3u
Radio 3: bigFM - http://streams.bigfm.de/hmr-128-mp3
wifi::setup_wifi> default clientID: ESP32_1606964
[0;31m[  2177][E][Preferences.cpp:506] getString(): nvs_get_str len fail: mqtt_clientID NOT_FOUND[0m
[0;31m[  2186][E][Preferences.cpp:506] getString(): nvs_get_str len fail: mqtt_server NOT_FOUND[0m
[0;31m[  2195][E][Preferences.cpp:506] getString(): nvs_get_str len fail: mqtt_port NOT_FOUND[0m
[0;31m[  2204][E][Preferences.cpp:506] getString(): nvs_get_str len fail: mqtt_prefix NOT_FOUND[0m
wifi::setup_wifi_preferences> mqtt_clientID ESP32_6666
wifi::setup_wifi_preferences> mqtt_server   192.168.178.20
wifi::setup_wifi_preferences> mqtt_port     1883
wifi::setup_wifi_preferences> mqtt_prefix   house/
*WM: Adding parameter
*WM: server
*WM: Adding parameter
*WM: port
*WM: Adding parameter
*WM: clientID
*WM: Adding parameter
*WM: prefix
*WM: 
*WM: AutoConnect Try No.:
*WM: 0
*WM: Connecting as wifi client...
*WM: Try to connect with saved credentials
[0;31m[  2279][E][STA.cpp:347] connect(): STA connect failed! 0x300a: ESP_ERR_WIFI_SSID[0m
*WM: Waiting for connection result with time out
*WM: Connection timed out
*WM: Connection result: 
*WM: 6
*WM: SET AP STA
*WM: 
*WM: Configuring access point... 
*WM: ESP32-AP
*WM: password
*WM: AP IP address: 
*WM: 192.168.4.1
*WM: HTTP server started
*WM: About to scan()
[0;33m[  8066][W][STA.cpp:543] disconnect(): STA already disconnected.[0m
*WM: About to scan()
*WM: Scan done
*WM: DUP AP: A-Team
*WM: DUP AP: A-Team
[0;31m[ 11080][E][STA.cpp:347] connect(): STA connect failed! 0x300a: ESP_ERR_WIFI_SSID[0m
[0;31mE (34840) task_wdt: Task watchdog got triggered. The following tasks/users did not reset the watchdog in time:[0m
[0;31mE (34840) task_wdt:  - IDLE1 (CPU 1)[0m
[0;31mE (34840) task_wdt: Tasks currently running:[0m
[0;31mE (34840) task_wdt: CPU 0: IDLE0[0m
[0;31mE (34840) task_wdt: CPU 1: loopTask[0m
[0;31mE (34840) task_wdt: Print CPU 1 backtrace[0m


Backtrace: 0x40376ABE:0x3FCA1C70 0x4037A0F9:0x3FCA1C90 0x40381170:0x3FCEBBE0 0x420A41BA:0x3FCEBC00 0x4209BB8D:0x3FCEBC20 0x4209BCFF:0x3FCEBC60 0x42006321:0x3FCEBCC0 0x4200467A:0x3FCEBEF0 0x420A7E0C:0x3FCEBF10
  #0  0x40376ABE in esp_crosscore_isr at /Users/thomashoser/.platformio/packages/framework-espidf@src-e55492bf35ec58abb1d0380572a1aa2a/components/esp_system/crosscore_int.c:74
  #1  0x3FCA1C70 in _xt_exception_table at ??:?
  #2  0x4037A0F9 in _xt_lowint1 at /Users/thomashoser/.platformio/packages/framework-espidf@src-e55492bf35ec58abb1d0380572a1aa2a/components/xtensa/xtensa_vectors.S:1240
  #3  0x3FCA1C90 in _xt_exception_table at /Users/thomashoser/.platformio/packages/framework-espidf@src-e55492bf35ec58abb1d0380572a1aa2a/components/freertos/FreeRTOS-Kernel/portable/xtensa/port.c:67
  #4  0x40381170 in _frxt_dispatch at /Users/thomashoser/.platformio/packages/framework-espidf@src-e55492bf35ec58abb1d0380572a1aa2a/components/freertos/FreeRTOS-Kernel/portable/xtensa/portasm.S:484
  #5  0x420A41BA in __yield at /Users/thomashoser/.platformio/packages/framework-arduinoespressif32-src-6cb0a29b74dc1d1bc6e83adba584d1d5/cores/esp32/esp32-hal-misc.c:118
  #6  0x4209BB8D in AsyncWiFiManager::startConfigPortal(char const*, char const*) at .pio/libdeps/lilygo-t-display-s3/ESPAsyncWiFiManager/src/ESPAsyncWiFiManager.cpp:678
  #7  0x4209BCFF in AsyncWiFiManager::autoConnect(char const*, char const*, unsigned long, unsigned long) at .pio/libdeps/lilygo-t-display-s3/ESPAsyncWiFiManager/src/ESPAsyncWiFiManager.cpp:288
  #8  0x42006321 in setup_wifi() at src/wifiMgr.cpp:683
  #9  0x4200467A in setup() at src/main.cpp:287
  #10 0x420A7E0C in loopTask(void*) at /Users/thomashoser/.platformio/packages/framework-arduinoespressif32-src-6cb0a29b74dc1d1bc6e83adba584d1d5/cores/esp32/main.cpp:67


*WM: About to scan()
[0;33m[ 21088][W][STA.cpp:543] disconnect(): STA already disconnected.[0m
*WM: About to scan()
*WM: Scan done
*WM: DUP AP: A-Team
*WM: DUP AP: A-Team
[0;31m[ 24301][E][STA.cpp:347] connect(): STA connect failed! 0x300a: ESP_ERR_WIFI_SSID[0m
[0;31mE (47861) task_wdt: Task watchdog got triggered. The following tasks/users did not reset the watchdog in time:[0m
[0;31mE (47861) task_wdt:  - IDLE1 (CPU 1)[0m
[0;31mE (47861) task_wdt: Tasks currently running:[0m
[0;31mE (47861) task_wdt: CPU 0: IDLE0[0m
[0;31mE (47861) task_wdt: CPU 1: loopTask[0m
[0;31mE (47861) task_wdt: Print CPU 1 backtrace[0m


Backtrace: 0x40376ABE:0x3FCA1C70 0x4037A0F9:0x3FCA1C90 0x403811CF:0x3FCEBBE0 0x403811CA:0x3FCEBC00 0x4209BB8D:0x3FCEBC20 0x4209BCFF:0x3FCEBC60 0x42006321:0x3FCEBCC0 0x4200467A:0x3FCEBEF0 0x420A7E0C:0x3FCEBF10
  #0  0x40376ABE in esp_crosscore_isr at /Users/thomashoser/.platformio/packages/framework-espidf@src-e55492bf35ec58abb1d0380572a1aa2a/components/esp_system/crosscore_int.c:74
  #1  0x3FCA1C70 in _xt_exception_table at ??:?
  #2  0x4037A0F9 in _xt_lowint1 at /Users/thomashoser/.platformio/packages/framework-espidf@src-e55492bf35ec58abb1d0380572a1aa2a/components/xtensa/xtensa_vectors.S:1240
  #3  0x3FCA1C90 in _xt_exception_table at /Users/thomashoser/.platformio/packages/framework-espidf@src-e55492bf35ec58abb1d0380572a1aa2a/components/freertos/FreeRTOS-Kernel/portable/xtensa/port.c:67
  #4  0x403811CF in vPortYield at /Users/thomashoser/.platformio/packages/framework-espidf@src-e55492bf35ec58abb1d0380572a1aa2a/components/freertos/FreeRTOS-Kernel/portable/xtensa/portasm.S:578
  #5  0x403811CA in vPortYield at /Users/thomashoser/.platformio/packages/framework-espidf@src-e55492bf35ec58abb1d0380572a1aa2a/components/freertos/FreeRTOS-Kernel/portable/xtensa/portasm.S:576
  #6  0x4209BB8D in AsyncWiFiManager::startConfigPortal(char const*, char const*) at .pio/libdeps/lilygo-t-display-s3/ESPAsyncWiFiManager/src/ESPAsyncWiFiManager.cpp:678
  #7  0x4209BCFF in AsyncWiFiManager::autoConnect(char const*, char const*, unsigned long, unsigned long) at .pio/libdeps/lilygo-t-display-s3/ESPAsyncWiFiManager/src/ESPAsyncWiFiManager.cpp:288
  #8  0x42006321 in setup_wifi() at src/wifiMgr.cpp:683
  #9  0x4200467A in setup() at src/main.cpp:287
  #10 0x420A7E0C in loopTask(void*) at /Users/thomashoser/.platformio/packages/framework-arduinoespressif32-src-6cb0a29b74dc1d1bc6e83adba584d1d5/cores/esp32/main.cpp:67


*WM: About to scan()
[0;33m[ 34310][W][STA.cpp:543] disconnect(): STA already disconnected.[0m
*WM: About to scan()
*WM: Scan done
*WM: DUP AP: A-Team
*WM: DUP AP: A-Team
[0;31m[ 37324][E][STA.cpp:347] connect(): STA connect failed! 0x300a: ESP_ERR_WIFI_SSID[0m
[0;31mE (60534) task_wdt: Task watchdog got triggered. The following tasks/users did not reset the watchdog in time:[0m
[0;31mE (60534) task_wdt:  - IDLE1 (CPU 1)[0m
[0;31mE (60534) task_wdt: Tasks currently running:[0m
[0;31mE (60534) task_wdt: CPU 0: IDLE0[0m
[0;31mE (60534) task_wdt: CPU 1: loopTask[0m
[0;31mE (60534) task_wdt: Print CPU 1 backtrace[0m


Backtrace: 0x40376ABE:0x3FCA1C70 0x4037A0F9:0x3FCA1C90 0x403811CF:0x3FCEBBE0 0x403811CA:0x3FCEBC00 0x4209BB8D:0x3FCEBC20 0x4209BCFF:0x3FCEBC60 0x42006321:0x3FCEBCC0 0x4200467A:0x3FCEBEF0 0x420A7E0C:0x3FCEBF10
  #0  0x40376ABE in esp_crosscore_isr at /Users/thomashoser/.platformio/packages/framework-espidf@src-e55492bf35ec58abb1d0380572a1aa2a/components/esp_system/crosscore_int.c:74
  #1  0x3FCA1C70 in _xt_exception_table at ??:?
  #2  0x4037A0F9 in _xt_lowint1 at /Users/thomashoser/.platformio/packages/framework-espidf@src-e55492bf35ec58abb1d0380572a1aa2a/components/xtensa/xtensa_vectors.S:1240
  #3  0x3FCA1C90 in _xt_exception_table at /Users/thomashoser/.platformio/packages/framework-espidf@src-e55492bf35ec58abb1d0380572a1aa2a/components/freertos/FreeRTOS-Kernel/portable/xtensa/port.c:67
  #4  0x403811CF in vPortYield at /Users/thomashoser/.platformio/packages/framework-espidf@src-e55492bf35ec58abb1d0380572a1aa2a/components/freertos/FreeRTOS-Kernel/portable/xtensa/portasm.S:578
  #5  0x403811CA in vPortYield at /Users/thomashoser/.platformio/packages/framework-espidf@src-e55492bf35ec58abb1d0380572a1aa2a/components/freertos/FreeRTOS-Kernel/portable/xtensa/portasm.S:576
  #6  0x4209BB8D in AsyncWiFiManager::startConfigPortal(char const*, char const*) at .pio/libdeps/lilygo-t-display-s3/ESPAsyncWiFiManager/src/ESPAsyncWiFiManager.cpp:678
  #7  0x4209BCFF in AsyncWiFiManager::autoConnect(char const*, char const*, unsigned long, unsigned long) at .pio/libdeps/lilygo-t-display-s3/ESPAsyncWiFiManager/src/ESPAsyncWiFiManager.cpp:288
  #8  0x42006321 in setup_wifi() at src/wifiMgr.cpp:683
  #9  0x4200467A in setup() at src/main.cpp:287
  #10 0x420A7E0C in loopTask(void*) at /Users/thomashoser/.platformio/packages/framework-arduinoespressif32-src-6cb0a29b74dc1d1bc6e83adba584d1d5/cores/esp32/main.cpp:67


*WM: About to scan()
[0;33m[ 47332][W][STA.cpp:543] disconnect(): STA already disconnected.[0m
*WM: About to scan()
*WM: Scan done
*WM: DUP AP: A-Team
*WM: DUP AP: A-Team
