-------------------------------------------------------- wifi init th
Display> begin() ... [0;31m[  1056][E][esp32-hal-gpio.c:176] __digitalWrite(): IO 38 is not set as GPIO. Execute digitalMode(38, OUTPUT) first.[0m
Screen size 320 * 170 complete
Listing directory: /
  FILE: fallbackCover.jpg  SIZE: 14385  LAST WRITE: 2025-10-13 13:43:36
  FILE: favicon.ico  SIZE: 1150  LAST WRITE: 2025-10-13 13:43:36
  FILE: index.html  SIZE: 1640  LAST WRITE: 2025-10-13 13:43:36
  FILE: main.js  SIZE: 12701  LAST WRITE: 2025-10-13 13:43:36
  FILE: radio.html  SIZE: 1029  LAST WRITE: 2025-10-13 13:43:36
  FILE: radio.js  SIZE: 3955  LAST WRITE: 2025-10-13 13:43:36
  FILE: setup.ini  SIZE: 1672  LAST WRITE: 2025-10-13 13:43:36
  FILE: style.css  SIZE: 7361  LAST WRITE: 2025-10-13 13:43:36
setup_read_file> reading /setup.ini
[4]> RadioName = 1Live
[5]> RadioURL = http://wdr-1live-live.icecast.wdr.de/wdr/1live/live/mp3/128/stream.mp3
[6]> RadioTitleSeperator = -
[7]> RadioTitleFirst = Artist
[9]> RadioName = WDR2
[10]> RadioURL = https://wdr-edge-301b-dus-ts-cdn.cast.addradio.de/wdr/wdr2/rheinland/mp3/128/stream.mp3
[12]> RadioName = SWR3
[13]> RadioURL = http://mp3-live.swr3.de/swr3_m.m3u
[14]> RadioTitleSeperator = /
[15]> RadioTitleFirst = Song
[17]> RadioName = bigFM
[18]> RadioURL = http://streams.bigfm.de/hmr-128-mp3
[19]> RadioTitleSeperator = -
[20]> RadioTitleFirst = Artist
[22]> RadioName = ffn
[23]> RadioURL = http://player.ffn.de/ffn.mp3
[24]> RadioTitleSeperator = -
[25]> RadioTitleFirst = Artist
[27]> RadioName = 1Live - Neu fuer den Sektor
[28]> RadioURL = http://wdr-1live-neufuerdensektor.icecast.wdr.de/wdr/1live/neufuerdensektor/mp3/128/stream.mp3
[29]> RadioTitleSeperator = -
[30]> RadioTitleFirst = Artist
[32]> RadioName = 1live - FritzBox
[33]> RadioURL = http://192.168.178.1:49200/ST/AUDIO/DLNA-1-0/wdr-1live-live.icecast.wdr.de/wdr/1live/live/mp3/128/stream.mp3
[34]> RadioTitleSeperator = -
[35]> RadioTitleFirst = Artist
[37]> RadioName = ffh - FritzBox
[38]> RadioURL = http://192.168.178.1:49200/ST/AUDIO/DLNA-1-0/mp3.ffh.de/radioffh/hqlivestream.mp3
[39]> RadioTitleSeperator = -
[40]> RadioTitleFirst = Artist
setup_read_file> /setup.ini processed
P_I2S_LRCK 43
P_I2S_BCLK 44
P_I2S_DATA 18
P_ENC0_A 10
P_ENC0_B 11
P_ENC0_BTN 12
P_ENC0_PWR 23
P_ADC_BAT 255
P_ADC_BAT 255
Volume 0
Radio 0: 1Live - http://wdr-1live-live.icecast.wdr.de/wdr/1live/live/mp3/128/stream.mp3
Radio 1: WDR2 - https://wdr-edge-301b-dus-ts-cdn.cast.addradio.de/wdr/wdr2/rheinland/mp3/128/stream.mp3
Radio 2: SWR3 - http://mp3-live.swr3.de/swr3_m.m3u
Radio 3: bigFM - http://streams.bigfm.de/hmr-128-mp3
[0;31mE (5228) adc_common: adc_io_to_channel(28): invalid gpio number[0m
[0;31m[  5231][E][esp32-hal-adc.c:267] __analogRead(): Pin 255 is not ADC pin![0m
readVoltage> Voltage 0.00
wifi::setup_wifi> default clientID: ESP32_1606964
[0;31m[  5246][E][Preferences.cpp:506] getString(): nvs_get_str len fail: mqtt_clientID NOT_FOUND[0m
[0;31m[  5255][E][Preferences.cpp:506] getString(): nvs_get_str len fail: mqtt_server NOT_FOUND[0m
[0;31m[  5264][E][Preferences.cpp:506] getString(): nvs_get_str len fail: mqtt_port NOT_FOUND[0m
[0;31m[  5273][E][Preferences.cpp:506] getString(): nvs_get_str len fail: mqtt_prefix NOT_FOUND[0m
wifi::setup_wifi_preferences> mqtt_clientID ESP32_6666
wifi::setup_wifi_preferences> mqtt_server   192.168.178.20
wifi::setup_wifi_preferences> mqtt_port     1883
wifi::setup_wifi_preferences> mqtt_prefix   house/
*WM: Adding parameter
*WM: server
*WM: Adding parameter
*WM: port
*WM: Adding parameter
*WM: clientID
*WM: Adding parameter
*WM: prefix
*WM: 
*WM: AutoConnect Try No.:
*WM: 0
*WM: Connecting as wifi client...
*WM: Try to connect with saved credentials
[0;31m[  5337][E][STA.cpp:347] connect(): STA connect failed! 0x300a: ESP_ERR_WIFI_SSID[0m
*WM: Waiting for connection result with time out
