-------------------------------------------------------- setup
Display> begin() ... Screen size 320 * 170 complete
Listing directory: /
  FILE: fallbackCover.jpg  SIZE: 14385  LAST WRITE: 2025-10-13 13:43:36
  FILE: favicon.ico  SIZE: 1150  LAST WRITE: 2025-10-13 13:43:36
  FILE: index.html  SIZE: 1640  LAST WRITE: 2025-10-13 13:43:36
  FILE: main.js  SIZE: 12701  LAST WRITE: 2025-10-13 13:43:36
  FILE: radio.html  SIZE: 1029  LAST WRITE: 2025-10-13 13:43:36
  FILE: radio.js  SIZE: 3955  LAST WRITE: 2025-10-13 13:43:36
  FILE: setup.ini  SIZE: 1672  LAST WRITE: 2025-10-13 13:43:36
  FILE: style.css  SIZE: 7361  LAST WRITE: 2025-10-13 13:43:36
setup_read_file> reading /setup.ini
[4]> RadioName = 1Live
[5]> RadioURL = http://wdr-1live-live.icecast.wdr.de/wdr/1live/live/mp3/128/stream.mp3
[6]> RadioTitleSeperator = -
[7]> RadioTitleFirst = Artist
[9]> RadioName = WDR2
[10]> RadioURL = https://wdr-edge-301b-dus-ts-cdn.cast.addradio.de/wdr/wdr2/rheinland/mp3/128/stream.mp3
[12]> RadioName = SWR3
[13]> RadioURL = http://mp3-live.swr3.de/swr3_m.m3u
[14]> RadioTitleSeperator = /
[15]> RadioTitleFirst = Song
[17]> RadioName = bigFM
[18]> RadioURL = http://streams.bigfm.de/hmr-128-mp3
[19]> RadioTitleSeperator = -
[20]> RadioTitleFirst = Artist
[22]> RadioName = ffn
[23]> RadioURL = http://player.ffn.de/ffn.mp3
[24]> RadioTitleSeperator = -
[25]> RadioTitleFirst = Artist
[27]> RadioName = 1Live - Neu fuer den Sektor
[28]> RadioURL = http://wdr-1live-neufuerdensektor.icecast.wdr.de/wdr/1live/neufuerdensektor/mp3/128/stream.mp3
[29]> RadioTitleSeperator = -
[30]> RadioTitleFirst = Artist
[32]> RadioName = 1live - FritzBox
[33]> RadioURL = http://192.168.178.1:49200/ST/AUDIO/DLNA-1-0/wdr-1live-live.icecast.wdr.de/wdr/1live/live/mp3/128/stream.mp3
[34]> RadioTitleSeperator = -
[35]> RadioTitleFirst = Artist
[37]> RadioName = ffh - FritzBox
[38]> RadioURL = http://192.168.178.1:49200/ST/AUDIO/DLNA-1-0/mp3.ffh.de/radioffh/hqlivestream.mp3
[39]> RadioTitleSeperator = -
[40]> RadioTitleFirst = Artist
setup_read_file> /setup.ini processed
P_I2S_LRCK 43
P_I2S_BCLK 44
P_I2S_DATA 18
P_ENC0_A 10
P_ENC0_B 11
P_ENC0_BTN 12
P_ENC0_PWR 13
P_ADC_BAT 255
P_ADC_BAT 255
Volume 0
Radio 0: 1Live - http://wdr-1live-live.icecast.wdr.de/wdr/1live/live/mp3/128/stream.mp3
Radio 1: WDR2 - https://wdr-edge-301b-dus-ts-cdn.cast.addradio.de/wdr/wdr2/rheinland/mp3/128/stream.mp3
Radio 2: SWR3 - http://mp3-live.swr3.de/swr3_m.m3u
Radio 3: bigFM - http://streams.bigfm.de/hmr-128-mp3
wifi::setup_wifi> default clientID: ESP32_1606964
wifi::setup_wifi_preferences> read nvs
wifi::setup_wifi_preferences> mqtt_clientID ESP32_1606964
wifi::setup_wifi_preferences> mqtt_server   192.168.178.20
wifi::setup_wifi_preferences> mqtt_port     1883
wifi::setup_wifi_preferences> mqtt_prefix   house/
setup>> WiFi connected
wifi::mqtt_set_topics
tele> house/tele/ESP32_1606964
stat> house/stat/ESP32_1606964
cmnd> house/cmnd/ESP32_1606964
subscribe> house/cmnd/ESP32_1606964/#
wifi::mqtt_init> > MQTT: mqtt.begin
MQTT: connected
setup_webServer> Inizializing FS...[0;33m[  3786][W][LittleFS.cpp:58] begin(): LittleFS Already Mounted![0m
done.
HTTP server started

-------------------------------- Get System Info------------------------------------------
Heap: Free:161827, Min:161727, Size:354363, Alloc:86016
wifi> WiFi SSID: A-Team
wifi> IP address: 192.168.178.151
 (-79 db) wifi> signal    : 2 = -79 dBm
NTP> Saturday, October 18 2025 16:04:24
18.10.2025 16:04:24
audio::setup_preferences> Preset 0
audio::setup_preferences> Volume 10
audio::setup_preferences> Number of restart times: 1
setup_audio> begin

-------------------------------- Staion Select ------------------------------------------
audio::station_select> requested preset 1 of 8
audio::station_select> Preset 1 : http://wdr-1live-live.icecast.wdr.de/wdr/1live/live/mp3/128/stream.mp3
audio::station_select> au.radioTitleSeperator -
audio::station_select> au.radioArtistFirst 1
audio::station_select> presetNo 1
audio::station_select> mqtt publish >1<

-------------------------------- Get System Info------------------------------------------
Heap: Free:161735, Min:161499, Size:354363, Alloc:86016
audio::station_select> set volume (0)
audio::station_select> URL >http://wdr-1live-live.icecast.wdr.de/wdr/1live/live/mp3/128/stream.mp3<
audio::station_select> conected<
audio::station_select> mqtt publish >1Live<
audio::station_select> mqtt wsSendArtistTitle 1Live /  
wifi::wsSendArtistTitle> SongTitle >< (len: 0) Artist >1Live<
wifi::wsSendTuner> Preset 1 , Volume 10
main::main_displayUpdate
main::displayReset
myDisplay::clear
listDir::Listing directory> /
  FILE: fallbackCover.jpg  SIZE: 14385  LAST WRITE: 2025-10-13 15:43:36
  FILE: favicon.ico  SIZE: 1150  LAST WRITE: 2025-10-13 15:43:36
  FILE: index.html  SIZE: 1640  LAST WRITE: 2025-10-13 15:43:36
  FILE: main.js  SIZE: 12701  LAST WRITE: 2025-10-13 15:43:36
  FILE: radio.html  SIZE: 1029  LAST WRITE: 2025-10-13 15:43:36
  FILE: radio.js  SIZE: 3955  LAST WRITE: 2025-10-13 15:43:36
  FILE: setup.ini  SIZE: 1672  LAST WRITE: 2025-10-13 15:43:36
  FILE: style.css  SIZE: 7361  LAST WRITE: 2025-10-13 15:43:36
rotary::setup_rotary> done
myDisplay::clear
 (-79 db) wifi> signal    : 2 = -79 dBm
NTP-Value Time: 16:04 / Date: 18.10.
myDisplay::Gui1 drawstring >16:04<
[0;31mE (25793) task_wdt: Task watchdog got triggered. The following tasks/users did not reset the watchdog in time:[0m
[0;31mE (25793) task_wdt:  - IDLE1 (CPU 1)[0m
[0;31mE (25793) task_wdt: Tasks currently running:[0m
[0;31mE (25793) task_wdt: CPU 0: IDLE0[0m
[0;31mE (25793) task_wdt: CPU 1: loopTask[0m
[0;31mE (25793) task_wdt: Print CPU 1 backtrace[0m


Backtrace: 0x40376ABE:0x3FCA1C60 0x4037A0F9:0x3FCA1C80 0x4208DE2A:0x3FCEBEB0 0x4208DE65:0x3FCEBED0 0x420046A8:0x3FCEBEF0 0x420A3850:0x3FCEBF10
  #0  0x40376ABE in esp_crosscore_isr at /Users/thomashoser/.platformio/packages/framework-espidf@src-e55492bf35ec58abb1d0380572a1aa2a/components/esp_system/crosscore_int.c:74
  #1  0x3FCA1C60 in _xt_exception_table at ??:?
  #2  0x4037A0F9 in _xt_lowint1 at /Users/thomashoser/.platformio/packages/framework-espidf@src-e55492bf35ec58abb1d0380572a1aa2a/components/xtensa/xtensa_vectors.S:1240
  #3  0x3FCA1C80 in _xt_exception_table at /Users/thomashoser/.platformio/packages/framework-espidf@src-e55492bf35ec58abb1d0380572a1aa2a/components/freertos/FreeRTOS-Kernel/portable/xtensa/port.c:67
  #4  0x4208DE2A in ace_button::AceButton::checkState(unsigned char) at .pio/libdeps/lilygo-t-display-s3/AceButton/src/ace_button/AceButton.cpp:137
  #5  0x4208DE65 in ace_button::AceButton::check() at .pio/libdeps/lilygo-t-display-s3/AceButton/src/ace_button/AceButton.cpp:118
  #6  0x420046A8 in loop() at src/main.cpp:350
  #7  0x420A3850 in loopTask(void*) at /Users/thomashoser/.platformio/packages/framework-arduinoespressif32-src-6cb0a29b74dc1d1bc6e83adba584d1d5/cores/esp32/main.cpp:82


[0;31mE (35793) task_wdt: Task watchdog got triggered. The following tasks/users did not reset the watchdog in time:[0m
[0;31mE (35793) task_wdt:  - IDLE1 (CPU 1)[0m
[0;31mE (35793) task_wdt: Tasks currently running:[0m
[0;31mE (35793) task_wdt: CPU 0: IDLE0[0m
[0;31mE (35793) task_wdt: CPU 1: loopTask[0m
[0;31mE (35793) task_wdt: Print CPU 1 backtrace[0m


Backtrace: 0x40376ABE:0x3FCA1C60 0x4037A0F9:0x3FCA1C80 0x420B8971:0x3FCEBDF0 0x42007AE2:0x3FCEBE10 0x4202AE1E:0x3FCEBE50 0x4202D08F:0x3FCEBE80 0x4200414E:0x3FCEBEC0 0x42004699:0x3FCEBEF0 0x420A3850:0x3FCEBF10
  #0  0x40376ABE in esp_crosscore_isr at /Users/thomashoser/.platformio/packages/framework-espidf@src-e55492bf35ec58abb1d0380572a1aa2a/components/esp_system/crosscore_int.c:74
  #1  0x3FCA1C60 in _xt_exception_table at ??:?
  #2  0x4037A0F9 in _xt_lowint1 at /Users/thomashoser/.platformio/packages/framework-espidf@src-e55492bf35ec58abb1d0380572a1aa2a/components/xtensa/xtensa_vectors.S:1240
  #3  0x3FCA1C80 in _xt_exception_table at /Users/thomashoser/.platformio/packages/framework-espidf@src-e55492bf35ec58abb1d0380572a1aa2a/components/freertos/FreeRTOS-Kernel/portable/xtensa/port.c:67
  #4  0x420B8971 in lwip_ioctl at /Users/thomashoser/.platformio/packages/framework-espidf@src-e55492bf35ec58abb1d0380572a1aa2a/components/lwip/lwip/src/api/sockets.c:3878
  #5  0x42007AE2 in NetworkClientRxBuffer::r_available() at /Users/thomashoser/.platformio/packages/framework-arduinoespressif32-src-6cb0a29b74dc1d1bc6e83adba584d1d5/libraries/Network/src/NetworkClient.cpp:54
      (inlined by) NetworkClientRxBuffer::available() at /Users/thomashoser/.platformio/packages/framework-arduinoespressif32-src-6cb0a29b74dc1d1bc6e83adba584d1d5/libraries/Network/src/NetworkClient.cpp:148
      (inlined by) NetworkClient::available() at /Users/thomashoser/.platformio/packages/framework-arduinoespressif32-src-6cb0a29b74dc1d1bc6e83adba584d1d5/libraries/Network/src/NetworkClient.cpp:538
  #6  0x4202AE1E in Audio::processWebStream() at .pio/libdeps/lilygo-t-display-s3/ESP32-audioI2S/src/Audio.cpp:3910 (discriminator 1)
  #7  0x4202D08F in Audio::loop() at .pio/libdeps/lilygo-t-display-s3/ESP32-audioI2S/src/Audio.cpp:3243 (discriminator 1)
  #8  0x4200414E in loop_audio() at src/audio.cpp:770
  #9  0x42004699 in loop() at src/main.cpp:347
  #10 0x420A3850 in loopTask(void*) at /Users/thomashoser/.platformio/packages/framework-arduinoespressif32-src-6cb0a29b74dc1d1bc6e83adba584d1d5/cores/esp32/main.cpp:82


[0;31mE (45793) task_wdt: Task watchdog got triggered. The following tasks/users did not reset the watchdog in time:[0m
[0;31mE (45793) task_wdt:  - IDLE1 (CPU 1)[0m
[0;31mE (45793) task_wdt: Tasks currently running:[0m
[0;31mE (45793) task_wdt: CPU 0: PeriodicTask[0m
[0;31mE (45793) task_wdt: CPU 1: loopTask[0m
[0;31mE (45793) task_wdt: Print CPU 1 backtrace[0m


Backtrace: 0x40376ABE:0x3FCA1C60 0x4037A0F9:0x3FCA1C80 0x400559DD:0x3FCEBD40 0x4038315F:0x3FCEBD50 0x40380741:0x3FCEBD70 0x420CA2A1:0x3FCEBDB0 0x420B6C7F:0x3FCEBDD0 0x420B8978:0x3FCEBDF0 0x42007AE2:0x3FCEBE10 0x4202AE1E:0x3FCEBE50 0x4202D08F:0x3FCEBE80 0x4200414E:0x3FCEBEC0 0x42004699:0x3FCEBEF0 0x420A3850:0x3FCEBF10
  #0  0x40376ABE in esp_crosscore_isr at /Users/thomashoser/.platformio/packages/framework-espidf@src-e55492bf35ec58abb1d0380572a1aa2a/components/esp_system/crosscore_int.c:74
  #1  0x3FCA1C60 in _xt_exception_table at ??:?
  #2  0x4037A0F9 in _xt_lowint1 at /Users/thomashoser/.platformio/packages/framework-espidf@src-e55492bf35ec58abb1d0380572a1aa2a/components/xtensa/xtensa_vectors.S:1240
  #3  0x3FCA1C80 in _xt_exception_table at /Users/thomashoser/.platformio/packages/framework-espidf@src-e55492bf35ec58abb1d0380572a1aa2a/components/freertos/FreeRTOS-Kernel/portable/xtensa/port.c:67
  #4  0x4038315F in vPortClearInterruptMaskFromISR at /Users/thomashoser/.platformio/packages/framework-espidf@src-e55492bf35ec58abb1d0380572a1aa2a/components/freertos/FreeRTOS-Kernel/portable/xtensa/include/freertos/portmacro.h:560
      (inlined by) xTaskGetSchedulerState at /Users/thomashoser/.platformio/packages/framework-espidf@src-e55492bf35ec58abb1d0380572a1aa2a/components/freertos/FreeRTOS-Kernel/tasks.c:5031
  #5  0x40380741 in xQueueSemaphoreTake at /Users/thomashoser/.platformio/packages/framework-espidf@src-e55492bf35ec58abb1d0380572a1aa2a/components/freertos/FreeRTOS-Kernel/queue.c:1718
  #6  0x420CA2A1 in sys_mutex_lock at /Users/thomashoser/.platformio/packages/framework-espidf@src-e55492bf35ec58abb1d0380572a1aa2a/components/lwip/port/freertos/sys_arch.c:63
      (inlined by) sys_arch_protect at /Users/thomashoser/.platformio/packages/framework-espidf@src-e55492bf35ec58abb1d0380572a1aa2a/components/lwip/port/freertos/sys_arch.c:457
  #7  0x420B6C7F in done_socket at /Users/thomashoser/.platformio/packages/framework-espidf@src-e55492bf35ec58abb1d0380572a1aa2a/components/lwip/lwip/src/api/sockets.c:425
  #8  0x420B8978 in lwip_ioctl at /Users/thomashoser/.platformio/packages/framework-espidf@src-e55492bf35ec58abb1d0380572a1aa2a/components/lwip/lwip/src/api/sockets.c:3885
  #9  0x42007AE2 in NetworkClientRxBuffer::r_available() at /Users/thomashoser/.platformio/packages/framework-arduinoespressif32-src-6cb0a29b74dc1d1bc6e83adba584d1d5/libraries/Network/src/NetworkClient.cpp:54
      (inlined by) NetworkClientRxBuffer::available() at /Users/thomashoser/.platformio/packages/framework-arduinoespressif32-src-6cb0a29b74dc1d1bc6e83adba584d1d5/libraries/Network/src/NetworkClient.cpp:148
      (inlined by) NetworkClient::available() at /Users/thomashoser/.platformio/packages/framework-arduinoespressif32-src-6cb0a29b74dc1d1bc6e83adba584d1d5/libraries/Network/src/NetworkClient.cpp:538
  #10 0x4202AE1E in Audio::processWebStream() at .pio/libdeps/lilygo-t-display-s3/ESP32-audioI2S/src/Audio.cpp:3910 (discriminator 1)
  #11 0x4202D08F in Audio::loop() at .pio/libdeps/lilygo-t-display-s3/ESP32-audioI2S/src/Audio.cpp:3243 (discriminator 1)
  #12 0x4200414E in loop_audio() at src/audio.cpp:770
  #13 0x42004699 in loop() at src/main.cpp:347
  #14 0x420A3850 in loopTask(void*) at /Users/thomashoser/.platformio/packages/framework-arduinoespressif32-src-6cb0a29b74dc1d1bc6e83adba584d1d5/cores/esp32/main.cpp:82


[0;31mE (55793) task_wdt: Task watchdog got triggered. The following tasks/users did not reset the watchdog in time:[0m
[0;31mE (55793) task_wdt:  - IDLE1 (CPU 1)[0m
[0;31mE (55793) task_wdt: Tasks currently running:[0m
[0;31mE (55793) task_wdt: CPU 0: IDLE0[0m
[0;31mE (55793) task_wdt: CPU 1: loopTask[0m
[0;31mE (55793) task_wdt: Print CPU 1 backtrace[0m


Backtrace: 0x40376ABE:0x3FCA1C60 0x4037A0F9:0x3FCA1C80 0x420CB82B:0x3FCEBD80 0x420B6986:0x3FCEBDA0 0x420B7F8B:0x3FCEBDE0 0x420B8076:0x3FCEBE40 0x42007951:0x3FCEBE60 0x4208CB36:0x3FCEBEB0 0x42006175:0x3FCEBED0 0x42004693:0x3FCEBEF0 0x420A3850:0x3FCEBF10
  #0  0x40376ABE in esp_crosscore_isr at /Users/thomashoser/.platformio/packages/framework-espidf@src-e55492bf35ec58abb1d0380572a1aa2a/components/esp_system/crosscore_int.c:74
  #1  0x3FCA1C60 in _xt_exception_table at ??:?
  #2  0x4037A0F9 in _xt_lowint1 at /Users/thomashoser/.platformio/packages/framework-espidf@src-e55492bf35ec58abb1d0380572a1aa2a/components/xtensa/xtensa_vectors.S:1240
  #3  0x3FCA1C80 in _xt_exception_table at /Users/thomashoser/.platformio/packages/framework-espidf@src-e55492bf35ec58abb1d0380572a1aa2a/components/freertos/FreeRTOS-Kernel/portable/xtensa/port.c:67
  #4  0x420CB82B in netconn_recv_tcp_pbuf_flags at /Users/thomashoser/.platformio/packages/framework-espidf@src-e55492bf35ec58abb1d0380572a1aa2a/components/lwip/lwip/src/api/api_lib.c:807
  #5  0x420B6986 in lwip_recv_tcp at /Users/thomashoser/.platformio/packages/framework-espidf@src-e55492bf35ec58abb1d0380572a1aa2a/components/lwip/lwip/src/api/sockets.c:990
  #6  0x420B7F8B in lwip_recvfrom at /Users/thomashoser/.platformio/packages/framework-espidf@src-e55492bf35ec58abb1d0380572a1aa2a/components/lwip/lwip/src/api/sockets.c:1257
  #7  0x420B8076 in lwip_recv at /Users/thomashoser/.platformio/packages/framework-espidf@src-e55492bf35ec58abb1d0380572a1aa2a/components/lwip/lwip/src/api/sockets.c:1322
  #8  0x42007951 in NetworkClient::connected() at /Users/thomashoser/.platformio/packages/framework-espidf@src-e55492bf35ec58abb1d0380572a1aa2a/components/lwip/include/lwip/sockets.h:60
      (inlined by) NetworkClient::connected() at /Users/thomashoser/.platformio/packages/framework-arduinoespressif32-src-6cb0a29b74dc1d1bc6e83adba584d1d5/libraries/Network/src/NetworkClient.cpp:558
  #9  0x4208CB36 in MQTTClient::connected() at .pio/libdeps/lilygo-t-display-s3/MQTT/src/MQTTClient.cpp:497 (discriminator 1)
      (inlined by) MQTTClient::loop() at .pio/libdeps/lilygo-t-display-s3/MQTT/src/MQTTClient.cpp:464 (discriminator 1)
  #10 0x42006175 in loop_wifi() at src/wifiMgr.cpp:655
  #11 0x42004693 in loop() at src/main.cpp:345
  #12 0x420A3850 in loopTask(void*) at /Users/thomashoser/.platformio/packages/framework-arduinoespressif32-src-6cb0a29b74dc1d1bc6e83adba584d1d5/cores/esp32/main.cpp:82


NTP-loop>  Time:  / Date: 18.10.
[0;31mE (74352) task_wdt: Task watchdog got triggered. The following tasks/users did not reset the watchdog in time:[0m
[0;31mE (74352) task_wdt:  - IDLE1 (CPU 1)[0m
[0;31mE (74352) task_wdt: Tasks currently running:[0m
[0;31mE (74352) task_wdt: CPU 0: PeriodicTask[0m
[0;31mE (74352) task_wdt: CPU 1: loopTask[0m
[0;31mE (74352) task_wdt: Print CPU 1 backtrace[0m


Backtrace: 0x40376ABE:0x3FCA1C60 0x4037A0F9:0x3FCA1C80 0x400559DD:0x3FCEBCD0 0x40380FF2:0x3FCEBCE0 0x4038035D:0x3FCEBD00 0x420CA2B9:0x3FCEBD40 0x420B6C9A:0x3FCEBD60 0x420B8016:0x3FCEBD80 0x420B8076:0x3FCEBDE0 0x42007951:0x3FCEBE00 0x4202ADD6:0x3FCEBE50 0x4202D08F:0x3FCEBE80 0x4200414E:0x3FCEBEC0 0x42004699:0x3FCEBEF0 0x420A3850:0x3FCEBF10
  #0  0x40376ABE in esp_crosscore_isr at /Users/thomashoser/.platformio/packages/framework-espidf@src-e55492bf35ec58abb1d0380572a1aa2a/components/esp_system/crosscore_int.c:74
  #1  0x3FCA1C60 in _xt_exception_table at ??:?
  #2  0x4037A0F9 in _xt_lowint1 at /Users/thomashoser/.platformio/packages/framework-espidf@src-e55492bf35ec58abb1d0380572a1aa2a/components/xtensa/xtensa_vectors.S:1240
  #3  0x3FCA1C80 in _xt_exception_table at /Users/thomashoser/.platformio/packages/framework-espidf@src-e55492bf35ec58abb1d0380572a1aa2a/components/freertos/FreeRTOS-Kernel/portable/xtensa/port.c:67
  #4  0x40380FF2 in vPortClearInterruptMaskFromISR at /Users/thomashoser/.platformio/packages/framework-espidf@src-e55492bf35ec58abb1d0380572a1aa2a/components/freertos/FreeRTOS-Kernel/portable/xtensa/include/freertos/portmacro.h:560
      (inlined by) vPortExitCritical at /Users/thomashoser/.platformio/packages/framework-espidf@src-e55492bf35ec58abb1d0380572a1aa2a/components/freertos/FreeRTOS-Kernel/portable/xtensa/port.c:514
  #5  0x4038035D in xQueueGenericSend at /Users/thomashoser/.platformio/packages/framework-espidf@src-e55492bf35ec58abb1d0380572a1aa2a/components/freertos/FreeRTOS-Kernel/queue.c:1056
  #6  0x420CA2B9 in sys_mutex_unlock at /Users/thomashoser/.platformio/packages/framework-espidf@src-e55492bf35ec58abb1d0380572a1aa2a/components/lwip/port/freertos/sys_arch.c:77
      (inlined by) sys_arch_unprotect at /Users/thomashoser/.platformio/packages/framework-espidf@src-e55492bf35ec58abb1d0380572a1aa2a/components/lwip/port/freertos/sys_arch.c:470
  #7  0x420B6C9A in done_socket at /Users/thomashoser/.platformio/packages/framework-espidf@src-e55492bf35ec58abb1d0380572a1aa2a/components/lwip/lwip/src/api/sockets.c:435
  #8  0x420B8016 in lwip_recvfrom at /Users/thomashoser/.platformio/packages/framework-espidf@src-e55492bf35ec58abb1d0380572a1aa2a/components/lwip/lwip/src/api/sockets.c:1292
  #9  0x420B8076 in lwip_recv at /Users/thomashoser/.platformio/packages/framework-espidf@src-e55492bf35ec58abb1d0380572a1aa2a/components/lwip/lwip/src/api/sockets.c:1322
  #10 0x42007951 in NetworkClient::connected() at /Users/thomashoser/.platformio/packages/framework-espidf@src-e55492bf35ec58abb1d0380572a1aa2a/components/lwip/include/lwip/sockets.h:60
      (inlined by) NetworkClient::connected() at /Users/thomashoser/.platformio/packages/framework-arduinoespressif32-src-6cb0a29b74dc1d1bc6e83adba584d1d5/libraries/Network/src/NetworkClient.cpp:558
  #11 0x4202ADD6 in Audio::processWebStream() at .pio/libdeps/lilygo-t-display-s3/ESP32-audioI2S/src/Audio.cpp:3897
  #12 0x4202D08F in Audio::loop() at .pio/libdeps/lilygo-t-display-s3/ESP32-audioI2S/src/Audio.cpp:3243 (discriminator 1)
  #13 0x4200414E in loop_audio() at src/audio.cpp:770
  #14 0x42004699 in loop() at src/main.cpp:347
  #15 0x420A3850 in loopTask(void*) at /Users/thomashoser/.platformio/packages/framework-arduinoespressif32-src-6cb0a29b74dc1d1bc6e83adba584d1d5/cores/esp32/main.cpp:82


