-------------------------------------------------------- setup
Display> begin() ... Screen size 320 * 170 complete
Listing directory: /
  FILE: fallbackCover.jpg  SIZE: 14385  LAST WRITE: 2025-10-13 13:43:36
  FILE: favicon.ico  SIZE: 1150  LAST WRITE: 2025-10-13 13:43:36
  FILE: index.html  SIZE: 1640  LAST WRITE: 2025-10-13 13:43:36
  FILE: main.js  SIZE: 12701  LAST WRITE: 2025-10-13 13:43:36
  FILE: radio.html  SIZE: 1029  LAST WRITE: 2025-10-13 13:43:36
  FILE: radio.js  SIZE: 3955  LAST WRITE: 2025-10-13 13:43:36
  FILE: setup.ini  SIZE: 1672  LAST WRITE: 2025-10-13 13:43:36
  FILE: style.css  SIZE: 7361  LAST WRITE: 2025-10-13 13:43:36
setup_read_file> reading /setup.ini
[4]> RadioName = 1Live
[5]> RadioURL = http://wdr-1live-live.icecast.wdr.de/wdr/1live/live/mp3/128/stream.mp3
[6]> RadioTitleSeperator = -
[7]> RadioTitleFirst = Artist
[9]> RadioName = WDR2
[10]> RadioURL = https://wdr-edge-301b-dus-ts-cdn.cast.addradio.de/wdr/wdr2/rheinland/mp3/128/stream.mp3
[12]> RadioName = SWR3
[13]> RadioURL = http://mp3-live.swr3.de/swr3_m.m3u
[14]> RadioTitleSeperator = /
[15]> RadioTitleFirst = Song
[17]> RadioName = bigFM
[18]> RadioURL = http://streams.bigfm.de/hmr-128-mp3
[19]> RadioTitleSeperator = -
[20]> RadioTitleFirst = Artist
[22]> RadioName = ffn
[23]> RadioURL = http://player.ffn.de/ffn.mp3
[24]> RadioTitleSeperator = -
[25]> RadioTitleFirst = Artist
[27]> RadioName = 1Live - Neu fuer den Sektor
[28]> RadioURL = http://wdr-1live-neufuerdensektor.icecast.wdr.de/wdr/1live/neufuerdensektor/mp3/128/stream.mp3
[29]> RadioTitleSeperator = -
[30]> RadioTitleFirst = Artist
[32]> RadioName = 1live - FritzBox
[33]> RadioURL = http://192.168.178.1:49200/ST/AUDIO/DLNA-1-0/wdr-1live-live.icecast.wdr.de/wdr/1live/live/mp3/128/stream.mp3
[34]> RadioTitleSeperator = -
[35]> RadioTitleFirst = Artist
[37]> RadioName = ffh - FritzBox
[38]> RadioURL = http://192.168.178.1:49200/ST/AUDIO/DLNA-1-0/mp3.ffh.de/radioffh/hqlivestream.mp3
[39]> RadioTitleSeperator = -
[40]> RadioTitleFirst = Artist
setup_read_file> /setup.ini processed
P_I2S_LRCK 43
P_I2S_BCLK 44
P_I2S_DATA 18
P_ENC0_A 10
P_ENC0_B 11
P_ENC0_BTN 12
P_ENC0_PWR 13
P_ADC_BAT 255
P_ADC_BAT 255
Volume 0
Radio 0: 1Live - http://wdr-1live-live.icecast.wdr.de/wdr/1live/live/mp3/128/stream.mp3
Radio 1: WDR2 - https://wdr-edge-301b-dus-ts-cdn.cast.addradio.de/wdr/wdr2/rheinland/mp3/128/stream.mp3
Radio 2: SWR3 - http://mp3-live.swr3.de/swr3_m.m3u
Radio 3: bigFM - http://streams.bigfm.de/hmr-128-mp3
wifi::setup_wifi> default clientID: ESP32_1606964
wifi::setup_wifi_preferences> read nvs
wifi::setup_wifi_preferences> mqtt_clientID ESP32_1606964
wifi::setup_wifi_preferences> mqtt_server   192.168.178.20
wifi::setup_wifi_preferences> mqtt_port     1883
wifi::setup_wifi_preferences> mqtt_prefix   house/
setup>> WiFi connected
wifi::mqtt_set_topics
tele> house/tele/ESP32_1606964
stat> house/stat/ESP32_1606964
cmnd> house/cmnd/ESP32_1606964
subscribe> house/cmnd/ESP32_1606964/#
wifi::mqtt_init> > MQTT: mqtt.begin
MQTT: connected
setup_webServer> Inizializing FS...[0;33m[  3795][W][LittleFS.cpp:58] begin(): LittleFS Already Mounted![0m
done.
HTTP server started

-------------------------------- Get System Info------------------------------------------
Heap: Free:166179, Min:166079, Size:359339, Alloc:94208
wifi> WiFi SSID: A-Team
wifi> IP address: 192.168.178.151
 (-82 db) wifi> signal    : 1 = -82 dBm
NTP> Saturday, October 18 2025 17:00:30
18.10.2025 17:00:30
audio::setup_preferences> Preset 0
audio::setup_preferences> Volume 10
audio::setup_preferences> Number of restart times: 11
setup_audio> begin

-------------------------------- Staion Select ------------------------------------------
audio::station_select> requested preset 1 of 8
audio::station_select> Preset 1 : http://wdr-1live-live.icecast.wdr.de/wdr/1live/live/mp3/128/stream.mp3
audio::station_select> au.radioTitleSeperator -
audio::station_select> au.radioArtistFirst 1
audio::station_select> presetNo 1
audio::station_select> mqtt publish >1<

-------------------------------- Get System Info------------------------------------------
Heap: Free:166087, Min:165855, Size:359339, Alloc:92160
audio::station_select> set volume (0)
audio::station_select> URL >http://wdr-1live-live.icecast.wdr.de/wdr/1live/live/mp3/128/stream.mp3<
audio::station_select> conected<
audio::station_select> mqtt publish >1Live<
audio::station_select> mqtt wsSendArtistTitle 1Live /  
wifi::wsSendArtistTitle> SongTitle >< (len: 0) Artist >1Live<
wifi::wsSendTuner> Preset 1 , Volume 10
main::main_displayUpdate
main::displayReset
myDisplay::clear
listDir::Listing directory> /
  FILE: fallbackCover.jpg  SIZE: 14385  LAST WRITE: 2025-10-13 15:43:36
  FILE: favicon.ico  SIZE: 1150  LAST WRITE: 2025-10-13 15:43:36
  FILE: index.html  SIZE: 1640  LAST WRITE: 2025-10-13 15:43:36
  FILE: main.js  SIZE: 12701  LAST WRITE: 2025-10-13 15:43:36
  FILE: radio.html  SIZE: 1029  LAST WRITE: 2025-10-13 15:43:36
  FILE: radio.js  SIZE: 3955  LAST WRITE: 2025-10-13 15:43:36
  FILE: setup.ini  SIZE: 1672  LAST WRITE: 2025-10-13 15:43:36
  FILE: style.css  SIZE: 7361  LAST WRITE: 2025-10-13 15:43:36
rotary::setup_rotary> done
[0;31mE (20147) task_wdt: Task watchdog got triggered. The following tasks/users did not reset the watchdog in time:[0m
[0;31mE (20147) task_wdt:  - IDLE1 (CPU 1)[0m
[0;31mE (20147) task_wdt: Tasks currently running:[0m
[0;31mE (20147) task_wdt: CPU 0: IDLE0[0m
[0;31mE (20147) task_wdt: CPU 1: loopTask[0m
[0;31mE (20147) task_wdt: Print CPU 1 backtrace[0m


Backtrace: 0x40376ABE:0x3FCA19D0 0x4037A0F9:0x3FCA19F0 0x40381170:0x3FCEC180 0x4202C78E:0x3FCEC1A0 0x4200611D:0x3FCEC1C0 0x42004E87:0x3FCEC1E0 0x4203034D:0x3FCEC200
  #0  0x40376ABE in esp_crosscore_isr at /Users/thomashoser/.platformio/packages/framework-espidf@src-e55492bf35ec58abb1d0380572a1aa2a/components/esp_system/crosscore_int.c:74
  #1  0x3FCA19D0 in _xt_exception_table at ??:?
  #2  0x4037A0F9 in _xt_lowint1 at /Users/thomashoser/.platformio/packages/framework-espidf@src-e55492bf35ec58abb1d0380572a1aa2a/components/xtensa/xtensa_vectors.S:1240
  #3  0x3FCA19F0 in _xt_exception_table at /Users/thomashoser/.platformio/packages/framework-espidf@src-e55492bf35ec58abb1d0380572a1aa2a/components/freertos/FreeRTOS-Kernel/portable/xtensa/port.c:67
  #4  0x40381170 in _frxt_dispatch at /Users/thomashoser/.platformio/packages/framework-espidf@src-e55492bf35ec58abb1d0380572a1aa2a/components/freertos/FreeRTOS-Kernel/portable/xtensa/portasm.S:484
  #5  0x4202C78E in __yield at /Users/thomashoser/.platformio/packages/framework-arduinoespressif32-src-6cb0a29b74dc1d1bc6e83adba584d1d5/cores/esp32/esp32-hal-misc.c:118
  #6  0x4200611D in loop_wifi() at src/wifiMgr.cpp:660
  #7  0x42004E87 in loop() at src/main.cpp:346
  #8  0x4203034D in loopTask(void*) at /Users/thomashoser/.platformio/packages/framework-arduinoespressif32-src-6cb0a29b74dc1d1bc6e83adba584d1d5/cores/esp32/main.cpp:82


[0;31mE (25147) task_wdt: Task watchdog got triggered. The following tasks/users did not reset the watchdog in time:[0m
[0;31mE (25147) task_wdt:  - IDLE1 (CPU 1)[0m
[0;31mE (25147) task_wdt: Tasks currently running:[0m
[0;31mE (25147) task_wdt: CPU 0: IDLE0[0m
[0;31mE (25147) task_wdt: CPU 1: loopTask[0m
[0;31mE (25147) task_wdt: Print CPU 1 backtrace[0m


Backtrace: 0x40376ABE:0x3FCA19D0 0x4037A0F9:0x3FCA19F0 0x4038312D:0x3FCEBF70 0x42056F35:0x3FCEBFB0 0x42058062:0x3FCEBFD0 0x4205814D:0x3FCEC000 0x420584D3:0x3FCEC070 0x42044C3E:0x3FCEC090 0x42046243:0x3FCEC0D0 0x4204632E:0x3FCEC130 0x42007825:0x3FCEC150 0x42019A1A:0x3FCEC1A0 0x4200611A:0x3FCEC1C0 0x42004E87:0x3FCEC1E0 0x4203034D:0x3FCEC200
  #0  0x40376ABE in esp_crosscore_isr at /Users/thomashoser/.platformio/packages/framework-espidf@src-e55492bf35ec58abb1d0380572a1aa2a/components/esp_system/crosscore_int.c:74
  #1  0x3FCA19D0 in _xt_exception_table at ??:?
  #2  0x4037A0F9 in _xt_lowint1 at /Users/thomashoser/.platformio/packages/framework-espidf@src-e55492bf35ec58abb1d0380572a1aa2a/components/xtensa/xtensa_vectors.S:1240
  #3  0x3FCA19F0 in _xt_exception_table at /Users/thomashoser/.platformio/packages/framework-espidf@src-e55492bf35ec58abb1d0380572a1aa2a/components/freertos/FreeRTOS-Kernel/portable/xtensa/port.c:67
  #4  0x4038312D in xTaskGetCurrentTaskHandle at /Users/thomashoser/.platformio/packages/framework-espidf@src-e55492bf35ec58abb1d0380572a1aa2a/components/freertos/FreeRTOS-Kernel/tasks.c:4992
  #5  0x42056F35 in sys_mutex_lock at /Users/thomashoser/.platformio/packages/framework-espidf@src-e55492bf35ec58abb1d0380572a1aa2a/components/lwip/port/freertos/sys_arch.c:63
      (inlined by) sys_arch_protect at /Users/thomashoser/.platformio/packages/framework-espidf@src-e55492bf35ec58abb1d0380572a1aa2a/components/lwip/port/freertos/sys_arch.c:457
  #6  0x42058062 in netconn_err at /Users/thomashoser/.platformio/packages/framework-espidf@src-e55492bf35ec58abb1d0380572a1aa2a/components/lwip/lwip/src/api/api_lib.c:1149
      (inlined by) netconn_err at /Users/thomashoser/.platformio/packages/framework-espidf@src-e55492bf35ec58abb1d0380572a1aa2a/components/lwip/lwip/src/api/api_lib.c:1142
      (inlined by) netconn_recv_data at /Users/thomashoser/.platformio/packages/framework-espidf@src-e55492bf35ec58abb1d0380572a1aa2a/components/lwip/lwip/src/api/api_lib.c:606
  #7  0x4205814D in netconn_recv_data_tcp at /Users/thomashoser/.platformio/packages/framework-espidf@src-e55492bf35ec58abb1d0380572a1aa2a/components/lwip/lwip/src/api/api_lib.c:730
  #8  0x420584D3 in netconn_recv_tcp_pbuf_flags at /Users/thomashoser/.platformio/packages/framework-espidf@src-e55492bf35ec58abb1d0380572a1aa2a/components/lwip/lwip/src/api/api_lib.c:811
  #9  0x42044C3E in lwip_recv_tcp at /Users/thomashoser/.platformio/packages/framework-espidf@src-e55492bf35ec58abb1d0380572a1aa2a/components/lwip/lwip/src/api/sockets.c:990
  #10 0x42046243 in lwip_recvfrom at /Users/thomashoser/.platformio/packages/framework-espidf@src-e55492bf35ec58abb1d0380572a1aa2a/components/lwip/lwip/src/api/sockets.c:1257
  #11 0x4204632E in lwip_recv at /Users/thomashoser/.platformio/packages/framework-espidf@src-e55492bf35ec58abb1d0380572a1aa2a/components/lwip/lwip/src/api/sockets.c:1322
  #12 0x42007825 in NetworkClient::connected() at /Users/thomashoser/.platformio/packages/framework-espidf@src-e55492bf35ec58abb1d0380572a1aa2a/components/lwip/include/lwip/sockets.h:60
      (inlined by) NetworkClient::connected() at /Users/thomashoser/.platformio/packages/framework-arduinoespressif32-src-6cb0a29b74dc1d1bc6e83adba584d1d5/libraries/Network/src/NetworkClient.cpp:558
  #13 0x42019A1A in MQTTClient::connected() at .pio/libdeps/lilygo-t-display-s3/MQTT/src/MQTTClient.cpp:497 (discriminator 1)
      (inlined by) MQTTClient::loop() at .pio/libdeps/lilygo-t-display-s3/MQTT/src/MQTTClient.cpp:464 (discriminator 1)
  #14 0x4200611A in loop_wifi() at src/wifiMgr.cpp:659
  #15 0x42004E87 in loop() at src/main.cpp:346
  #16 0x4203034D in loopTask(void*) at /Users/thomashoser/.platformio/packages/framework-arduinoespressif32-src-6cb0a29b74dc1d1bc6e83adba584d1d5/cores/esp32/main.cpp:82


