[0;31mE (20869) task_wdt: Task watchdog got triggered. The following tasks/users did not reset the watchdog in time:[0m
[0;31mE (20869) task_wdt:  - IDLE1 (CPU 1)[0m
[0;31mE (20869) task_wdt: Tasks currently running:[0m
[0;31mE (20869) task_wdt: CPU 0: IDLE0[0m
[0;31mE (20869) task_wdt: CPU 1: loopTask[0m
[0;31mE (20869) task_wdt: Print CPU 1 backtrace[0m


Backtrace: 0x40376ADE:0x3FCA1D70 0x4037A129:0x3FCA1D90 0x42004759:0x3FCED4D0 0x420A8294:0x3FCED4F0
  #0  0x40376ADE in esp_crosscore_isr at /Users/thomashoser/.platformio/packages/framework-espidf@src-e55492bf35ec58abb1d0380572a1aa2a/components/esp_system/crosscore_int.c:74
  #1  0x3FCA1D70 in _xt_exception_table at ??:?
  #2  0x4037A129 in _xt_lowint1 at /Users/thomashoser/.platformio/packages/framework-espidf@src-e55492bf35ec58abb1d0380572a1aa2a/components/xtensa/xtensa_vectors.S:1240
  #3  0x3FCA1D90 in _xt_exception_table at /Users/thomashoser/.platformio/packages/framework-espidf@src-e55492bf35ec58abb1d0380572a1aa2a/components/freertos/FreeRTOS-Kernel/portable/xtensa/port.c:67
  #4  0x42004759 in setup() at src/main.cpp:282
  #5  0x420A8294 in loopTask(void*) at /Users/thomashoser/.platformio/packages/framework-arduinoespressif32-src-6cb0a29b74dc1d1bc6e83adba584d1d5/cores/esp32/main.cpp:67


[0;31mE (25869) task_wdt: Task watchdog got triggered. The following tasks/users did not reset the watchdog in time:[0m
[0;31mE (25869) task_wdt:  - IDLE1 (CPU 1)[0m
[0;31mE (25869) task_wdt: Tasks currently running:[0m
[0;31mE (25869) task_wdt: CPU 0: IDLE0[0m
[0;31mE (25869) task_wdt: CPU 1: loopTask[0m
[0;31mE (25869) task_wdt: Print CPU 1 backtrace[0m


Backtrace: 0x40376ADE:0x3FCA1D70 0x4037A129:0x3FCA1D90 0x42004759:0x3FCED4D0 0x420A8294:0x3FCED4F0
  #0  0x40376ADE in esp_crosscore_isr at /Users/thomashoser/.platformio/packages/framework-espidf@src-e55492bf35ec58abb1d0380572a1aa2a/components/esp_system/crosscore_int.c:74
  #1  0x3FCA1D70 in _xt_exception_table at ??:?
  #2  0x4037A129 in _xt_lowint1 at /Users/thomashoser/.platformio/packages/framework-espidf@src-e55492bf35ec58abb1d0380572a1aa2a/components/xtensa/xtensa_vectors.S:1240
  #3  0x3FCA1D90 in _xt_exception_table at /Users/thomashoser/.platformio/packages/framework-espidf@src-e55492bf35ec58abb1d0380572a1aa2a/components/freertos/FreeRTOS-Kernel/portable/xtensa/port.c:67
  #4  0x42004759 in setup() at src/main.cpp:282
  #5  0x420A8294 in loopTask(void*) at /Users/thomashoser/.platformio/packages/framework-arduinoespressif32-src-6cb0a29b74dc1d1bc6e83adba584d1d5/cores/esp32/main.cpp:67


[0;31mE (30869) task_wdt: Task watchdog got triggered. The following tasks/users did not reset the watchdog in time:[0m
[0;31mE (30869) task_wdt:  - IDLE1 (CPU 1)[0m
[0;31mE (30869) task_wdt: Tasks currently running:[0m
[0;31mE (30869) task_wdt: CPU 0: IDLE0[0m
[0;31mE (30869) task_wdt: CPU 1: loopTask[0m
[0;31mE (30869) task_wdt: Print CPU 1 backtrace[0m


Backtrace: 0x40376ADE:0x3FCA1D70 0x4037A129:0x3FCA1D90 0x42004759:0x3FCED4D0 0x420A8294:0x3FCED4F0
  #0  0x40376ADE in esp_crosscore_isr at /Users/thomashoser/.platformio/packages/framework-espidf@src-e55492bf35ec58abb1d0380572a1aa2a/components/esp_system/crosscore_int.c:74
  #1  0x3FCA1D70 in _xt_exception_table at ??:?
  #2  0x4037A129 in _xt_lowint1 at /Users/thomashoser/.platformio/packages/framework-espidf@src-e55492bf35ec58abb1d0380572a1aa2a/components/xtensa/xtensa_vectors.S:1240
  #3  0x3FCA1D90 in _xt_exception_table at /Users/thomashoser/.platformio/packages/framework-espidf@src-e55492bf35ec58abb1d0380572a1aa2a/components/freertos/FreeRTOS-Kernel/portable/xtensa/port.c:67
  #4  0x42004759 in setup() at src/main.cpp:282
  #5  0x420A8294 in loopTask(void*) at /Users/thomashoser/.platformio/packages/framework-arduinoespressif32-src-6cb0a29b74dc1d1bc6e83adba584d1d5/cores/esp32/main.cpp:67


[0;31mE (35869) task_wdt: Task watchdog got triggered. The following tasks/users did not reset the watchdog in time:[0m
[0;31mE (35869) task_wdt:  - IDLE1 (CPU 1)[0m
[0;31mE (35869) task_wdt: Tasks currently running:[0m
[0;31mE (35869) task_wdt: CPU 0: IDLE0[0m
[0;31mE (35869) task_wdt: CPU 1: loopTask[0m
[0;31mE (35869) task_wdt: Print CPU 1 backtrace[0m


Backtrace: 0x40376ADE:0x3FCA1D70 0x4037A129:0x3FCA1D90 0x42004759:0x3FCED4D0 0x420A8294:0x3FCED4F0
  #0  0x40376ADE in esp_crosscore_isr at /Users/thomashoser/.platformio/packages/framework-espidf@src-e55492bf35ec58abb1d0380572a1aa2a/components/esp_system/crosscore_int.c:74
  #1  0x3FCA1D70 in _xt_exception_table at ??:?
  #2  0x4037A129 in _xt_lowint1 at /Users/thomashoser/.platformio/packages/framework-espidf@src-e55492bf35ec58abb1d0380572a1aa2a/components/xtensa/xtensa_vectors.S:1240
  #3  0x3FCA1D90 in _xt_exception_table at /Users/thomashoser/.platformio/packages/framework-espidf@src-e55492bf35ec58abb1d0380572a1aa2a/components/freertos/FreeRTOS-Kernel/portable/xtensa/port.c:67
  #4  0x42004759 in setup() at src/main.cpp:282
  #5  0x420A8294 in loopTask(void*) at /Users/thomashoser/.platformio/packages/framework-arduinoespressif32-src-6cb0a29b74dc1d1bc6e83adba584d1d5/cores/esp32/main.cpp:67


[0;31mE (40869) task_wdt: Task watchdog got triggered. The following tasks/users did not reset the watchdog in time:[0m
[0;31mE (40869) task_wdt:  - IDLE1 (CPU 1)[0m
[0;31mE (40869) task_wdt: Tasks currently running:[0m
[0;31mE (40869) task_wdt: CPU 0: IDLE0[0m
[0;31mE (40869) task_wdt: CPU 1: loopTask[0m
[0;31mE (40869) task_wdt: Print CPU 1 backtrace[0m


Backtrace: 0x40376ADE:0x3FCA1D70 0x4037A129:0x3FCA1D90 0x42004759:0x3FCED4D0 0x420A8294:0x3FCED4F0
  #0  0x40376ADE in esp_crosscore_isr at /Users/thomashoser/.platformio/packages/framework-espidf@src-e55492bf35ec58abb1d0380572a1aa2a/components/esp_system/crosscore_int.c:74
  #1  0x3FCA1D70 in _xt_exception_table at ??:?
  #2  0x4037A129 in _xt_lowint1 at /Users/thomashoser/.platformio/packages/framework-espidf@src-e55492bf35ec58abb1d0380572a1aa2a/components/xtensa/xtensa_vectors.S:1240
  #3  0x3FCA1D90 in _xt_exception_table at /Users/thomashoser/.platformio/packages/framework-espidf@src-e55492bf35ec58abb1d0380572a1aa2a/components/freertos/FreeRTOS-Kernel/portable/xtensa/port.c:67
  #4  0x42004759 in setup() at src/main.cpp:282
  #5  0x420A8294 in loopTask(void*) at /Users/thomashoser/.platformio/packages/framework-arduinoespressif32-src-6cb0a29b74dc1d1bc6e83adba584d1d5/cores/esp32/main.cpp:67


[0;31mE (45869) task_wdt: Task watchdog got triggered. The following tasks/users did not reset the watchdog in time:[0m
[0;31mE (45869) task_wdt:  - IDLE1 (CPU 1)[0m
[0;31mE (45869) task_wdt: Tasks currently running:[0m
[0;31mE (45869) task_wdt: CPU 0: IDLE0[0m
[0;31mE (45869) task_wdt: CPU 1: loopTask[0m
[0;31mE (45869) task_wdt: Print CPU 1 backtrace[0m


Backtrace: 0x40376ADE:0x3FCA1D70 0x4037A129:0x3FCA1D90 0x42004759:0x3FCED4D0 0x420A8294:0x3FCED4F0
  #0  0x40376ADE in esp_crosscore_isr at /Users/thomashoser/.platformio/packages/framework-espidf@src-e55492bf35ec58abb1d0380572a1aa2a/components/esp_system/crosscore_int.c:74
  #1  0x3FCA1D70 in _xt_exception_table at ??:?
  #2  0x4037A129 in _xt_lowint1 at /Users/thomashoser/.platformio/packages/framework-espidf@src-e55492bf35ec58abb1d0380572a1aa2a/components/xtensa/xtensa_vectors.S:1240
  #3  0x3FCA1D90 in _xt_exception_table at /Users/thomashoser/.platformio/packages/framework-espidf@src-e55492bf35ec58abb1d0380572a1aa2a/components/freertos/FreeRTOS-Kernel/portable/xtensa/port.c:67
  #4  0x42004759 in setup() at src/main.cpp:282
  #5  0x420A8294 in loopTask(void*) at /Users/thomashoser/.platformio/packages/framework-arduinoespressif32-src-6cb0a29b74dc1d1bc6e83adba584d1d5/cores/esp32/main.cpp:67


[0;31mE (50869) task_wdt: Task watchdog got triggered. The following tasks/users did not reset the watchdog in time:[0m
[0;31mE (50869) task_wdt:  - IDLE1 (CPU 1)[0m
[0;31mE (50869) task_wdt: Tasks currently running:[0m
[0;31mE (50869) task_wdt: CPU 0: IDLE0[0m
[0;31mE (50869) task_wdt: CPU 1: loopTask[0m
[0;31mE (50869) task_wdt: Print CPU 1 backtrace[0m


Backtrace: 0x40376ADE:0x3FCA1D70 0x4037A129:0x3FCA1D90 0x42004759:0x3FCED4D0 0x420A8294:0x3FCED4F0
  #0  0x40376ADE in esp_crosscore_isr at /Users/thomashoser/.platformio/packages/framework-espidf@src-e55492bf35ec58abb1d0380572a1aa2a/components/esp_system/crosscore_int.c:74
  #1  0x3FCA1D70 in _xt_exception_table at ??:?
  #2  0x4037A129 in _xt_lowint1 at /Users/thomashoser/.platformio/packages/framework-espidf@src-e55492bf35ec58abb1d0380572a1aa2a/components/xtensa/xtensa_vectors.S:1240
  #3  0x3FCA1D90 in _xt_exception_table at /Users/thomashoser/.platformio/packages/framework-espidf@src-e55492bf35ec58abb1d0380572a1aa2a/components/freertos/FreeRTOS-Kernel/portable/xtensa/port.c:67
  #4  0x42004759 in setup() at src/main.cpp:282
  #5  0x420A8294 in loopTask(void*) at /Users/thomashoser/.platformio/packages/framework-arduinoespressif32-src-6cb0a29b74dc1d1bc6e83adba584d1d5/cores/esp32/main.cpp:67


[0;31mE (55869) task_wdt: Task watchdog got triggered. The following tasks/users did not reset the watchdog in time:[0m
[0;31mE (55869) task_wdt:  - IDLE1 (CPU 1)[0m
[0;31mE (55869) task_wdt: Tasks currently running:[0m
[0;31mE (55869) task_wdt: CPU 0: IDLE0[0m
[0;31mE (55869) task_wdt: CPU 1: loopTask[0m
[0;31mE (55869) task_wdt: Print CPU 1 backtrace[0m


Backtrace: 0x40376ADE:0x3FCA1D70 0x4037A129:0x3FCA1D90 0x42004759:0x3FCED4D0 0x420A8294:0x3FCED4F0
  #0  0x40376ADE in esp_crosscore_isr at /Users/thomashoser/.platformio/packages/framework-espidf@src-e55492bf35ec58abb1d0380572a1aa2a/components/esp_system/crosscore_int.c:74
  #1  0x3FCA1D70 in _xt_exception_table at ??:?
  #2  0x4037A129 in _xt_lowint1 at /Users/thomashoser/.platformio/packages/framework-espidf@src-e55492bf35ec58abb1d0380572a1aa2a/components/xtensa/xtensa_vectors.S:1240
  #3  0x3FCA1D90 in _xt_exception_table at /Users/thomashoser/.platformio/packages/framework-espidf@src-e55492bf35ec58abb1d0380572a1aa2a/components/freertos/FreeRTOS-Kernel/portable/xtensa/port.c:67
  #4  0x42004759 in setup() at src/main.cpp:282
  #5  0x420A8294 in loopTask(void*) at /Users/thomashoser/.platformio/packages/framework-arduinoespressif32-src-6cb0a29b74dc1d1bc6e83adba584d1d5/cores/esp32/main.cpp:67


[0;31mE (60869) task_wdt: Task watchdog got triggered. The following tasks/users did not reset the watchdog in time:[0m
[0;31mE (60869) task_wdt:  - IDLE1 (CPU 1)[0m
[0;31mE (60869) task_wdt: Tasks currently running:[0m
[0;31mE (60869) task_wdt: CPU 0: IDLE0[0m
[0;31mE (60869) task_wdt: CPU 1: loopTask[0m
[0;31mE (60869) task_wdt: Print CPU 1 backtrace[0m


Backtrace: 0x40376ADE:0x3FCA1D70 0x4037A129:0x3FCA1D90 0x42004759:0x3FCED4D0 0x420A8294:0x3FCED4F0
  #0  0x40376ADE in esp_crosscore_isr at /Users/thomashoser/.platformio/packages/framework-espidf@src-e55492bf35ec58abb1d0380572a1aa2a/components/esp_system/crosscore_int.c:74
  #1  0x3FCA1D70 in _xt_exception_table at ??:?
  #2  0x4037A129 in _xt_lowint1 at /Users/thomashoser/.platformio/packages/framework-espidf@src-e55492bf35ec58abb1d0380572a1aa2a/components/xtensa/xtensa_vectors.S:1240
  #3  0x3FCA1D90 in _xt_exception_table at /Users/thomashoser/.platformio/packages/framework-espidf@src-e55492bf35ec58abb1d0380572a1aa2a/components/freertos/FreeRTOS-Kernel/portable/xtensa/port.c:67
  #4  0x42004759 in setup() at src/main.cpp:282
  #5  0x420A8294 in loopTask(void*) at /Users/thomashoser/.platformio/packages/framework-arduinoespressif32-src-6cb0a29b74dc1d1bc6e83adba584d1d5/cores/esp32/main.cpp:67


[0;31mE (65869) task_wdt: Task watchdog got triggered. The following tasks/users did not reset the watchdog in time:[0m
[0;31mE (65869) task_wdt:  - IDLE1 (CPU 1)[0m
[0;31mE (65869) task_wdt: Tasks currently running:[0m
[0;31mE (65869) task_wdt: CPU 0: IDLE0[0m
[0;31mE (65869) task_wdt: CPU 1: loopTask[0m
[0;31mE (65869) task_wdt: Print CPU 1 backtrace[0m


Backtrace: 0x40376ADE:0x3FCA1D70 0x4037A129:0x3FCA1D90 0x42004759:0x3FCED4D0 0x420A8294:0x3FCED4F0
  #0  0x40376ADE in esp_crosscore_isr at /Users/thomashoser/.platformio/packages/framework-espidf@src-e55492bf35ec58abb1d0380572a1aa2a/components/esp_system/crosscore_int.c:74
  #1  0x3FCA1D70 in _xt_exception_table at ??:?
  #2  0x4037A129 in _xt_lowint1 at /Users/thomashoser/.platformio/packages/framework-espidf@src-e55492bf35ec58abb1d0380572a1aa2a/components/xtensa/xtensa_vectors.S:1240
  #3  0x3FCA1D90 in _xt_exception_table at /Users/thomashoser/.platformio/packages/framework-espidf@src-e55492bf35ec58abb1d0380572a1aa2a/components/freertos/FreeRTOS-Kernel/portable/xtensa/port.c:67
  #4  0x42004759 in setup() at src/main.cpp:282
  #5  0x420A8294 in loopTask(void*) at /Users/thomashoser/.platformio/packages/framework-arduinoespressif32-src-6cb0a29b74dc1d1bc6e83adba584d1d5/cores/esp32/main.cpp:67


[0;31mE (70869) task_wdt: Task watchdog got triggered. The following tasks/users did not reset the watchdog in time:[0m
[0;31mE (70869) task_wdt:  - IDLE1 (CPU 1)[0m
[0;31mE (70869) task_wdt: Tasks currently running:[0m
[0;31mE (70869) task_wdt: CPU 0: IDLE0[0m
[0;31mE (70869) task_wdt: CPU 1: loopTask[0m
[0;31mE (70869) task_wdt: Print CPU 1 backtrace[0m


Backtrace: 0x40376ADE:0x3FCA1D70 0x4037A129:0x3FCA1D90 0x42004759:0x3FCED4D0 0x420A8294:0x3FCED4F0
  #0  0x40376ADE in esp_crosscore_isr at /Users/thomashoser/.platformio/packages/framework-espidf@src-e55492bf35ec58abb1d0380572a1aa2a/components/esp_system/crosscore_int.c:74
  #1  0x3FCA1D70 in _xt_exception_table at ??:?
  #2  0x4037A129 in _xt_lowint1 at /Users/thomashoser/.platformio/packages/framework-espidf@src-e55492bf35ec58abb1d0380572a1aa2a/components/xtensa/xtensa_vectors.S:1240
  #3  0x3FCA1D90 in _xt_exception_table at /Users/thomashoser/.platformio/packages/framework-espidf@src-e55492bf35ec58abb1d0380572a1aa2a/components/freertos/FreeRTOS-Kernel/portable/xtensa/port.c:67
  #4  0x42004759 in setup() at src/main.cpp:282
  #5  0x420A8294 in loopTask(void*) at /Users/thomashoser/.platformio/packages/framework-arduinoespressif32-src-6cb0a29b74dc1d1bc6e83adba584d1d5/cores/esp32/main.cpp:67


[0;31mE (75869) task_wdt: Task watchdog got triggered. The following tasks/users did not reset the watchdog in time:[0m
[0;31mE (75869) task_wdt:  - IDLE1 (CPU 1)[0m
[0;31mE (75869) task_wdt: Tasks currently running:[0m
[0;31mE (75869) task_wdt: CPU 0: IDLE0[0m
[0;31mE (75869) task_wdt: CPU 1: loopTask[0m
[0;31mE (75869) task_wdt: Print CPU 1 backtrace[0m


Backtrace: 0x40376ADE:0x3FCA1D70 0x4037A129:0x3FCA1D90 0x42004759:0x3FCED4D0 0x420A8294:0x3FCED4F0
  #0  0x40376ADE in esp_crosscore_isr at /Users/thomashoser/.platformio/packages/framework-espidf@src-e55492bf35ec58abb1d0380572a1aa2a/components/esp_system/crosscore_int.c:74
  #1  0x3FCA1D70 in _xt_exception_table at ??:?
  #2  0x4037A129 in _xt_lowint1 at /Users/thomashoser/.platformio/packages/framework-espidf@src-e55492bf35ec58abb1d0380572a1aa2a/components/xtensa/xtensa_vectors.S:1240
  #3  0x3FCA1D90 in _xt_exception_table at /Users/thomashoser/.platformio/packages/framework-espidf@src-e55492bf35ec58abb1d0380572a1aa2a/components/freertos/FreeRTOS-Kernel/portable/xtensa/port.c:67
  #4  0x42004759 in setup() at src/main.cpp:282
  #5  0x420A8294 in loopTask(void*) at /Users/thomashoser/.platformio/packages/framework-arduinoespressif32-src-6cb0a29b74dc1d1bc6e83adba584d1d5/cores/esp32/main.cpp:67


[0;31mE (80869) task_wdt: Task watchdog got triggered. The following tasks/users did not reset the watchdog in time:[0m
[0;31mE (80869) task_wdt:  - IDLE1 (CPU 1)[0m
[0;31mE (80869) task_wdt: Tasks currently running:[0m
[0;31mE (80869) task_wdt: CPU 0: IDLE0[0m
[0;31mE (80869) task_wdt: CPU 1: loopTask[0m
[0;31mE (80869) task_wdt: Print CPU 1 backtrace[0m


Backtrace: 0x40376ADE:0x3FCA1D70 0x4037A129:0x3FCA1D90 0x42004759:0x3FCED4D0 0x420A8294:0x3FCED4F0
  #0  0x40376ADE in esp_crosscore_isr at /Users/thomashoser/.platformio/packages/framework-espidf@src-e55492bf35ec58abb1d0380572a1aa2a/components/esp_system/crosscore_int.c:74
  #1  0x3FCA1D70 in _xt_exception_table at ??:?
  #2  0x4037A129 in _xt_lowint1 at /Users/thomashoser/.platformio/packages/framework-espidf@src-e55492bf35ec58abb1d0380572a1aa2a/components/xtensa/xtensa_vectors.S:1240
  #3  0x3FCA1D90 in _xt_exception_table at /Users/thomashoser/.platformio/packages/framework-espidf@src-e55492bf35ec58abb1d0380572a1aa2a/components/freertos/FreeRTOS-Kernel/portable/xtensa/port.c:67
  #4  0x42004759 in setup() at src/main.cpp:282
  #5  0x420A8294 in loopTask(void*) at /Users/thomashoser/.platformio/packages/framework-arduinoespressif32-src-6cb0a29b74dc1d1bc6e83adba584d1d5/cores/esp32/main.cpp:67


[0;31mE (85869) task_wdt: Task watchdog got triggered. The following tasks/users did not reset the watchdog in time:[0m
[0;31mE (85869) task_wdt:  - IDLE1 (CPU 1)[0m
[0;31mE (85869) task_wdt: Tasks currently running:[0m
[0;31mE (85869) task_wdt: CPU 0: IDLE0[0m
[0;31mE (85869) task_wdt: CPU 1: loopTask[0m
[0;31mE (85869) task_wdt: Print CPU 1 backtrace[0m


Backtrace: 0x40376ADE:0x3FCA1D70 0x4037A129:0x3FCA1D90 0x42004759:0x3FCED4D0 0x420A8294:0x3FCED4F0
  #0  0x40376ADE in esp_crosscore_isr at /Users/thomashoser/.platformio/packages/framework-espidf@src-e55492bf35ec58abb1d0380572a1aa2a/components/esp_system/crosscore_int.c:74
  #1  0x3FCA1D70 in _xt_exception_table at ??:?
  #2  0x4037A129 in _xt_lowint1 at /Users/thomashoser/.platformio/packages/framework-espidf@src-e55492bf35ec58abb1d0380572a1aa2a/components/xtensa/xtensa_vectors.S:1240
  #3  0x3FCA1D90 in _xt_exception_table at /Users/thomashoser/.platformio/packages/framework-espidf@src-e55492bf35ec58abb1d0380572a1aa2a/components/freertos/FreeRTOS-Kernel/portable/xtensa/port.c:67
  #4  0x42004759 in setup() at src/main.cpp:282
  #5  0x420A8294 in loopTask(void*) at /Users/thomashoser/.platformio/packages/framework-arduinoespressif32-src-6cb0a29b74dc1d1bc6e83adba584d1d5/cores/esp32/main.cpp:67


[0;31mE (90869) task_wdt: Task watchdog got triggered. The following tasks/users did not reset the watchdog in time:[0m
[0;31mE (90869) task_wdt:  - IDLE1 (CPU 1)[0m
[0;31mE (90869) task_wdt: Tasks currently running:[0m
[0;31mE (90869) task_wdt: CPU 0: IDLE0[0m
[0;31mE (90869) task_wdt: CPU 1: loopTask[0m
[0;31mE (90869) task_wdt: Print CPU 1 backtrace[0m


Backtrace: 0x40376ADE:0x3FCA1D70 0x4037A129:0x3FCA1D90 0x42004759:0x3FCED4D0 0x420A8294:0x3FCED4F0
  #0  0x40376ADE in esp_crosscore_isr at /Users/thomashoser/.platformio/packages/framework-espidf@src-e55492bf35ec58abb1d0380572a1aa2a/components/esp_system/crosscore_int.c:74
  #1  0x3FCA1D70 in _xt_exception_table at ??:?
  #2  0x4037A129 in _xt_lowint1 at /Users/thomashoser/.platformio/packages/framework-espidf@src-e55492bf35ec58abb1d0380572a1aa2a/components/xtensa/xtensa_vectors.S:1240
  #3  0x3FCA1D90 in _xt_exception_table at /Users/thomashoser/.platformio/packages/framework-espidf@src-e55492bf35ec58abb1d0380572a1aa2a/components/freertos/FreeRTOS-Kernel/portable/xtensa/port.c:67
  #4  0x42004759 in setup() at src/main.cpp:282
  #5  0x420A8294 in loopTask(void*) at /Users/thomashoser/.platformio/packages/framework-arduinoespressif32-src-6cb0a29b74dc1d1bc6e83adba584d1d5/cores/esp32/main.cpp:67


[0;31mE (95869) task_wdt: Task watchdog got triggered. The following tasks/users did not reset the watchdog in time:[0m
[0;31mE (95869) task_wdt:  - IDLE1 (CPU 1)[0m
[0;31mE (95869) task_wdt: Tasks currently running:[0m
[0;31mE (95869) task_wdt: CPU 0: IDLE0[0m
[0;31mE (95869) task_wdt: CPU 1: loopTask[0m
[0;31mE (95869) task_wdt: Print CPU 1 backtrace[0m


Backtrace: 0x40376ADE:0x3FCA1D70 0x4037A129:0x3FCA1D90 0x42004759:0x3FCED4D0 0x420A8294:0x3FCED4F0
  #0  0x40376ADE in esp_crosscore_isr at /Users/thomashoser/.platformio/packages/framework-espidf@src-e55492bf35ec58abb1d0380572a1aa2a/components/esp_system/crosscore_int.c:74
  #1  0x3FCA1D70 in _xt_exception_table at ??:?
  #2  0x4037A129 in _xt_lowint1 at /Users/thomashoser/.platformio/packages/framework-espidf@src-e55492bf35ec58abb1d0380572a1aa2a/components/xtensa/xtensa_vectors.S:1240
  #3  0x3FCA1D90 in _xt_exception_table at /Users/thomashoser/.platformio/packages/framework-espidf@src-e55492bf35ec58abb1d0380572a1aa2a/components/freertos/FreeRTOS-Kernel/portable/xtensa/port.c:67
  #4  0x42004759 in setup() at src/main.cpp:282
  #5  0x420A8294 in loopTask(void*) at /Users/thomashoser/.platformio/packages/framework-arduinoespressif32-src-6cb0a29b74dc1d1bc6e83adba584d1d5/cores/esp32/main.cpp:67


[0;31mE (100869) task_wdt: Task watchdog got triggered. The following tasks/users did not reset the watchdog in time:[0m
[0;31mE (100869) task_wdt:  - IDLE1 (CPU 1)[0m
[0;31mE (100869) task_wdt: Tasks currently running:[0m
[0;31mE (100869) task_wdt: CPU 0: IDLE0[0m
[0;31mE (100869) task_wdt: CPU 1: loopTask[0m
[0;31mE (100869) task_wdt: Print CPU 1 backtrace[0m


Backtrace: 0x40376ADE:0x3FCA1D70 0x4037A129:0x3FCA1D90 0x42004759:0x3FCED4D0 0x420A8294:0x3FCED4F0
  #0  0x40376ADE in esp_crosscore_isr at /Users/thomashoser/.platformio/packages/framework-espidf@src-e55492bf35ec58abb1d0380572a1aa2a/components/esp_system/crosscore_int.c:74
  #1  0x3FCA1D70 in _xt_exception_table at ??:?
  #2  0x4037A129 in _xt_lowint1 at /Users/thomashoser/.platformio/packages/framework-espidf@src-e55492bf35ec58abb1d0380572a1aa2a/components/xtensa/xtensa_vectors.S:1240
  #3  0x3FCA1D90 in _xt_exception_table at /Users/thomashoser/.platformio/packages/framework-espidf@src-e55492bf35ec58abb1d0380572a1aa2a/components/freertos/FreeRTOS-Kernel/portable/xtensa/port.c:67
  #4  0x42004759 in setup() at src/main.cpp:282
  #5  0x420A8294 in loopTask(void*) at /Users/thomashoser/.platformio/packages/framework-arduinoespressif32-src-6cb0a29b74dc1d1bc6e83adba584d1d5/cores/esp32/main.cpp:67


[0;31mE (105869) task_wdt: Task watchdog got triggered. The following tasks/users did not reset the watchdog in time:[0m
[0;31mE (105869) task_wdt:  - IDLE1 (CPU 1)[0m
[0;31mE (105869) task_wdt: Tasks currently running:[0m
[0;31mE (105869) task_wdt: CPU 0: IDLE0[0m
[0;31mE (105869) task_wdt: CPU 1: loopTask[0m
[0;31mE (105869) task_wdt: Print CPU 1 backtrace[0m


Backtrace: 0x40376ADE:0x3FCA1D70 0x4037A129:0x3FCA1D90 0x42004759:0x3FCED4D0 0x420A8294:0x3FCED4F0
  #0  0x40376ADE in esp_crosscore_isr at /Users/thomashoser/.platformio/packages/framework-espidf@src-e55492bf35ec58abb1d0380572a1aa2a/components/esp_system/crosscore_int.c:74
  #1  0x3FCA1D70 in _xt_exception_table at ??:?
  #2  0x4037A129 in _xt_lowint1 at /Users/thomashoser/.platformio/packages/framework-espidf@src-e55492bf35ec58abb1d0380572a1aa2a/components/xtensa/xtensa_vectors.S:1240
  #3  0x3FCA1D90 in _xt_exception_table at /Users/thomashoser/.platformio/packages/framework-espidf@src-e55492bf35ec58abb1d0380572a1aa2a/components/freertos/FreeRTOS-Kernel/portable/xtensa/port.c:67
  #4  0x42004759 in setup() at src/main.cpp:282
  #5  0x420A8294 in loopTask(void*) at /Users/thomashoser/.platformio/packages/framework-arduinoespressif32-src-6cb0a29b74dc1d1bc6e83adba584d1d5/cores/esp32/main.cpp:67


[0;31mE (110869) task_wdt: Task watchdog got triggered. The following tasks/users did not reset the watchdog in time:[0m
[0;31mE (110869) task_wdt:  - IDLE1 (CPU 1)[0m
[0;31mE (110869) task_wdt: Tasks currently running:[0m
[0;31mE (110869) task_wdt: CPU 0: IDLE0[0m
[0;31mE (110869) task_wdt: CPU 1: loopTask[0m
[0;31mE (110869) task_wdt: Print CPU 1 backtrace[0m


Backtrace: 0x40376ADE:0x3FCA1D70 0x4037A129:0x3FCA1D90 0x42004759:0x3FCED4D0 0x420A8294:0x3FCED4F0
  #0  0x40376ADE in esp_crosscore_isr at /Users/thomashoser/.platformio/packages/framework-espidf@src-e55492bf35ec58abb1d0380572a1aa2a/components/esp_system/crosscore_int.c:74
  #1  0x3FCA1D70 in _xt_exception_table at ??:?
  #2  0x4037A129 in _xt_lowint1 at /Users/thomashoser/.platformio/packages/framework-espidf@src-e55492bf35ec58abb1d0380572a1aa2a/components/xtensa/xtensa_vectors.S:1240
  #3  0x3FCA1D90 in _xt_exception_table at /Users/thomashoser/.platformio/packages/framework-espidf@src-e55492bf35ec58abb1d0380572a1aa2a/components/freertos/FreeRTOS-Kernel/portable/xtensa/port.c:67
  #4  0x42004759 in setup() at src/main.cpp:282
  #5  0x420A8294 in loopTask(void*) at /Users/thomashoser/.platformio/packages/framework-arduinoespressif32-src-6cb0a29b74dc1d1bc6e83adba584d1d5/cores/esp32/main.cpp:67


[0;31mE (115869) task_wdt: Task watchdog got triggered. The following tasks/users did not reset the watchdog in time:[0m
[0;31mE (115869) task_wdt:  - IDLE1 (CPU 1)[0m
[0;31mE (115869) task_wdt: Tasks currently running:[0m
[0;31mE (115869) task_wdt: CPU 0: IDLE0[0m
[0;31mE (115869) task_wdt: CPU 1: loopTask[0m
[0;31mE (115869) task_wdt: Print CPU 1 backtrace[0m


Backtrace: 0x40376ADE:0x3FCA1D70 0x4037A129:0x3FCA1D90 0x42004759:0x3FCED4D0 0x420A8294:0x3FCED4F0
  #0  0x40376ADE in esp_crosscore_isr at /Users/thomashoser/.platformio/packages/framework-espidf@src-e55492bf35ec58abb1d0380572a1aa2a/components/esp_system/crosscore_int.c:74
  #1  0x3FCA1D70 in _xt_exception_table at ??:?
  #2  0x4037A129 in _xt_lowint1 at /Users/thomashoser/.platformio/packages/framework-espidf@src-e55492bf35ec58abb1d0380572a1aa2a/components/xtensa/xtensa_vectors.S:1240
  #3  0x3FCA1D90 in _xt_exception_table at /Users/thomashoser/.platformio/packages/framework-espidf@src-e55492bf35ec58abb1d0380572a1aa2a/components/freertos/FreeRTOS-Kernel/portable/xtensa/port.c:67
  #4  0x42004759 in setup() at src/main.cpp:282
  #5  0x420A8294 in loopTask(void*) at /Users/thomashoser/.platformio/packages/framework-arduinoespressif32-src-6cb0a29b74dc1d1bc6e83adba584d1d5/cores/esp32/main.cpp:67


[0;31mE (120869) task_wdt: Task watchdog got triggered. The following tasks/users did not reset the watchdog in time:[0m
[0;31mE (120869) task_wdt:  - IDLE1 (CPU 1)[0m
[0;31mE (120869) task_wdt: Tasks currently running:[0m
[0;31mE (120869) task_wdt: CPU 0: IDLE0[0m
[0;31mE (120869) task_wdt: CPU 1: loopTask[0m
[0;31mE (120869) task_wdt: Print CPU 1 backtrace[0m


Backtrace: 0x40376ADE:0x3FCA1D70 0x4037A129:0x3FCA1D90 0x42004759:0x3FCED4D0 0x420A8294:0x3FCED4F0
  #0  0x40376ADE in esp_crosscore_isr at /Users/thomashoser/.platformio/packages/framework-espidf@src-e55492bf35ec58abb1d0380572a1aa2a/components/esp_system/crosscore_int.c:74
  #1  0x3FCA1D70 in _xt_exception_table at ??:?
  #2  0x4037A129 in _xt_lowint1 at /Users/thomashoser/.platformio/packages/framework-espidf@src-e55492bf35ec58abb1d0380572a1aa2a/components/xtensa/xtensa_vectors.S:1240
  #3  0x3FCA1D90 in _xt_exception_table at /Users/thomashoser/.platformio/packages/framework-espidf@src-e55492bf35ec58abb1d0380572a1aa2a/components/freertos/FreeRTOS-Kernel/portable/xtensa/port.c:67
  #4  0x42004759 in setup() at src/main.cpp:282
  #5  0x420A8294 in loopTask(void*) at /Users/thomashoser/.platformio/packages/framework-arduinoespressif32-src-6cb0a29b74dc1d1bc6e83adba584d1d5/cores/esp32/main.cpp:67


[0;31mE (125869) task_wdt: Task watchdog got triggered. The following tasks/users did not reset the watchdog in time:[0m
[0;31mE (125869) task_wdt:  - IDLE1 (CPU 1)[0m
[0;31mE (125869) task_wdt: Tasks currently running:[0m
[0;31mE (125869) task_wdt: CPU 0: IDLE0[0m
[0;31mE (125869) task_wdt: CPU 1: loopTask[0m
[0;31mE (125869) task_wdt: Print CPU 1 backtrace[0m


Backtrace: 0x40376ADE:0x3FCA1D70 0x4037A129:0x3FCA1D90 0x42004759:0x3FCED4D0 0x420A8294:0x3FCED4F0
  #0  0x40376ADE in esp_crosscore_isr at /Users/thomashoser/.platformio/packages/framework-espidf@src-e55492bf35ec58abb1d0380572a1aa2a/components/esp_system/crosscore_int.c:74
  #1  0x3FCA1D70 in _xt_exception_table at ??:?
  #2  0x4037A129 in _xt_lowint1 at /Users/thomashoser/.platformio/packages/framework-espidf@src-e55492bf35ec58abb1d0380572a1aa2a/components/xtensa/xtensa_vectors.S:1240
  #3  0x3FCA1D90 in _xt_exception_table at /Users/thomashoser/.platformio/packages/framework-espidf@src-e55492bf35ec58abb1d0380572a1aa2a/components/freertos/FreeRTOS-Kernel/portable/xtensa/port.c:67
  #4  0x42004759 in setup() at src/main.cpp:282
  #5  0x420A8294 in loopTask(void*) at /Users/thomashoser/.platformio/packages/framework-arduinoespressif32-src-6cb0a29b74dc1d1bc6e83adba584d1d5/cores/esp32/main.cpp:67


[0;31mE (130869) task_wdt: Task watchdog got triggered. The following tasks/users did not reset the watchdog in time:[0m
[0;31mE (130869) task_wdt:  - IDLE1 (CPU 1)[0m
[0;31mE (130869) task_wdt: Tasks currently running:[0m
[0;31mE (130869) task_wdt: CPU 0: IDLE0[0m
[0;31mE (130869) task_wdt: CPU 1: loopTask[0m
[0;31mE (130869) task_wdt: Print CPU 1 backtrace[0m


Backtrace: 0x40376ADE:0x3FCA1D70 0x4037A129:0x3FCA1D90 0x42004759:0x3FCED4D0 0x420A8294:0x3FCED4F0
  #0  0x40376ADE in esp_crosscore_isr at /Users/thomashoser/.platformio/packages/framework-espidf@src-e55492bf35ec58abb1d0380572a1aa2a/components/esp_system/crosscore_int.c:74
  #1  0x3FCA1D70 in _xt_exception_table at ??:?
  #2  0x4037A129 in _xt_lowint1 at /Users/thomashoser/.platformio/packages/framework-espidf@src-e55492bf35ec58abb1d0380572a1aa2a/components/xtensa/xtensa_vectors.S:1240
  #3  0x3FCA1D90 in _xt_exception_table at /Users/thomashoser/.platformio/packages/framework-espidf@src-e55492bf35ec58abb1d0380572a1aa2a/components/freertos/FreeRTOS-Kernel/portable/xtensa/port.c:67
  #4  0x42004759 in setup() at src/main.cpp:282
  #5  0x420A8294 in loopTask(void*) at /Users/thomashoser/.platformio/packages/framework-arduinoespressif32-src-6cb0a29b74dc1d1bc6e83adba584d1d5/cores/esp32/main.cpp:67


[0;31mE (135869) task_wdt: Task watchdog got triggered. The following tasks/users did not reset the watchdog in time:[0m
[0;31mE (135869) task_wdt:  - IDLE1 (CPU 1)[0m
[0;31mE (135869) task_wdt: Tasks currently running:[0m
[0;31mE (135869) task_wdt: CPU 0: IDLE0[0m
[0;31mE (135869) task_wdt: CPU 1: loopTask[0m
[0;31mE (135869) task_wdt: Print CPU 1 backtrace[0m


Backtrace: 0x40376ADE:0x3FCA1D70 0x4037A129:0x3FCA1D90 0x42004759:0x3FCED4D0 0x420A8294:0x3FCED4F0
  #0  0x40376ADE in esp_crosscore_isr at /Users/thomashoser/.platformio/packages/framework-espidf@src-e55492bf35ec58abb1d0380572a1aa2a/components/esp_system/crosscore_int.c:74
  #1  0x3FCA1D70 in _xt_exception_table at ??:?
  #2  0x4037A129 in _xt_lowint1 at /Users/thomashoser/.platformio/packages/framework-espidf@src-e55492bf35ec58abb1d0380572a1aa2a/components/xtensa/xtensa_vectors.S:1240
  #3  0x3FCA1D90 in _xt_exception_table at /Users/thomashoser/.platformio/packages/framework-espidf@src-e55492bf35ec58abb1d0380572a1aa2a/components/freertos/FreeRTOS-Kernel/portable/xtensa/port.c:67
  #4  0x42004759 in setup() at src/main.cpp:282
  #5  0x420A8294 in loopTask(void*) at /Users/thomashoser/.platformio/packages/framework-arduinoespressif32-src-6cb0a29b74dc1d1bc6e83adba584d1d5/cores/esp32/main.cpp:67


[0;31mE (140869) task_wdt: Task watchdog got triggered. The following tasks/users did not reset the watchdog in time:[0m
[0;31mE (140869) task_wdt:  - IDLE1 (CPU 1)[0m
[0;31mE (140869) task_wdt: Tasks currently running:[0m
[0;31mE (140869) task_wdt: CPU 0: IDLE0[0m
[0;31mE (140869) task_wdt: CPU 1: loopTask[0m
[0;31mE (140869) task_wdt: Print CPU 1 backtrace[0m


Backtrace: 0x40376ADE:0x3FCA1D70 0x4037A129:0x3FCA1D90 0x42004759:0x3FCED4D0 0x420A8294:0x3FCED4F0
  #0  0x40376ADE in esp_crosscore_isr at /Users/thomashoser/.platformio/packages/framework-espidf@src-e55492bf35ec58abb1d0380572a1aa2a/components/esp_system/crosscore_int.c:74
  #1  0x3FCA1D70 in _xt_exception_table at ??:?
  #2  0x4037A129 in _xt_lowint1 at /Users/thomashoser/.platformio/packages/framework-espidf@src-e55492bf35ec58abb1d0380572a1aa2a/components/xtensa/xtensa_vectors.S:1240
  #3  0x3FCA1D90 in _xt_exception_table at /Users/thomashoser/.platformio/packages/framework-espidf@src-e55492bf35ec58abb1d0380572a1aa2a/components/freertos/FreeRTOS-Kernel/portable/xtensa/port.c:67
  #4  0x42004759 in setup() at src/main.cpp:282
  #5  0x420A8294 in loopTask(void*) at /Users/thomashoser/.platformio/packages/framework-arduinoespressif32-src-6cb0a29b74dc1d1bc6e83adba584d1d5/cores/esp32/main.cpp:67


[0;31mE (145869) task_wdt: Task watchdog got triggered. The following tasks/users did not reset the watchdog in time:[0m
[0;31mE (145869) task_wdt:  - IDLE1 (CPU 1)[0m
[0;31mE (145869) task_wdt: Tasks currently running:[0m
[0;31mE (145869) task_wdt: CPU 0: IDLE0[0m
[0;31mE (145869) task_wdt: CPU 1: loopTask[0m
[0;31mE (145869) task_wdt: Print CPU 1 backtrace[0m


Backtrace: 0x40376ADE:0x3FCA1D70 0x4037A129:0x3FCA1D90 0x42004759:0x3FCED4D0 0x420A8294:0x3FCED4F0
  #0  0x40376ADE in esp_crosscore_isr at /Users/thomashoser/.platformio/packages/framework-espidf@src-e55492bf35ec58abb1d0380572a1aa2a/components/esp_system/crosscore_int.c:74
  #1  0x3FCA1D70 in _xt_exception_table at ??:?
  #2  0x4037A129 in _xt_lowint1 at /Users/thomashoser/.platformio/packages/framework-espidf@src-e55492bf35ec58abb1d0380572a1aa2a/components/xtensa/xtensa_vectors.S:1240
  #3  0x3FCA1D90 in _xt_exception_table at /Users/thomashoser/.platformio/packages/framework-espidf@src-e55492bf35ec58abb1d0380572a1aa2a/components/freertos/FreeRTOS-Kernel/portable/xtensa/port.c:67
  #4  0x42004759 in setup() at src/main.cpp:282
  #5  0x420A8294 in loopTask(void*) at /Users/thomashoser/.platformio/packages/framework-arduinoespressif32-src-6cb0a29b74dc1d1bc6e83adba584d1d5/cores/esp32/main.cpp:67


[0;31mE (150869) task_wdt: Task watchdog got triggered. The following tasks/users did not reset the watchdog in time:[0m
[0;31mE (150869) task_wdt:  - IDLE1 (CPU 1)[0m
[0;31mE (150869) task_wdt: Tasks currently running:[0m
[0;31mE (150869) task_wdt: CPU 0: IDLE0[0m
[0;31mE (150869) task_wdt: CPU 1: loopTask[0m
[0;31mE (150869) task_wdt: Print CPU 1 backtrace[0m


Backtrace: 0x40376ADE:0x3FCA1D70 0x4037A129:0x3FCA1D90 0x42004759:0x3FCED4D0 0x420A8294:0x3FCED4F0
  #0  0x40376ADE in esp_crosscore_isr at /Users/thomashoser/.platformio/packages/framework-espidf@src-e55492bf35ec58abb1d0380572a1aa2a/components/esp_system/crosscore_int.c:74
  #1  0x3FCA1D70 in _xt_exception_table at ??:?
  #2  0x4037A129 in _xt_lowint1 at /Users/thomashoser/.platformio/packages/framework-espidf@src-e55492bf35ec58abb1d0380572a1aa2a/components/xtensa/xtensa_vectors.S:1240
  #3  0x3FCA1D90 in _xt_exception_table at /Users/thomashoser/.platformio/packages/framework-espidf@src-e55492bf35ec58abb1d0380572a1aa2a/components/freertos/FreeRTOS-Kernel/portable/xtensa/port.c:67
  #4  0x42004759 in setup() at src/main.cpp:282
  #5  0x420A8294 in loopTask(void*) at /Users/thomashoser/.platformio/packages/framework-arduinoespressif32-src-6cb0a29b74dc1d1bc6e83adba584d1d5/cores/esp32/main.cpp:67


[0;31mE (155869) task_wdt: Task watchdog got triggered. The following tasks/users did not reset the watchdog in time:[0m
[0;31mE (155869) task_wdt:  - IDLE1 (CPU 1)[0m
[0;31mE (155869) task_wdt: Tasks currently running:[0m
[0;31mE (155869) task_wdt: CPU 0: IDLE0[0m
[0;31mE (155869) task_wdt: CPU 1: loopTask[0m
[0;31mE (155869) task_wdt: Print CPU 1 backtrace[0m


Backtrace: 0x40376ADE:0x3FCA1D70 0x4037A129:0x3FCA1D90 0x42004759:0x3FCED4D0 0x420A8294:0x3FCED4F0
  #0  0x40376ADE in esp_crosscore_isr at /Users/thomashoser/.platformio/packages/framework-espidf@src-e55492bf35ec58abb1d0380572a1aa2a/components/esp_system/crosscore_int.c:74
  #1  0x3FCA1D70 in _xt_exception_table at ??:?
  #2  0x4037A129 in _xt_lowint1 at /Users/thomashoser/.platformio/packages/framework-espidf@src-e55492bf35ec58abb1d0380572a1aa2a/components/xtensa/xtensa_vectors.S:1240
  #3  0x3FCA1D90 in _xt_exception_table at /Users/thomashoser/.platformio/packages/framework-espidf@src-e55492bf35ec58abb1d0380572a1aa2a/components/freertos/FreeRTOS-Kernel/portable/xtensa/port.c:67
  #4  0x42004759 in setup() at src/main.cpp:282
  #5  0x420A8294 in loopTask(void*) at /Users/thomashoser/.platformio/packages/framework-arduinoespressif32-src-6cb0a29b74dc1d1bc6e83adba584d1d5/cores/esp32/main.cpp:67


[0;31mE (160869) task_wdt: Task watchdog got triggered. The following tasks/users did not reset the watchdog in time:[0m
[0;31mE (160869) task_wdt:  - IDLE1 (CPU 1)[0m
[0;31mE (160869) task_wdt: Tasks currently running:[0m
[0;31mE (160869) task_wdt: CPU 0: IDLE0[0m
[0;31mE (160869) task_wdt: CPU 1: loopTask[0m
[0;31mE (160869) task_wdt: Print CPU 1 backtrace[0m


Backtrace: 0x40376ADE:0x3FCA1D70 0x4037A129:0x3FCA1D90 0x42004759:0x3FCED4D0 0x420A8294:0x3FCED4F0
  #0  0x40376ADE in esp_crosscore_isr at /Users/thomashoser/.platformio/packages/framework-espidf@src-e55492bf35ec58abb1d0380572a1aa2a/components/esp_system/crosscore_int.c:74
  #1  0x3FCA1D70 in _xt_exception_table at ??:?
  #2  0x4037A129 in _xt_lowint1 at /Users/thomashoser/.platformio/packages/framework-espidf@src-e55492bf35ec58abb1d0380572a1aa2a/components/xtensa/xtensa_vectors.S:1240
  #3  0x3FCA1D90 in _xt_exception_table at /Users/thomashoser/.platformio/packages/framework-espidf@src-e55492bf35ec58abb1d0380572a1aa2a/components/freertos/FreeRTOS-Kernel/portable/xtensa/port.c:67
  #4  0x42004759 in setup() at src/main.cpp:282
  #5  0x420A8294 in loopTask(void*) at /Users/thomashoser/.platformio/packages/framework-arduinoespressif32-src-6cb0a29b74dc1d1bc6e83adba584d1d5/cores/esp32/main.cpp:67


[0;31mE (165869) task_wdt: Task watchdog got triggered. The following tasks/users did not reset the watchdog in time:[0m
[0;31mE (165869) task_wdt:  - IDLE1 (CPU 1)[0m
[0;31mE (165869) task_wdt: Tasks currently running:[0m
[0;31mE (165869) task_wdt: CPU 0: IDLE0[0m
[0;31mE (165869) task_wdt: CPU 1: loopTask[0m
[0;31mE (165869) task_wdt: Print CPU 1 backtrace[0m


Backtrace: 0x40376ADE:0x3FCA1D70 0x4037A129:0x3FCA1D90 0x42004759:0x3FCED4D0 0x420A8294:0x3FCED4F0
  #0  0x40376ADE in esp_crosscore_isr at /Users/thomashoser/.platformio/packages/framework-espidf@src-e55492bf35ec58abb1d0380572a1aa2a/components/esp_system/crosscore_int.c:74
  #1  0x3FCA1D70 in _xt_exception_table at ??:?
  #2  0x4037A129 in _xt_lowint1 at /Users/thomashoser/.platformio/packages/framework-espidf@src-e55492bf35ec58abb1d0380572a1aa2a/components/xtensa/xtensa_vectors.S:1240
  #3  0x3FCA1D90 in _xt_exception_table at /Users/thomashoser/.platformio/packages/framework-espidf@src-e55492bf35ec58abb1d0380572a1aa2a/components/freertos/FreeRTOS-Kernel/portable/xtensa/port.c:67
  #4  0x42004759 in setup() at src/main.cpp:282
  #5  0x420A8294 in loopTask(void*) at /Users/thomashoser/.platformio/packages/framework-arduinoespressif32-src-6cb0a29b74dc1d1bc6e83adba584d1d5/cores/esp32/main.cpp:67


[0;31mE (170869) task_wdt: Task watchdog got triggered. The following tasks/users did not reset the watchdog in time:[0m
[0;31mE (170869) task_wdt:  - IDLE1 (CPU 1)[0m
[0;31mE (170869) task_wdt: Tasks currently running:[0m
[0;31mE (170869) task_wdt: CPU 0: IDLE0[0m
[0;31mE (170869) task_wdt: CPU 1: loopTask[0m
[0;31mE (170869) task_wdt: Print CPU 1 backtrace[0m


Backtrace: 0x40376ADE:0x3FCA1D70 0x4037A129:0x3FCA1D90 0x42004759:0x3FCED4D0 0x420A8294:0x3FCED4F0
  #0  0x40376ADE in esp_crosscore_isr at /Users/thomashoser/.platformio/packages/framework-espidf@src-e55492bf35ec58abb1d0380572a1aa2a/components/esp_system/crosscore_int.c:74
  #1  0x3FCA1D70 in _xt_exception_table at ??:?
  #2  0x4037A129 in _xt_lowint1 at /Users/thomashoser/.platformio/packages/framework-espidf@src-e55492bf35ec58abb1d0380572a1aa2a/components/xtensa/xtensa_vectors.S:1240
  #3  0x3FCA1D90 in _xt_exception_table at /Users/thomashoser/.platformio/packages/framework-espidf@src-e55492bf35ec58abb1d0380572a1aa2a/components/freertos/FreeRTOS-Kernel/portable/xtensa/port.c:67
  #4  0x42004759 in setup() at src/main.cpp:282
  #5  0x420A8294 in loopTask(void*) at /Users/thomashoser/.platformio/packages/framework-arduinoespressif32-src-6cb0a29b74dc1d1bc6e83adba584d1d5/cores/esp32/main.cpp:67


[0;31mE (175869) task_wdt: Task watchdog got triggered. The following tasks/users did not reset the watchdog in time:[0m
[0;31mE (175869) task_wdt:  - IDLE1 (CPU 1)[0m
[0;31mE (175869) task_wdt: Tasks currently running:[0m
[0;31mE (175869) task_wdt: CPU 0: IDLE0[0m
[0;31mE (175869) task_wdt: CPU 1: loopTask[0m
[0;31mE (175869) task_wdt: Print CPU 1 backtrace[0m


Backtrace: 0x40376ADE:0x3FCA1D70 0x4037A129:0x3FCA1D90 0x42004759:0x3FCED4D0 0x420A8294:0x3FCED4F0
  #0  0x40376ADE in esp_crosscore_isr at /Users/thomashoser/.platformio/packages/framework-espidf@src-e55492bf35ec58abb1d0380572a1aa2a/components/esp_system/crosscore_int.c:74
  #1  0x3FCA1D70 in _xt_exception_table at ??:?
  #2  0x4037A129 in _xt_lowint1 at /Users/thomashoser/.platformio/packages/framework-espidf@src-e55492bf35ec58abb1d0380572a1aa2a/components/xtensa/xtensa_vectors.S:1240
  #3  0x3FCA1D90 in _xt_exception_table at /Users/thomashoser/.platformio/packages/framework-espidf@src-e55492bf35ec58abb1d0380572a1aa2a/components/freertos/FreeRTOS-Kernel/portable/xtensa/port.c:67
  #4  0x42004759 in setup() at src/main.cpp:282
  #5  0x420A8294 in loopTask(void*) at /Users/thomashoser/.platformio/packages/framework-arduinoespressif32-src-6cb0a29b74dc1d1bc6e83adba584d1d5/cores/esp32/main.cpp:67


[0;31mE (180869) task_wdt: Task watchdog got triggered. The following tasks/users did not reset the watchdog in time:[0m
[0;31mE (180869) task_wdt:  - IDLE1 (CPU 1)[0m
[0;31mE (180869) task_wdt: Tasks currently running:[0m
[0;31mE (180869) task_wdt: CPU 0: IDLE0[0m
[0;31mE (180869) task_wdt: CPU 1: loopTask[0m
[0;31mE (180869) task_wdt: Print CPU 1 backtrace[0m


Backtrace: 0x40376ADE:0x3FCA1D70 0x4037A129:0x3FCA1D90 0x42004759:0x3FCED4D0 0x420A8294:0x3FCED4F0
  #0  0x40376ADE in esp_crosscore_isr at /Users/thomashoser/.platformio/packages/framework-espidf@src-e55492bf35ec58abb1d0380572a1aa2a/components/esp_system/crosscore_int.c:74
  #1  0x3FCA1D70 in _xt_exception_table at ??:?
  #2  0x4037A129 in _xt_lowint1 at /Users/thomashoser/.platformio/packages/framework-espidf@src-e55492bf35ec58abb1d0380572a1aa2a/components/xtensa/xtensa_vectors.S:1240
  #3  0x3FCA1D90 in _xt_exception_table at /Users/thomashoser/.platformio/packages/framework-espidf@src-e55492bf35ec58abb1d0380572a1aa2a/components/freertos/FreeRTOS-Kernel/portable/xtensa/port.c:67
  #4  0x42004759 in setup() at src/main.cpp:282
  #5  0x420A8294 in loopTask(void*) at /Users/thomashoser/.platformio/packages/framework-arduinoespressif32-src-6cb0a29b74dc1d1bc6e83adba584d1d5/cores/esp32/main.cpp:67


[0;31mE (185869) task_wdt: Task watchdog got triggered. The following tasks/users did not reset the watchdog in time:[0m
[0;31mE (185869) task_wdt:  - IDLE1 (CPU 1)[0m
[0;31mE (185869) task_wdt: Tasks currently running:[0m
[0;31mE (185869) task_wdt: CPU 0: IDLE0[0m
[0;31mE (185869) task_wdt: CPU 1: loopTask[0m
[0;31mE (185869) task_wdt: Print CPU 1 backtrace[0m


Backtrace: 0x40376ADE:0x3FCA1D70 0x4037A129:0x3FCA1D90 0x42004759:0x3FCED4D0 0x420A8294:0x3FCED4F0
  #0  0x40376ADE in esp_crosscore_isr at /Users/thomashoser/.platformio/packages/framework-espidf@src-e55492bf35ec58abb1d0380572a1aa2a/components/esp_system/crosscore_int.c:74
  #1  0x3FCA1D70 in _xt_exception_table at ??:?
  #2  0x4037A129 in _xt_lowint1 at /Users/thomashoser/.platformio/packages/framework-espidf@src-e55492bf35ec58abb1d0380572a1aa2a/components/xtensa/xtensa_vectors.S:1240
  #3  0x3FCA1D90 in _xt_exception_table at /Users/thomashoser/.platformio/packages/framework-espidf@src-e55492bf35ec58abb1d0380572a1aa2a/components/freertos/FreeRTOS-Kernel/portable/xtensa/port.c:67
  #4  0x42004759 in setup() at src/main.cpp:282
  #5  0x420A8294 in loopTask(void*) at /Users/thomashoser/.platformio/packages/framework-arduinoespressif32-src-6cb0a29b74dc1d1bc6e83adba584d1d5/cores/esp32/main.cpp:67


[0;31mE (190869) task_wdt: Task watchdog got triggered. The following tasks/users did not reset the watchdog in time:[0m
[0;31mE (190869) task_wdt:  - IDLE1 (CPU 1)[0m
[0;31mE (190869) task_wdt: Tasks currently running:[0m
[0;31mE (190869) task_wdt: CPU 0: IDLE0[0m
[0;31mE (190869) task_wdt: CPU 1: loopTask[0m
[0;31mE (190869) task_wdt: Print CPU 1 backtrace[0m


Backtrace: 0x40376ADE:0x3FCA1D70 0x4037A129:0x3FCA1D90 0x42004759:0x3FCED4D0 0x420A8294:0x3FCED4F0
  #0  0x40376ADE in esp_crosscore_isr at /Users/thomashoser/.platformio/packages/framework-espidf@src-e55492bf35ec58abb1d0380572a1aa2a/components/esp_system/crosscore_int.c:74
  #1  0x3FCA1D70 in _xt_exception_table at ??:?
  #2  0x4037A129 in _xt_lowint1 at /Users/thomashoser/.platformio/packages/framework-espidf@src-e55492bf35ec58abb1d0380572a1aa2a/components/xtensa/xtensa_vectors.S:1240
  #3  0x3FCA1D90 in _xt_exception_table at /Users/thomashoser/.platformio/packages/framework-espidf@src-e55492bf35ec58abb1d0380572a1aa2a/components/freertos/FreeRTOS-Kernel/portable/xtensa/port.c:67
  #4  0x42004759 in setup() at src/main.cpp:282
  #5  0x420A8294 in loopTask(void*) at /Users/thomashoser/.platformio/packages/framework-arduinoespressif32-src-6cb0a29b74dc1d1bc6e83adba584d1d5/cores/esp32/main.cpp:67


[0;31mE (195869) task_wdt: Task watchdog got triggered. The following tasks/users did not reset the watchdog in time:[0m
[0;31mE (195869) task_wdt:  - IDLE1 (CPU 1)[0m
[0;31mE (195869) task_wdt: Tasks currently running:[0m
[0;31mE (195869) task_wdt: CPU 0: IDLE0[0m
[0;31mE (195869) task_wdt: CPU 1: loopTask[0m
[0;31mE (195869) task_wdt: Print CPU 1 backtrace[0m


Backtrace: 0x40376ADE:0x3FCA1D70 0x4037A129:0x3FCA1D90 0x42004759:0x3FCED4D0 0x420A8294:0x3FCED4F0
  #0  0x40376ADE in esp_crosscore_isr at /Users/thomashoser/.platformio/packages/framework-espidf@src-e55492bf35ec58abb1d0380572a1aa2a/components/esp_system/crosscore_int.c:74
  #1  0x3FCA1D70 in _xt_exception_table at ??:?
  #2  0x4037A129 in _xt_lowint1 at /Users/thomashoser/.platformio/packages/framework-espidf@src-e55492bf35ec58abb1d0380572a1aa2a/components/xtensa/xtensa_vectors.S:1240
  #3  0x3FCA1D90 in _xt_exception_table at /Users/thomashoser/.platformio/packages/framework-espidf@src-e55492bf35ec58abb1d0380572a1aa2a/components/freertos/FreeRTOS-Kernel/portable/xtensa/port.c:67
  #4  0x42004759 in setup() at src/main.cpp:282
  #5  0x420A8294 in loopTask(void*) at /Users/thomashoser/.platformio/packages/framework-arduinoespressif32-src-6cb0a29b74dc1d1bc6e83adba584d1d5/cores/esp32/main.cpp:67


[0;31mE (200869) task_wdt: Task watchdog got triggered. The following tasks/users did not reset the watchdog in time:[0m
[0;31mE (200869) task_wdt:  - IDLE1 (CPU 1)[0m
[0;31mE (200869) task_wdt: Tasks currently running:[0m
[0;31mE (200869) task_wdt: CPU 0: IDLE0[0m
[0;31mE (200869) task_wdt: CPU 1: loopTask[0m
[0;31mE (200869) task_wdt: Print CPU 1 backtrace[0m


Backtrace: 0x40376ADE:0x3FCA1D70 0x4037A129:0x3FCA1D90 0x42004759:0x3FCED4D0 0x420A8294:0x3FCED4F0
  #0  0x40376ADE in esp_crosscore_isr at /Users/thomashoser/.platformio/packages/framework-espidf@src-e55492bf35ec58abb1d0380572a1aa2a/components/esp_system/crosscore_int.c:74
  #1  0x3FCA1D70 in _xt_exception_table at ??:?
  #2  0x4037A129 in _xt_lowint1 at /Users/thomashoser/.platformio/packages/framework-espidf@src-e55492bf35ec58abb1d0380572a1aa2a/components/xtensa/xtensa_vectors.S:1240
  #3  0x3FCA1D90 in _xt_exception_table at /Users/thomashoser/.platformio/packages/framework-espidf@src-e55492bf35ec58abb1d0380572a1aa2a/components/freertos/FreeRTOS-Kernel/portable/xtensa/port.c:67
  #4  0x42004759 in setup() at src/main.cpp:282
  #5  0x420A8294 in loopTask(void*) at /Users/thomashoser/.platformio/packages/framework-arduinoespressif32-src-6cb0a29b74dc1d1bc6e83adba584d1d5/cores/esp32/main.cpp:67


[0;31mE (205869) task_wdt: Task watchdog got triggered. The following tasks/users did not reset the watchdog in time:[0m
[0;31mE (205869) task_wdt:  - IDLE1 (CPU 1)[0m
[0;31mE (205869) task_wdt: Tasks currently running:[0m
[0;31mE (205869) task_wdt: CPU 0: IDLE0[0m
[0;31mE (205869) task_wdt: CPU 1: loopTask[0m
[0;31mE (205869) task_wdt: Print CPU 1 backtrace[0m


Backtrace: 0x40376ADE:0x3FCA1D70 0x4037A129:0x3FCA1D90 0x42004759:0x3FCED4D0 0x420A8294:0x3FCED4F0
  #0  0x40376ADE in esp_crosscore_isr at /Users/thomashoser/.platformio/packages/framework-espidf@src-e55492bf35ec58abb1d0380572a1aa2a/components/esp_system/crosscore_int.c:74
  #1  0x3FCA1D70 in _xt_exception_table at ??:?
  #2  0x4037A129 in _xt_lowint1 at /Users/thomashoser/.platformio/packages/framework-espidf@src-e55492bf35ec58abb1d0380572a1aa2a/components/xtensa/xtensa_vectors.S:1240
  #3  0x3FCA1D90 in _xt_exception_table at /Users/thomashoser/.platformio/packages/framework-espidf@src-e55492bf35ec58abb1d0380572a1aa2a/components/freertos/FreeRTOS-Kernel/portable/xtensa/port.c:67
  #4  0x42004759 in setup() at src/main.cpp:282
  #5  0x420A8294 in loopTask(void*) at /Users/thomashoser/.platformio/packages/framework-arduinoespressif32-src-6cb0a29b74dc1d1bc6e83adba584d1d5/cores/esp32/main.cpp:67


[0;31mE (210869) task_wdt: Task watchdog got triggered. The following tasks/users did not reset the watchdog in time:[0m
[0;31mE (210869) task_wdt:  - IDLE1 (CPU 1)[0m
[0;31mE (210869) task_wdt: Tasks currently running:[0m
[0;31mE (210869) task_wdt: CPU 0: IDLE0[0m
[0;31mE (210869) task_wdt: CPU 1: loopTask[0m
[0;31mE (210869) task_wdt: Print CPU 1 backtrace[0m


Backtrace: 0x40376ADE:0x3FCA1D70 0x4037A129:0x3FCA1D90 0x42004759:0x3FCED4D0 0x420A8294:0x3FCED4F0
  #0  0x40376ADE in esp_crosscore_isr at /Users/thomashoser/.platformio/packages/framework-espidf@src-e55492bf35ec58abb1d0380572a1aa2a/components/esp_system/crosscore_int.c:74
  #1  0x3FCA1D70 in _xt_exception_table at ??:?
  #2  0x4037A129 in _xt_lowint1 at /Users/thomashoser/.platformio/packages/framework-espidf@src-e55492bf35ec58abb1d0380572a1aa2a/components/xtensa/xtensa_vectors.S:1240
  #3  0x3FCA1D90 in _xt_exception_table at /Users/thomashoser/.platformio/packages/framework-espidf@src-e55492bf35ec58abb1d0380572a1aa2a/components/freertos/FreeRTOS-Kernel/portable/xtensa/port.c:67
  #4  0x42004759 in setup() at src/main.cpp:282
  #5  0x420A8294 in loopTask(void*) at /Users/thomashoser/.platformio/packages/framework-arduinoespressif32-src-6cb0a29b74dc1d1bc6e83adba584d1d5/cores/esp32/main.cpp:67


[0;31mE (215869) task_wdt: Task watchdog got triggered. The following tasks/users did not reset the watchdog in time:[0m
[0;31mE (215869) task_wdt:  - IDLE1 (CPU 1)[0m
[0;31mE (215869) task_wdt: Tasks currently running:[0m
[0;31mE (215869) task_wdt: CPU 0: IDLE0[0m
[0;31mE (215869) task_wdt: CPU 1: loopTask[0m
[0;31mE (215869) task_wdt: Print CPU 1 backtrace[0m


Backtrace: 0x40376ADE:0x3FCA1D70 0x4037A129:0x3FCA1D90 0x42004759:0x3FCED4D0 0x420A8294:0x3FCED4F0
  #0  0x40376ADE in esp_crosscore_isr at /Users/thomashoser/.platformio/packages/framework-espidf@src-e55492bf35ec58abb1d0380572a1aa2a/components/esp_system/crosscore_int.c:74
  #1  0x3FCA1D70 in _xt_exception_table at ??:?
  #2  0x4037A129 in _xt_lowint1 at /Users/thomashoser/.platformio/packages/framework-espidf@src-e55492bf35ec58abb1d0380572a1aa2a/components/xtensa/xtensa_vectors.S:1240
  #3  0x3FCA1D90 in _xt_exception_table at /Users/thomashoser/.platformio/packages/framework-espidf@src-e55492bf35ec58abb1d0380572a1aa2a/components/freertos/FreeRTOS-Kernel/portable/xtensa/port.c:67
  #4  0x42004759 in setup() at src/main.cpp:282
  #5  0x420A8294 in loopTask(void*) at /Users/thomashoser/.platformio/packages/framework-arduinoespressif32-src-6cb0a29b74dc1d1bc6e83adba584d1d5/cores/esp32/main.cpp:67


[0;31mE (220869) task_wdt: Task watchdog got triggered. The following tasks/users did not reset the watchdog in time:[0m
[0;31mE (220869) task_wdt:  - IDLE1 (CPU 1)[0m
[0;31mE (220869) task_wdt: Tasks currently running:[0m
[0;31mE (220869) task_wdt: CPU 0: IDLE0[0m
[0;31mE (220869) task_wdt: CPU 1: loopTask[0m
[0;31mE (220869) task_wdt: Print CPU 1 backtrace[0m


Backtrace: 0x40376ADE:0x3FCA1D70 0x4037A129:0x3FCA1D90 0x42004759:0x3FCED4D0 0x420A8294:0x3FCED4F0
  #0  0x40376ADE in esp_crosscore_isr at /Users/thomashoser/.platformio/packages/framework-espidf@src-e55492bf35ec58abb1d0380572a1aa2a/components/esp_system/crosscore_int.c:74
  #1  0x3FCA1D70 in _xt_exception_table at ??:?
  #2  0x4037A129 in _xt_lowint1 at /Users/thomashoser/.platformio/packages/framework-espidf@src-e55492bf35ec58abb1d0380572a1aa2a/components/xtensa/xtensa_vectors.S:1240
  #3  0x3FCA1D90 in _xt_exception_table at /Users/thomashoser/.platformio/packages/framework-espidf@src-e55492bf35ec58abb1d0380572a1aa2a/components/freertos/FreeRTOS-Kernel/portable/xtensa/port.c:67
  #4  0x42004759 in setup() at src/main.cpp:282
  #5  0x420A8294 in loopTask(void*) at /Users/thomashoser/.platformio/packages/framework-arduinoespressif32-src-6cb0a29b74dc1d1bc6e83adba584d1d5/cores/esp32/main.cpp:67


[0;31mE (225869) task_wdt: Task watchdog got triggered. The following tasks/users did not reset the watchdog in time:[0m
[0;31mE (225869) task_wdt:  - IDLE1 (CPU 1)[0m
[0;31mE (225869) task_wdt: Tasks currently running:[0m
[0;31mE (225869) task_wdt: CPU 0: IDLE0[0m
[0;31mE (225869) task_wdt: CPU 1: loopTask[0m
[0;31mE (225869) task_wdt: Print CPU 1 backtrace[0m


Backtrace: 0x40376ADE:0x3FCA1D70 0x4037A129:0x3FCA1D90 0x42004759:0x3FCED4D0 0x420A8294:0x3FCED4F0
  #0  0x40376ADE in esp_crosscore_isr at /Users/thomashoser/.platformio/packages/framework-espidf@src-e55492bf35ec58abb1d0380572a1aa2a/components/esp_system/crosscore_int.c:74
  #1  0x3FCA1D70 in _xt_exception_table at ??:?
  #2  0x4037A129 in _xt_lowint1 at /Users/thomashoser/.platformio/packages/framework-espidf@src-e55492bf35ec58abb1d0380572a1aa2a/components/xtensa/xtensa_vectors.S:1240
  #3  0x3FCA1D90 in _xt_exception_table at /Users/thomashoser/.platformio/packages/framework-espidf@src-e55492bf35ec58abb1d0380572a1aa2a/components/freertos/FreeRTOS-Kernel/portable/xtensa/port.c:67
  #4  0x42004759 in setup() at src/main.cpp:282
  #5  0x420A8294 in loopTask(void*) at /Users/thomashoser/.platformio/packages/framework-arduinoespressif32-src-6cb0a29b74dc1d1bc6e83adba584d1d5/cores/esp32/main.cpp:67


[0;31mE (230869) task_wdt: Task watchdog got triggered. The following tasks/users did not reset the watchdog in time:[0m
[0;31mE (230869) task_wdt:  - IDLE1 (CPU 1)[0m
[0;31mE (230869) task_wdt: Tasks currently running:[0m
[0;31mE (230869) task_wdt: CPU 0: IDLE0[0m
[0;31mE (230869) task_wdt: CPU 1: loopTask[0m
[0;31mE (230869) task_wdt: Print CPU 1 backtrace[0m


Backtrace: 0x40376ADE:0x3FCA1D70 0x4037A129:0x3FCA1D90 0x42004759:0x3FCED4D0 0x420A8294:0x3FCED4F0
  #0  0x40376ADE in esp_crosscore_isr at /Users/thomashoser/.platformio/packages/framework-espidf@src-e55492bf35ec58abb1d0380572a1aa2a/components/esp_system/crosscore_int.c:74
  #1  0x3FCA1D70 in _xt_exception_table at ??:?
  #2  0x4037A129 in _xt_lowint1 at /Users/thomashoser/.platformio/packages/framework-espidf@src-e55492bf35ec58abb1d0380572a1aa2a/components/xtensa/xtensa_vectors.S:1240
  #3  0x3FCA1D90 in _xt_exception_table at /Users/thomashoser/.platformio/packages/framework-espidf@src-e55492bf35ec58abb1d0380572a1aa2a/components/freertos/FreeRTOS-Kernel/portable/xtensa/port.c:67
  #4  0x42004759 in setup() at src/main.cpp:282
  #5  0x420A8294 in loopTask(void*) at /Users/thomashoser/.platformio/packages/framework-arduinoespressif32-src-6cb0a29b74dc1d1bc6e83adba584d1d5/cores/esp32/main.cpp:67


[0;31mE (235869) task_wdt: Task watchdog got triggered. The following tasks/users did not reset the watchdog in time:[0m
[0;31mE (235869) task_wdt:  - IDLE1 (CPU 1)[0m
[0;31mE (235869) task_wdt: Tasks currently running:[0m
[0;31mE (235869) task_wdt: CPU 0: IDLE0[0m
[0;31mE (235869) task_wdt: CPU 1: loopTask[0m
[0;31mE (235869) task_wdt: Print CPU 1 backtrace[0m


Backtrace: 0x40376ADE:0x3FCA1D70 0x4037A129:0x3FCA1D90 0x42004759:0x3FCED4D0 0x420A8294:0x3FCED4F0
  #0  0x40376ADE in esp_crosscore_isr at /Users/thomashoser/.platformio/packages/framework-espidf@src-e55492bf35ec58abb1d0380572a1aa2a/components/esp_system/crosscore_int.c:74
  #1  0x3FCA1D70 in _xt_exception_table at ??:?
  #2  0x4037A129 in _xt_lowint1 at /Users/thomashoser/.platformio/packages/framework-espidf@src-e55492bf35ec58abb1d0380572a1aa2a/components/xtensa/xtensa_vectors.S:1240
  #3  0x3FCA1D90 in _xt_exception_table at /Users/thomashoser/.platformio/packages/framework-espidf@src-e55492bf35ec58abb1d0380572a1aa2a/components/freertos/FreeRTOS-Kernel/portable/xtensa/port.c:67
  #4  0x42004759 in setup() at src/main.cpp:282
  #5  0x420A8294 in loopTask(void*) at /Users/thomashoser/.platformio/packages/framework-arduinoespressif32-src-6cb0a29b74dc1d1bc6e83adba584d1d5/cores/esp32/main.cpp:67


[0;31mE (240869) task_wdt: Task watchdog got triggered. The following tasks/users did not reset the watchdog in time:[0m
[0;31mE (240869) task_wdt:  - IDLE1 (CPU 1)[0m
[0;31mE (240869) task_wdt: Tasks currently running:[0m
[0;31mE (240869) task_wdt: CPU 0: IDLE0[0m
[0;31mE (240869) task_wdt: CPU 1: loopTask[0m
[0;31mE (240869) task_wdt: Print CPU 1 backtrace[0m


Backtrace: 0x40376ADE:0x3FCA1D70 0x4037A129:0x3FCA1D90 0x42004759:0x3FCED4D0 0x420A8294:0x3FCED4F0
  #0  0x40376ADE in esp_crosscore_isr at /Users/thomashoser/.platformio/packages/framework-espidf@src-e55492bf35ec58abb1d0380572a1aa2a/components/esp_system/crosscore_int.c:74
  #1  0x3FCA1D70 in _xt_exception_table at ??:?
  #2  0x4037A129 in _xt_lowint1 at /Users/thomashoser/.platformio/packages/framework-espidf@src-e55492bf35ec58abb1d0380572a1aa2a/components/xtensa/xtensa_vectors.S:1240
  #3  0x3FCA1D90 in _xt_exception_table at /Users/thomashoser/.platformio/packages/framework-espidf@src-e55492bf35ec58abb1d0380572a1aa2a/components/freertos/FreeRTOS-Kernel/portable/xtensa/port.c:67
  #4  0x42004759 in setup() at src/main.cpp:282
  #5  0x420A8294 in loopTask(void*) at /Users/thomashoser/.platformio/packages/framework-arduinoespressif32-src-6cb0a29b74dc1d1bc6e83adba584d1d5/cores/esp32/main.cpp:67


[0;31mE (245869) task_wdt: Task watchdog got triggered. The following tasks/users did not reset the watchdog in time:[0m
[0;31mE (245869) task_wdt:  - IDLE1 (CPU 1)[0m
[0;31mE (245869) task_wdt: Tasks currently running:[0m
[0;31mE (245869) task_wdt: CPU 0: IDLE0[0m
[0;31mE (245869) task_wdt: CPU 1: loopTask[0m
[0;31mE (245869) task_wdt: Print CPU 1 backtrace[0m


Backtrace: 0x40376ADE:0x3FCA1D70 0x4037A129:0x3FCA1D90 0x42004759:0x3FCED4D0 0x420A8294:0x3FCED4F0
  #0  0x40376ADE in esp_crosscore_isr at /Users/thomashoser/.platformio/packages/framework-espidf@src-e55492bf35ec58abb1d0380572a1aa2a/components/esp_system/crosscore_int.c:74
  #1  0x3FCA1D70 in _xt_exception_table at ??:?
  #2  0x4037A129 in _xt_lowint1 at /Users/thomashoser/.platformio/packages/framework-espidf@src-e55492bf35ec58abb1d0380572a1aa2a/components/xtensa/xtensa_vectors.S:1240
  #3  0x3FCA1D90 in _xt_exception_table at /Users/thomashoser/.platformio/packages/framework-espidf@src-e55492bf35ec58abb1d0380572a1aa2a/components/freertos/FreeRTOS-Kernel/portable/xtensa/port.c:67
  #4  0x42004759 in setup() at src/main.cpp:282
  #5  0x420A8294 in loopTask(void*) at /Users/thomashoser/.platformio/packages/framework-arduinoespressif32-src-6cb0a29b74dc1d1bc6e83adba584d1d5/cores/esp32/main.cpp:67


[0;31mE (250869) task_wdt: Task watchdog got triggered. The following tasks/users did not reset the watchdog in time:[0m
[0;31mE (250869) task_wdt:  - IDLE1 (CPU 1)[0m
[0;31mE (250869) task_wdt: Tasks currently running:[0m
[0;31mE (250869) task_wdt: CPU 0: IDLE0[0m
[0;31mE (250869) task_wdt: CPU 1: loopTask[0m
[0;31mE (250869) task_wdt: Print CPU 1 backtrace[0m


Backtrace: 0x40376ADE:0x3FCA1D70 0x4037A129:0x3FCA1D90 0x42004759:0x3FCED4D0 0x420A8294:0x3FCED4F0
  #0  0x40376ADE in esp_crosscore_isr at /Users/thomashoser/.platformio/packages/framework-espidf@src-e55492bf35ec58abb1d0380572a1aa2a/components/esp_system/crosscore_int.c:74
  #1  0x3FCA1D70 in _xt_exception_table at ??:?
  #2  0x4037A129 in _xt_lowint1 at /Users/thomashoser/.platformio/packages/framework-espidf@src-e55492bf35ec58abb1d0380572a1aa2a/components/xtensa/xtensa_vectors.S:1240
  #3  0x3FCA1D90 in _xt_exception_table at /Users/thomashoser/.platformio/packages/framework-espidf@src-e55492bf35ec58abb1d0380572a1aa2a/components/freertos/FreeRTOS-Kernel/portable/xtensa/port.c:67
  #4  0x42004759 in setup() at src/main.cpp:282
  #5  0x420A8294 in loopTask(void*) at /Users/thomashoser/.platformio/packages/framework-arduinoespressif32-src-6cb0a29b74dc1d1bc6e83adba584d1d5/cores/esp32/main.cpp:67


[0;31mE (255869) task_wdt: Task watchdog got triggered. The following tasks/users did not reset the watchdog in time:[0m
[0;31mE (255869) task_wdt:  - IDLE1 (CPU 1)[0m
[0;31mE (255869) task_wdt: Tasks currently running:[0m
[0;31mE (255869) task_wdt: CPU 0: IDLE0[0m
[0;31mE (255869) task_wdt: CPU 1: loopTask[0m
[0;31mE (255869) task_wdt: Print CPU 1 backtrace[0m


Backtrace: 0x40376ADE:0x3FCA1D70 0x4037A129:0x3FCA1D90 0x42004759:0x3FCED4D0 0x420A8294:0x3FCED4F0
  #0  0x40376ADE in esp_crosscore_isr at /Users/thomashoser/.platformio/packages/framework-espidf@src-e55492bf35ec58abb1d0380572a1aa2a/components/esp_system/crosscore_int.c:74
  #1  0x3FCA1D70 in _xt_exception_table at ??:?
  #2  0x4037A129 in _xt_lowint1 at /Users/thomashoser/.platformio/packages/framework-espidf@src-e55492bf35ec58abb1d0380572a1aa2a/components/xtensa/xtensa_vectors.S:1240
  #3  0x3FCA1D90 in _xt_exception_table at /Users/thomashoser/.platformio/packages/framework-espidf@src-e55492bf35ec58abb1d0380572a1aa2a/components/freertos/FreeRTOS-Kernel/portable/xtensa/port.c:67
  #4  0x42004759 in setup() at src/main.cpp:282
  #5  0x420A8294 in loopTask(void*) at /Users/thomashoser/.platformio/packages/framework-arduinoespressif32-src-6cb0a29b74dc1d1bc6e83adba584d1d5/cores/esp32/main.cpp:67


[0;31mE (260869) task_wdt: Task watchdog got triggered. The following tasks/users did not reset the watchdog in time:[0m
[0;31mE (260869) task_wdt:  - IDLE1 (CPU 1)[0m
[0;31mE (260869) task_wdt: Tasks currently running:[0m
[0;31mE (260869) task_wdt: CPU 0: IDLE0[0m
[0;31mE (260869) task_wdt: CPU 1: loopTask[0m
[0;31mE (260869) task_wdt: Print CPU 1 backtrace[0m


Backtrace: 0x40376ADE:0x3FCA1D70 0x4037A129:0x3FCA1D90 0x42004759:0x3FCED4D0 0x420A8294:0x3FCED4F0
  #0  0x40376ADE in esp_crosscore_isr at /Users/thomashoser/.platformio/packages/framework-espidf@src-e55492bf35ec58abb1d0380572a1aa2a/components/esp_system/crosscore_int.c:74
  #1  0x3FCA1D70 in _xt_exception_table at ??:?
  #2  0x4037A129 in _xt_lowint1 at /Users/thomashoser/.platformio/packages/framework-espidf@src-e55492bf35ec58abb1d0380572a1aa2a/components/xtensa/xtensa_vectors.S:1240
  #3  0x3FCA1D90 in _xt_exception_table at /Users/thomashoser/.platformio/packages/framework-espidf@src-e55492bf35ec58abb1d0380572a1aa2a/components/freertos/FreeRTOS-Kernel/portable/xtensa/port.c:67
  #4  0x42004759 in setup() at src/main.cpp:282
  #5  0x420A8294 in loopTask(void*) at /Users/thomashoser/.platformio/packages/framework-arduinoespressif32-src-6cb0a29b74dc1d1bc6e83adba584d1d5/cores/esp32/main.cpp:67


[0;31mE (265869) task_wdt: Task watchdog got triggered. The following tasks/users did not reset the watchdog in time:[0m
[0;31mE (265869) task_wdt:  - IDLE1 (CPU 1)[0m
[0;31mE (265869) task_wdt: Tasks currently running:[0m
[0;31mE (265869) task_wdt: CPU 0: IDLE0[0m
[0;31mE (265869) task_wdt: CPU 1: loopTask[0m
[0;31mE (265869) task_wdt: Print CPU 1 backtrace[0m


Backtrace: 0x40376ADE:0x3FCA1D70 0x4037A129:0x3FCA1D90 0x42004759:0x3FCED4D0 0x420A8294:0x3FCED4F0
  #0  0x40376ADE in esp_crosscore_isr at /Users/thomashoser/.platformio/packages/framework-espidf@src-e55492bf35ec58abb1d0380572a1aa2a/components/esp_system/crosscore_int.c:74
  #1  0x3FCA1D70 in _xt_exception_table at ??:?
  #2  0x4037A129 in _xt_lowint1 at /Users/thomashoser/.platformio/packages/framework-espidf@src-e55492bf35ec58abb1d0380572a1aa2a/components/xtensa/xtensa_vectors.S:1240
  #3  0x3FCA1D90 in _xt_exception_table at /Users/thomashoser/.platformio/packages/framework-espidf@src-e55492bf35ec58abb1d0380572a1aa2a/components/freertos/FreeRTOS-Kernel/portable/xtensa/port.c:67
  #4  0x42004759 in setup() at src/main.cpp:282
  #5  0x420A8294 in loopTask(void*) at /Users/thomashoser/.platformio/packages/framework-arduinoespressif32-src-6cb0a29b74dc1d1bc6e83adba584d1d5/cores/esp32/main.cpp:67


[0;31mE (270869) task_wdt: Task watchdog got triggered. The following tasks/users did not reset the watchdog in time:[0m
[0;31mE (270869) task_wdt:  - IDLE1 (CPU 1)[0m
[0;31mE (270869) task_wdt: Tasks currently running:[0m
[0;31mE (270869) task_wdt: CPU 0: IDLE0[0m
[0;31mE (270869) task_wdt: CPU 1: loopTask[0m
[0;31mE (270869) task_wdt: Print CPU 1 backtrace[0m


Backtrace: 0x40376ADE:0x3FCA1D70 0x4037A129:0x3FCA1D90 0x42004759:0x3FCED4D0 0x420A8294:0x3FCED4F0
  #0  0x40376ADE in esp_crosscore_isr at /Users/thomashoser/.platformio/packages/framework-espidf@src-e55492bf35ec58abb1d0380572a1aa2a/components/esp_system/crosscore_int.c:74
  #1  0x3FCA1D70 in _xt_exception_table at ??:?
  #2  0x4037A129 in _xt_lowint1 at /Users/thomashoser/.platformio/packages/framework-espidf@src-e55492bf35ec58abb1d0380572a1aa2a/components/xtensa/xtensa_vectors.S:1240
  #3  0x3FCA1D90 in _xt_exception_table at /Users/thomashoser/.platformio/packages/framework-espidf@src-e55492bf35ec58abb1d0380572a1aa2a/components/freertos/FreeRTOS-Kernel/portable/xtensa/port.c:67
  #4  0x42004759 in setup() at src/main.cpp:282
  #5  0x420A8294 in loopTask(void*) at /Users/thomashoser/.platformio/packages/framework-arduinoespressif32-src-6cb0a29b74dc1d1bc6e83adba584d1d5/cores/esp32/main.cpp:67

