*WM: Scan done
*WM: DUP AP: A-Team
*WM: DUP AP: A-Team
[0;31m[ 27176][E][STA.cpp:347] connect(): STA connect failed! 0x300a: ESP_ERR_WIFI_SSID[0m
[0;31mE (35247) task_wdt: Task watchdog got triggered. The following tasks/users did not reset the watchdog in time:[0m
[0;31mE (35247) task_wdt:  - IDLE1 (CPU 1)[0m
[0;31mE (35247) task_wdt: Tasks currently running:[0m
[0;31mE (35247) task_wdt: CPU 0: IDLE0[0m
[0;31mE (35247) task_wdt: CPU 1: loopTask[0m
[0;31mE (35247) task_wdt: Print CPU 1 backtrace[0m


Backtrace: 0x40376ABE:0x3FCA1C70 0x4037A0F9:0x3FCA1C90 0x40381170:0x3FCEBED0 0x420A41D6:0x3FCEBEF0 0x4209BBA9:0x3FCEBF10 0x4209BD1B:0x3FCEBF50 0x4200633D:0x3FCEBFB0 0x42004696:0x3FCEC1E0 0x420A7E28:0x3FCEC200
  #0  0x40376ABE in esp_crosscore_isr at /Users/thomashoser/.platformio/packages/framework-espidf@src-e55492bf35ec58abb1d0380572a1aa2a/components/esp_system/crosscore_int.c:74
  #1  0x3FCA1C70 in _xt_exception_table at ??:?
  #2  0x4037A0F9 in _xt_lowint1 at /Users/thomashoser/.platformio/packages/framework-espidf@src-e55492bf35ec58abb1d0380572a1aa2a/components/xtensa/xtensa_vectors.S:1240
  #3  0x3FCA1C90 in _xt_exception_table at /Users/thomashoser/.platformio/packages/framework-espidf@src-e55492bf35ec58abb1d0380572a1aa2a/components/freertos/FreeRTOS-Kernel/portable/xtensa/port.c:67
  #4  0x40381170 in _frxt_dispatch at /Users/thomashoser/.platformio/packages/framework-espidf@src-e55492bf35ec58abb1d0380572a1aa2a/components/freertos/FreeRTOS-Kernel/portable/xtensa/portasm.S:484
  #5  0x420A41D6 in __yield at /Users/thomashoser/.platformio/packages/framework-arduinoespressif32-src-6cb0a29b74dc1d1bc6e83adba584d1d5/cores/esp32/esp32-hal-misc.c:118
  #6  0x4209BBA9 in AsyncWiFiManager::startConfigPortal(char const*, char const*) at .pio/libdeps/lilygo-t-display-s3/ESPAsyncWiFiManager/src/ESPAsyncWiFiManager.cpp:678
  #7  0x4209BD1B in AsyncWiFiManager::autoConnect(char const*, char const*, unsigned long, unsigned long) at .pio/libdeps/lilygo-t-display-s3/ESPAsyncWiFiManager/src/ESPAsyncWiFiManager.cpp:288
  #8  0x4200633D in setup_wifi() at src/wifiMgr.cpp:683
  #9  0x42004696 in setup() at src/main.cpp:290
  #10 0x420A7E28 in loopTask(void*) at /Users/thomashoser/.platformio/packages/framework-arduinoespressif32-src-6cb0a29b74dc1d1bc6e83adba584d1d5/cores/esp32/main.cpp:67


*WM: About to scan()
[0;33m[ 37184][W][STA.cpp:543] disconnect(): STA already disconnected.[0m
*WM: About to scan()
*WM: Scan done
*WM: DUP AP: A-Team
*WM: DUP AP: A-Team
