[0;31mE (5084) esp_littlefs: partition "spiffs" could not be found[0m
[0;31mE (5084) esp_littlefs: Failed to initialize LittleFS[0m
[0;31m[  5087][E][LittleFS.cpp:79] begin(): Mounting LittleFS failed! Error: 261[0m
ERR setup_read_file> Filesystem could not be mounted
[0;31mE (20879) task_wdt: Task watchdog got triggered. The following tasks/users did not reset the watchdog in time:[0m
[0;31mE (20879) task_wdt:  - IDLE1 (CPU 1)[0m
[0;31mE (20879) task_wdt: Tasks currently running:[0m
[0;31mE (20879) task_wdt: CPU 0: IDLE0[0m
[0;31mE (20879) task_wdt: CPU 1: loopTask[0m
[0;31mE (20879) task_wdt: Print CPU 1 backtrace[0m


Backtrace: 0x40376ADE:0x3FCA1D70 0x4037A129:0x3FCA1D90 0x42004759:0x3FCED4D0 0x420A8294:0x3FCED4F0
  #0  0x40376ADE in esp_crosscore_isr at /Users/thomashoser/.platformio/packages/framework-espidf@src-e55492bf35ec58abb1d0380572a1aa2a/components/esp_system/crosscore_int.c:74
  #1  0x3FCA1D70 in _xt_exception_table at ??:?
  #2  0x4037A129 in _xt_lowint1 at /Users/thomashoser/.platformio/packages/framework-espidf@src-e55492bf35ec58abb1d0380572a1aa2a/components/xtensa/xtensa_vectors.S:1240
  #3  0x3FCA1D90 in _xt_exception_table at /Users/thomashoser/.platformio/packages/framework-espidf@src-e55492bf35ec58abb1d0380572a1aa2a/components/freertos/FreeRTOS-Kernel/portable/xtensa/port.c:67
  #4  0x42004759 in setup() at src/main.cpp:282
  #5  0x420A8294 in loopTask(void*) at /Users/thomashoser/.platformio/packages/framework-arduinoespressif32-src-6cb0a29b74dc1d1bc6e83adba584d1d5/cores/esp32/main.cpp:67


[0;31mE (25879) task_wdt: Task watchdog got triggered. The following tasks/users did not reset the watchdog in time:[0m
[0;31mE (25879) task_wdt:  - IDLE1 (CPU 1)[0m
[0;31mE (25879) task_wdt: Tasks currently running:[0m
[0;31mE (25879) task_wdt: CPU 0: IDLE0[0m
[0;31mE (25879) task_wdt: CPU 1: loopTask[0m
[0;31mE (25879) task_wdt: Print CPU 1 backtrace[0m


Backtrace: 0x40376ADE:0x3FCA1D70 0x4037A129:0x3FCA1D90 0x42004759:0x3FCED4D0 0x420A8294:0x3FCED4F0
  #0  0x40376ADE in esp_crosscore_isr at /Users/thomashoser/.platformio/packages/framework-espidf@src-e55492bf35ec58abb1d0380572a1aa2a/components/esp_system/crosscore_int.c:74
  #1  0x3FCA1D70 in _xt_exception_table at ??:?
  #2  0x4037A129 in _xt_lowint1 at /Users/thomashoser/.platformio/packages/framework-espidf@src-e55492bf35ec58abb1d0380572a1aa2a/components/xtensa/xtensa_vectors.S:1240
  #3  0x3FCA1D90 in _xt_exception_table at /Users/thomashoser/.platformio/packages/framework-espidf@src-e55492bf35ec58abb1d0380572a1aa2a/components/freertos/FreeRTOS-Kernel/portable/xtensa/port.c:67
  #4  0x42004759 in setup() at src/main.cpp:282
  #5  0x420A8294 in loopTask(void*) at /Users/thomashoser/.platformio/packages/framework-arduinoespressif32-src-6cb0a29b74dc1d1bc6e83adba584d1d5/cores/esp32/main.cpp:67


[0;31mE (30879) task_wdt: Task watchdog got triggered. The following tasks/users did not reset the watchdog in time:[0m
[0;31mE (30879) task_wdt:  - IDLE1 (CPU 1)[0m
[0;31mE (30879) task_wdt: Tasks currently running:[0m
[0;31mE (30879) task_wdt: CPU 0: IDLE0[0m
[0;31mE (30879) task_wdt: CPU 1: loopTask[0m
[0;31mE (30879) task_wdt: Print CPU 1 backtrace[0m


Backtrace: 0x40376ADE:0x3FCA1D70 0x4037A129:0x3FCA1D90 0x42004759:0x3FCED4D0 0x420A8294:0x3FCED4F0
  #0  0x40376ADE in esp_crosscore_isr at /Users/thomashoser/.platformio/packages/framework-espidf@src-e55492bf35ec58abb1d0380572a1aa2a/components/esp_system/crosscore_int.c:74
  #1  0x3FCA1D70 in _xt_exception_table at ??:?
  #2  0x4037A129 in _xt_lowint1 at /Users/thomashoser/.platformio/packages/framework-espidf@src-e55492bf35ec58abb1d0380572a1aa2a/components/xtensa/xtensa_vectors.S:1240
  #3  0x3FCA1D90 in _xt_exception_table at /Users/thomashoser/.platformio/packages/framework-espidf@src-e55492bf35ec58abb1d0380572a1aa2a/components/freertos/FreeRTOS-Kernel/portable/xtensa/port.c:67
  #4  0x42004759 in setup() at src/main.cpp:282
  #5  0x420A8294 in loopTask(void*) at /Users/thomashoser/.platformio/packages/framework-arduinoespressif32-src-6cb0a29b74dc1d1bc6e83adba584d1d5/cores/esp32/main.cpp:67


[0;31mE (35879) task_wdt: Task watchdog got triggered. The following tasks/users did not reset the watchdog in time:[0m
[0;31mE (35879) task_wdt:  - IDLE1 (CPU 1)[0m
[0;31mE (35879) task_wdt: Tasks currently running:[0m
[0;31mE (35879) task_wdt: CPU 0: IDLE0[0m
[0;31mE (35879) task_wdt: CPU 1: loopTask[0m
[0;31mE (35879) task_wdt: Print CPU 1 backtrace[0m


Backtrace: 0x40376ADE:0x3FCA1D70 0x4037A129:0x3FCA1D90 0x42004759:0x3FCED4D0 0x420A8294:0x3FCED4F0
  #0  0x40376ADE in esp_crosscore_isr at /Users/thomashoser/.platformio/packages/framework-espidf@src-e55492bf35ec58abb1d0380572a1aa2a/components/esp_system/crosscore_int.c:74
  #1  0x3FCA1D70 in _xt_exception_table at ??:?
  #2  0x4037A129 in _xt_lowint1 at /Users/thomashoser/.platformio/packages/framework-espidf@src-e55492bf35ec58abb1d0380572a1aa2a/components/xtensa/xtensa_vectors.S:1240
  #3  0x3FCA1D90 in _xt_exception_table at /Users/thomashoser/.platformio/packages/framework-espidf@src-e55492bf35ec58abb1d0380572a1aa2a/components/freertos/FreeRTOS-Kernel/portable/xtensa/port.c:67
  #4  0x42004759 in setup() at src/main.cpp:282
  #5  0x420A8294 in loopTask(void*) at /Users/thomashoser/.platformio/packages/framework-arduinoespressif32-src-6cb0a29b74dc1d1bc6e83adba584d1d5/cores/esp32/main.cpp:67


[0;31mE (40879) task_wdt: Task watchdog got triggered. The following tasks/users did not reset the watchdog in time:[0m
[0;31mE (40879) task_wdt:  - IDLE1 (CPU 1)[0m
[0;31mE (40879) task_wdt: Tasks currently running:[0m
[0;31mE (40879) task_wdt: CPU 0: IDLE0[0m
[0;31mE (40879) task_wdt: CPU 1: loopTask[0m
[0;31mE (40879) task_wdt: Print CPU 1 backtrace[0m


Backtrace: 0x40376ADE:0x3FCA1D70 0x4037A129:0x3FCA1D90 0x42004759:0x3FCED4D0 0x420A8294:0x3FCED4F0
  #0  0x40376ADE in esp_crosscore_isr at /Users/thomashoser/.platformio/packages/framework-espidf@src-e55492bf35ec58abb1d0380572a1aa2a/components/esp_system/crosscore_int.c:74
  #1  0x3FCA1D70 in _xt_exception_table at ??:?
  #2  0x4037A129 in _xt_lowint1 at /Users/thomashoser/.platformio/packages/framework-espidf@src-e55492bf35ec58abb1d0380572a1aa2a/components/xtensa/xtensa_vectors.S:1240
  #3  0x3FCA1D90 in _xt_exception_table at /Users/thomashoser/.platformio/packages/framework-espidf@src-e55492bf35ec58abb1d0380572a1aa2a/components/freertos/FreeRTOS-Kernel/portable/xtensa/port.c:67
  #4  0x42004759 in setup() at src/main.cpp:282
  #5  0x420A8294 in loopTask(void*) at /Users/thomashoser/.platformio/packages/framework-arduinoespressif32-src-6cb0a29b74dc1d1bc6e83adba584d1d5/cores/esp32/main.cpp:67


[0;31mE (45879) task_wdt: Task watchdog got triggered. The following tasks/users did not reset the watchdog in time:[0m
[0;31mE (45879) task_wdt:  - IDLE1 (CPU 1)[0m
[0;31mE (45879) task_wdt: Tasks currently running:[0m
[0;31mE (45879) task_wdt: CPU 0: IDLE0[0m
[0;31mE (45879) task_wdt: CPU 1: loopTask[0m
[0;31mE (45879) task_wdt: Print CPU 1 backtrace[0m


Backtrace: 0x40376ADE:0x3FCA1D70 0x4037A129:0x3FCA1D90 0x42004759:0x3FCED4D0 0x420A8294:0x3FCED4F0
  #0  0x40376ADE in esp_crosscore_isr at /Users/thomashoser/.platformio/packages/framework-espidf@src-e55492bf35ec58abb1d0380572a1aa2a/components/esp_system/crosscore_int.c:74
  #1  0x3FCA1D70 in _xt_exception_table at ??:?
  #2  0x4037A129 in _xt_lowint1 at /Users/thomashoser/.platformio/packages/framework-espidf@src-e55492bf35ec58abb1d0380572a1aa2a/components/xtensa/xtensa_vectors.S:1240
  #3  0x3FCA1D90 in _xt_exception_table at /Users/thomashoser/.platformio/packages/framework-espidf@src-e55492bf35ec58abb1d0380572a1aa2a/components/freertos/FreeRTOS-Kernel/portable/xtensa/port.c:67
  #4  0x42004759 in setup() at src/main.cpp:282
  #5  0x420A8294 in loopTask(void*) at /Users/thomashoser/.platformio/packages/framework-arduinoespressif32-src-6cb0a29b74dc1d1bc6e83adba584d1d5/cores/esp32/main.cpp:67


[0;31mE (50879) task_wdt: Task watchdog got triggered. The following tasks/users did not reset the watchdog in time:[0m
[0;31mE (50879) task_wdt:  - IDLE1 (CPU 1)[0m
[0;31mE (50879) task_wdt: Tasks currently running:[0m
[0;31mE (50879) task_wdt: CPU 0: IDLE0[0m
[0;31mE (50879) task_wdt: CPU 1: loopTask[0m
[0;31mE (50879) task_wdt: Print CPU 1 backtrace[0m


Backtrace: 0x40376ADE:0x3FCA1D70 0x4037A129:0x3FCA1D90 0x42004759:0x3FCED4D0 0x420A8294:0x3FCED4F0
  #0  0x40376ADE in esp_crosscore_isr at /Users/thomashoser/.platformio/packages/framework-espidf@src-e55492bf35ec58abb1d0380572a1aa2a/components/esp_system/crosscore_int.c:74
  #1  0x3FCA1D70 in _xt_exception_table at ??:?
  #2  0x4037A129 in _xt_lowint1 at /Users/thomashoser/.platformio/packages/framework-espidf@src-e55492bf35ec58abb1d0380572a1aa2a/components/xtensa/xtensa_vectors.S:1240
  #3  0x3FCA1D90 in _xt_exception_table at /Users/thomashoser/.platformio/packages/framework-espidf@src-e55492bf35ec58abb1d0380572a1aa2a/components/freertos/FreeRTOS-Kernel/portable/xtensa/port.c:67
  #4  0x42004759 in setup() at src/main.cpp:282
  #5  0x420A8294 in loopTask(void*) at /Users/thomashoser/.platformio/packages/framework-arduinoespressif32-src-6cb0a29b74dc1d1bc6e83adba584d1d5/cores/esp32/main.cpp:67


[0;31mE (55879) task_wdt: Task watchdog got triggered. The following tasks/users did not reset the watchdog in time:[0m
[0;31mE (55879) task_wdt:  - IDLE1 (CPU 1)[0m
[0;31mE (55879) task_wdt: Tasks currently running:[0m
[0;31mE (55879) task_wdt: CPU 0: IDLE0[0m
[0;31mE (55879) task_wdt: CPU 1: loopTask[0m
[0;31mE (55879) task_wdt: Print CPU 1 backtrace[0m


Backtrace: 0x40376ADE:0x3FCA1D70 0x4037A129:0x3FCA1D90 0x42004759:0x3FCED4D0 0x420A8294:0x3FCED4F0
  #0  0x40376ADE in esp_crosscore_isr at /Users/thomashoser/.platformio/packages/framework-espidf@src-e55492bf35ec58abb1d0380572a1aa2a/components/esp_system/crosscore_int.c:74
  #1  0x3FCA1D70 in _xt_exception_table at ??:?
  #2  0x4037A129 in _xt_lowint1 at /Users/thomashoser/.platformio/packages/framework-espidf@src-e55492bf35ec58abb1d0380572a1aa2a/components/xtensa/xtensa_vectors.S:1240
  #3  0x3FCA1D90 in _xt_exception_table at /Users/thomashoser/.platformio/packages/framework-espidf@src-e55492bf35ec58abb1d0380572a1aa2a/components/freertos/FreeRTOS-Kernel/portable/xtensa/port.c:67
  #4  0x42004759 in setup() at src/main.cpp:282
  #5  0x420A8294 in loopTask(void*) at /Users/thomashoser/.platformio/packages/framework-arduinoespressif32-src-6cb0a29b74dc1d1bc6e83adba584d1d5/cores/esp32/main.cpp:67


