[0;31mE (27953) task_wdt: Task watchdog got triggered. The following tasks/users did not reset the watchdog in time:[0m
[0;31mE (27953) task_wdt:  - IDLE1 (CPU 1)[0m
[0;31mE (27953) task_wdt: Tasks currently running:[0m
[0;31mE (27953) task_wdt: CPU 0: IDLE0[0m
[0;31mE (27953) task_wdt: CPU 1: loopTask[0m
[0;31mE (27953) task_wdt: Print CPU 1 backtrace[0m


Backtrace: 0x40376ABE:0x3FCA1C60 0x4037A0F9:0x3FCA1C80 0x42007A8F:0x3FCEC0E0 0x4208CAEB:0x3FCEC120 0x42006131:0x3FCEC140 0x42004693:0x3FCEC160 0x420A2DF4:0x3FCEC180
  #0  0x40376ABE in esp_crosscore_isr at /Users/thomashoser/.platformio/packages/framework-espidf@src-e55492bf35ec58abb1d0380572a1aa2a/components/esp_system/crosscore_int.c:74
  #1  0x3FCA1C60 in _xt_exception_table at ??:?
  #2  0x4037A0F9 in _xt_lowint1 at /Users/thomashoser/.platformio/packages/framework-espidf@src-e55492bf35ec58abb1d0380572a1aa2a/components/xtensa/xtensa_vectors.S:1240
  #3  0x3FCA1C80 in _xt_exception_table at /Users/thomashoser/.platformio/packages/framework-espidf@src-e55492bf35ec58abb1d0380572a1aa2a/components/freertos/FreeRTOS-Kernel/portable/xtensa/port.c:67
  #4  0x42007A8F in NetworkClientRxBuffer::available() at /Users/thomashoser/.platformio/packages/framework-arduinoespressif32-src-6cb0a29b74dc1d1bc6e83adba584d1d5/libraries/Network/src/NetworkClient.cpp:148
      (inlined by) NetworkClient::available() at /Users/thomashoser/.platformio/packages/framework-arduinoespressif32-src-6cb0a29b74dc1d1bc6e83adba584d1d5/libraries/Network/src/NetworkClient.cpp:538
  #5  0x4208CAEB in MQTTClient::loop() at .pio/libdeps/lilygo-t-display-s3/MQTT/src/MQTTClient.cpp:469
  #6  0x42006131 in loop_wifi() at src/wifiMgr.cpp:645
  #7  0x42004693 in loop() at src/main.cpp:310
  #8  0x420A2DF4 in loopTask(void*) at /Users/thomashoser/.platformio/packages/framework-arduinoespressif32-src-6cb0a29b74dc1d1bc6e83adba584d1d5/cores/esp32/main.cpp:82


[0;31mE (32953) task_wdt: Task watchdog got triggered. The following tasks/users did not reset the watchdog in time:[0m
[0;31mE (32953) task_wdt:  - IDLE1 (CPU 1)[0m
[0;31mE (32953) task_wdt: Tasks currently running:[0m
[0;31mE (32953) task_wdt: CPU 0: IDLE0[0m
[0;31mE (32953) task_wdt: CPU 1: loopTask[0m
[0;31mE (32953) task_wdt: Print CPU 1 backtrace[0m


Backtrace: 0x40376ABE:0x3FCA1C60 0x4037A0F9:0x3FCA1C80 0x4209F208:0x3FCEC100 0x42004ED0:0x3FCEC120 0x4200469F:0x3FCEC160 0x420A2DF4:0x3FCEC180
  #0  0x40376ABE in esp_crosscore_isr at /Users/thomashoser/.platformio/packages/framework-espidf@src-e55492bf35ec58abb1d0380572a1aa2a/components/esp_system/crosscore_int.c:74
  #1  0x3FCA1C60 in _xt_exception_table at ??:?
  #2  0x4037A0F9 in _xt_lowint1 at /Users/thomashoser/.platformio/packages/framework-espidf@src-e55492bf35ec58abb1d0380572a1aa2a/components/xtensa/xtensa_vectors.S:1240
  #3  0x3FCA1C80 in _xt_exception_table at /Users/thomashoser/.platformio/packages/framework-espidf@src-e55492bf35ec58abb1d0380572a1aa2a/components/freertos/FreeRTOS-Kernel/portable/xtensa/port.c:67
  #4  0x4209F208 in __yield at /Users/thomashoser/.platformio/packages/framework-arduinoespressif32-src-6cb0a29b74dc1d1bc6e83adba584d1d5/cores/esp32/esp32-hal-misc.c:117
  #5  0x42004ED0 in myNTP::loop() at src/myNTP.cpp:103
  #6  0x4200469F in loop() at src/main.cpp:313
  #7  0x420A2DF4 in loopTask(void*) at /Users/thomashoser/.platformio/packages/framework-arduinoespressif32-src-6cb0a29b74dc1d1bc6e83adba584d1d5/cores/esp32/main.cpp:82


[0;31mE (37953) task_wdt: Task watchdog got triggered. The following tasks/users did not reset the watchdog in time:[0m
[0;31mE (37953) task_wdt:  - IDLE1 (CPU 1)[0m
[0;31mE (37953) task_wdt: Tasks currently running:[0m
[0;31mE (37953) task_wdt: CPU 0: IDLE0[0m
[0;31mE (37953) task_wdt: CPU 1: loopTask[0m
[0;31mE (37953) task_wdt: Print CPU 1 backtrace[0m


Backtrace: 0x40376ABE:0x3FCA1C60 0x4037A0F9:0x3FCA1C80 0x400559DD:0x3FCEBE60 0x40380FF2:0x3FCEBE70 0x403807A4:0x3FCEBE90 0x420CA2E1:0x3FCEBED0 0x420CB40E:0x3FCEBEF0 0x420CB4F9:0x3FCEBF20 0x420CB87F:0x3FCEBF90 0x420B69C6:0x3FCEBFB0 0x420B7FCB:0x3FCEBFF0 0x420B80B6:0x3FCEC050 0x4200790D:0x3FCEC070 0x4202AD92:0x3FCEC0C0 0x4202D04B:0x3FCEC0F0 0x4200414E:0x3FCEC130 0x42004699:0x3FCEC160 