I (1144) esp_psram: SPI SRAM memory test OK
I (1153) cpu_start: Pro cpu start user code
I (1153) cpu_start: cpu freq: 240000000 Hz
I (1153) app_init: Application information:
I (1153) app_init: Project name:     factory
I (1157) app_init: App version:      1
I (1161) app_init: Compile time:     May  8 2025 14:51:18
I (1166) app_init: ELF file SHA256:  41a4bfe7d...
I (1170) app_init: ESP-IDF:          v5.3.2-dirty
I (1175) efuse_init: Min chip rev:     v0.0
I (1178) efuse_init: Max chip rev:     v0.99 
I (1183) efuse_init: Chip rev:         v0.2
I (1187) heap_init: Initializing. RAM available for dynamic allocation:
I (1193) heap_init: At 3FCB67F0 len 00032F20 (203 KiB): RAM
I (1198) heap_init: At 3FCE9710 len 00005724 (21 KiB): RAM
I (1203) heap_init: At 3FCF0000 len 00008000 (32 KiB): DRAM
I (1209) heap_init: At 600FE104 len 00001EE4 (7 KiB): RTCRAM
I (1214) esp_psram: Adding pool of 8192K of PSRAM memory to heap allocator
I (1221) spi_flash: detected chip: winbond
I (1224) spi_flash: flash io: qio
I (1228) sleep: Configure to isolate all GPIO pins in sleep state
I (1234) sleep: Enable automatic switching of GPIO sleep configuration
I (1240) main_task: Started on CPU0
I (1250) esp_psram: Reserving pool of 32K of internal memory for DMA/internal allocations
I (1250) main_task: Calling app_main()
I (1270) gpio: GPIO[42]| InputEn: 1| OutputEn: 1| OpenDrain: 1| Pullup: 1| Pulldown: 0| Intr:0 
I (1270) gpio: GPIO[41]| InputEn: 1| OutputEn: 1| OpenDrain: 1| Pullup: 1| Pulldown: 0| Intr:0 
I (1270) bsp_battery: calibration scheme version is Curve Fitting
I (1280) bsp_battery: Calibration Success
I (1280) pp: pp rom version: e7ae62f
I (1290) net80211: net80211 rom version: e7ae62f
I (1300) wifi:wifi driver task: 3fcc87a8, prio:23, stack:6656, core=0
I (1300) wifi:wifi firmware version: b0fd6006b
I (1300) wifi:wifi certification version: v7.0
I (1310) wifi:config NVS flash: enabled
I (1310) wifi:config nano formating: disabled
I (1310) wifi:Init data frame dynamic rx buffer num: 32
I (1320) wifi:Init static rx mgmt buffer num: 5
I (1320) wifi:Init management short buffer num: 32
I (1330) wifi:Init static tx buffer num: 16
I (1330) wifi:Init tx cache buffer num: 32
I (1330) wifi:Init static tx FG buffer num: 2
I (1340) wifi:Init static rx buffer size: 1600
I (1340) wifi:Init static rx buffer num: 10
I (1350) wifi:Init dynamic rx buffer num: 32
I (1350) wifi_init: rx ba win: 6
I (1350) wifi_init: accept mbox: 6
I (1360) wifi_init: tcpip mbox: 32
I (1360) wifi_init: udp mbox: 6
I (1360) wifi_init: tcp mbox: 6
I (1370) wifi_init: tcp tx win: 5760
I (1370) wifi_init: tcp rx win: 5760
I (1370) wifi_init: tcp mss: 1440
I (1370) wifi_init: WiFi IRAM OP enabled
I (1380) wifi_init: WiFi RX IRAM OP enabled
I (1380) phy_init: phy_version 680,a6008b2,Jun  4 2024,16:41:10
I (1420) wifi:mode : sta (10:20:ba:46:6d:90)
I (1420) wifi:enable tsf
I (1420) wifi station: wifi_init_sta finished.
I (1420) bsp_display: SPI BUS init
I (1420) bsp_display: Install panel IO
I (1430) gpio: GPIO[45]| InputEn: 0| OutputEn: 1| OpenDrain: 0| Pullup: 0| Pulldown: 0| Intr:0 
I (1440) gpio: GPIO[40]| InputEn: 0| OutputEn: 1| OpenDrain: 0| Pullup: 0| Pulldown: 0| Intr:0 
W (1680) JD9853: The 3Ah command has been used and will be overwritten by external initialization sequence
I (1680) gpio: GPIO[47]| InputEn: 1| OutputEn: 0| OpenDrain: 0| Pullup: 0| Pulldown: 0| Intr:2 
I (1680) gpio: GPIO[48]| InputEn: 0| OutputEn: 1| OpenDrain: 0| Pullup: 0| Pulldown: 0| Intr:0 
I (1710) bsp_sdcard: Initializing SD card
I (1710) bsp_sdcard: Using SDMMC peripheral
I (1710) bsp_sdcard: Mounting filesystem
I (1710) gpio: GPIO[16]| InputEn: 0| OutputEn: 0| OpenDrain: 0| Pullup: 1| Pulldown: 0| Intr:0 
I (1710) gpio: GPIO[15]| InputEn: 0| OutputEn: 0| OpenDrain: 0| Pullup: 1| Pulldown: 0| Intr:0 
I (1720) gpio: GPIO[17]| InputEn: 0| OutputEn: 0| OpenDrain: 0| Pullup: 1| Pulldown: 0| Intr:0 
I (1730) gpio: GPIO[18]| InputEn: 0| OutputEn: 0| OpenDrain: 0| Pullup: 1| Pulldown: 0| Intr:0 
I (1740) gpio: GPIO[13]| InputEn: 0| OutputEn: 0| OpenDrain: 0| Pullup: 1| Pulldown: 0| Intr:0 
I (1750) gpio: GPIO[14]| InputEn: 0| OutputEn: 1| OpenDrain: 0| Pullup: 0| Pulldown: 0| Intr:0 
I (1760) gpio: GPIO[0]| InputEn: 0| OutputEn: 0| OpenDrain: 0| Pullup: 1| Pulldown: 0| Intr:0 
I (1760) gpio: GPIO[0]| InputEn: 0| OutputEn: 0| OpenDrain: 0| Pullup: 1| Pulldown: 0| Intr:0 
I (1770) gpio: GPIO[0]| InputEn: 0| OutputEn: 0| OpenDrain: 0| Pullup: 1| Pulldown: 0| Intr:0 
I (1780) gpio: GPIO[0]| InputEn: 0| OutputEn: 0| OpenDrain: 0| Pullup: 1| Pulldown: 0| Intr:0 
E (1810) sdmmc_common: sdmmc_init_ocr: send_op_cond (1) returned 0x107
E (1810) vfs_fat_sdmmc: sdmmc_card_init failed (0x107).
E (1810) bsp_sdcard: Failed to initialize the card (ESP_ERR_TIMEOUT). Make sure SD card lines have pull-up resistors in place.
I (1820) LVGL: Starting LVGL task
I (1830) bsp_display: LCD brightness set to 100%
I (1830) gpio: GPIO[0]| InputEn: 1| OutputEn: 0| OpenDrain: 0| Pullup: 1| Pulldown: 0| Intr:0 
I (1840) button: IoT Button Version: 4.1.3
I (3830) wifi station: retry to connect to the AP
I (3830) wifi station: connect to the AP fail
