-------------------------------------------------------- setup
Display> begin() ... Screen size 320 * 170 complete
[0;31m[  1071][E][esp32-hal-periman.c:180] perimanGetPinBus(): Invalid pin: 23[0m
[0;31m[  1078][E][esp32-hal-periman.c:122] perimanSetPinBus(): Invalid pin: 23[0m
[0;31m[  1086][E][esp32-hal-gpio.c:120] __pinMode(): Deinit of previous bus from IO 23 failed[0m
Listing directory: /
  FILE: fallbackCover.jpg  SIZE: 14385  LAST WRITE: 2025-10-13 13:43:36
  FILE: favicon.ico  SIZE: 1150  LAST WRITE: 2025-10-13 13:43:36
  FILE: index.html  SIZE: 1640  LAST WRITE: 2025-10-13 13:43:36
  FILE: main.js  SIZE: 12701  LAST WRITE: 2025-10-13 13:43:36
  FILE: radio.html  SIZE: 1029  LAST WRITE: 2025-10-13 13:43:36
  FILE: radio.js  SIZE: 3955  LAST WRITE: 2025-10-13 13:43:36
  FILE: setup.ini  SIZE: 1672  LAST WRITE: 2025-10-13 13:43:36
  FILE: style.css  SIZE: 7361  LAST WRITE: 2025-10-13 13:43:36
setup_read_file> reading /setup.ini
[4]> RadioName = 1Live
[5]> RadioURL = http://wdr-1live-live.icecast.wdr.de/wdr/1live/live/mp3/128/stream.mp3
[6]> RadioTitleSeperator = -
[7]> RadioTitleFirst = Artist
[9]> RadioName = WDR2
[10]> RadioURL = https://wdr-edge-301b-dus-ts-cdn.cast.addradio.de/wdr/wdr2/rheinland/mp3/128/stream.mp3
[12]> RadioName = SWR3
[13]> RadioURL = http://mp3-live.swr3.de/swr3_m.m3u
[14]> RadioTitleSeperator = /
[15]> RadioTitleFirst = Song
[17]> RadioName = bigFM
[18]> RadioURL = http://streams.bigfm.de/hmr-128-mp3
[19]> RadioTitleSeperator = -
[20]> RadioTitleFirst = Artist
[22]> RadioName = ffn
[23]> RadioURL = http://player.ffn.de/ffn.mp3
[24]> RadioTitleSeperator = -
[25]> RadioTitleFirst = Artist
[27]> RadioName = 1Live - Neu fuer den Sektor
[28]> RadioURL = http://wdr-1live-neufuerdensektor.icecast.wdr.de/wdr/1live/neufuerdensektor/mp3/128/stream.mp3
[29]> RadioTitleSeperator = -
[30]> RadioTitleFirst = Artist
[32]> RadioName = 1live - FritzBox
[33]> RadioURL = http://192.168.178.1:49200/ST/AUDIO/DLNA-1-0/wdr-1live-live.icecast.wdr.de/wdr/1live/live/mp3/128/stream.mp3
[34]> RadioTitleSeperator = -
[35]> RadioTitleFirst = Artist
[37]> RadioName = ffh - FritzBox
[38]> RadioURL = http://192.168.178.1:49200/ST/AUDIO/DLNA-1-0/mp3.ffh.de/radioffh/hqlivestream.mp3
[39]> RadioTitleSeperator = -
[40]> RadioTitleFirst = Artist
setup_read_file> /setup.ini processed
P_I2S_LRCK 43
P_I2S_BCLK 44
P_I2S_DATA 18
P_ENC0_A 10
P_ENC0_B 11
P_ENC0_BTN 12
P_ENC0_PWR 23
P_ADC_BAT 255
P_ADC_BAT 255
Volume 0
Radio 0: 1Live - http://wdr-1live-live.icecast.wdr.de/wdr/1live/live/mp3/128/stream.mp3
Radio 1: WDR2 - https://wdr-edge-301b-dus-ts-cdn.cast.addradio.de/wdr/wdr2/rheinland/mp3/128/stream.mp3
Radio 2: SWR3 - http://mp3-live.swr3.de/swr3_m.m3u
Radio 3: bigFM - http://streams.bigfm.de/hmr-128-mp3
wifi::setup_wifi> default clientID: ESP32_1606964
[0;31m[  2196][E][Preferences.cpp:506] getString(): nvs_get_str len fail: mqtt_clientID NOT_FOUND[0m
[0;31m[  2205][E][Preferences.cpp:506] getString(): nvs_get_str len fail: mqtt_server NOT_FOUND[0m
[0;31m[  2214][E][Preferences.cpp:506] getString(): nvs_get_str len fail: mqtt_port NOT_FOUND[0m
[0;31m[  2223][E][Preferences.cpp:506] getString(): nvs_get_str len fail: mqtt_prefix NOT_FOUND[0m
wifi::setup_wifi_preferences> mqtt_clientID ESP32_Radio_6666
wifi::setup_wifi_preferences> mqtt_server   192.168.178.20
wifi::setup_wifi_preferences> mqtt_port     1883
wifi::setup_wifi_preferences> mqtt_prefix   house/
setup>> WiFi connected
wifi::mqtt_set_topics
tele> house/tele/ESP32_Radio_6666
stat> house/stat/ESP32_Radio_6666
cmnd> house/cmnd/ESP32_Radio_6666
subscribe> house/cmnd/ESP32_Radio_6666/#
wifi::mqtt_init> > MQTT: mqtt.begin
MQTT: connected
setup_webServer> Inizializing FS...[0;33m[  4093][W][LittleFS.cpp:58] begin(): LittleFS Already Mounted![0m
done.
HTTP server started

-------------------------------- Get System Info------------------------------------------
Heap: Free:161703, Min:161603, Size:354363, Alloc:86016
wifi> WiFi SSID: A-Team
wifi> IP address: 192.168.178.151
 (-56 db) wifi> signal    : 4 = -56 dBm
NTP> Saturday, October 18 2025 13:49:20
18.10.2025 13:49:20
audio::setup_preferences> Preset 0
audio::setup_preferences> Volume 10
audio::setup_preferences> Number of restart times: 9
setup_audio> begin

-------------------------------- Staion Select ------------------------------------------
audio::station_select> requested preset 1 of 8
audio::station_select> Preset 1 : http://wdr-1live-live.icecast.wdr.de/wdr/1live/live/mp3/128/stream.mp3
audio::station_select> au.radioTitleSeperator -
audio::station_select> au.radioArtistFirst 1
audio::station_select> presetNo 1
audio::station_select> mqtt publish >1<

-------------------------------- Get System Info------------------------------------------
Heap: Free:161251, Min:161151, Size:354363, Alloc:86016
audio::station_select> set volume (0)
audio::station_select> URL >http://wdr-1live-live.icecast.wdr.de/wdr/1live/live/mp3/128/stream.mp3<
audio::station_select> conected<
audio::station_select> mqtt publish >1Live<
audio::station_select> mqtt wsSendArtistTitle 1Live /  
wifi::wsSendArtistTitle> SongTitle >< (len: 0) Artist >1Live<
wifi::wsSendTuner> Preset 1 , Volume 10
main::main_displayUpdate
main::displayReset
myDisplay::clear
listDir::Listing directory> /
  FILE: fallbackCover.jpg  SIZE: 14385  LAST WRITE: 2025-10-13 15:43:36
  FILE: favicon.ico  SIZE: 1150  LAST WRITE: 2025-10-13 15:43:36
  FILE: index.html  SIZE: 1640  LAST WRITE: 2025-10-13 15:43:36
  FILE: main.js  SIZE: 12701  LAST WRITE: 2025-10-13 15:43:36
  FILE: radio.html  SIZE: 1029  LAST WRITE: 2025-10-13 15:43:36
  FILE: radio.js  SIZE: 3955  LAST WRITE: 2025-10-13 15:43:36
  FILE: setup.ini  SIZE: 1672  LAST WRITE: 2025-10-13 15:43:36
  FILE: style.css  SIZE: 7361  LAST WRITE: 2025-10-13 15:43:36
[0;31m[  6094][E][esp32-hal-periman.c:180] perimanGetPinBus(): Invalid pin: 23[0m
[0;31m[  6102][E][esp32-hal-periman.c:122] perimanSetPinBus(): Invalid pin: 23[0m
[0;31m[  6109][E][esp32-hal-gpio.c:120] __pinMode(): Deinit of previous bus from IO 23 failed[0m
[0;31m[  6118][E][esp32-hal-periman.c:180] perimanGetPinBus(): Invalid pin: 23[0m
[0;31m[  6125][E][esp32-hal-gpio.c:176] __digitalWrite(): IO 23 is not set as GPIO. Execute digitalMode(23, OUTPUT) first.[0m
rotary::setup_rotary> done
myDisplay::clear
 (-57 db) wifi> signal    : 4 = -57 dBm
NTP-Value Time: 13:49 / Date: 18.10.
myDisplay::Gui1 drawstring >13:49<
[0;31mE (24903) task_wdt: Task watchdog got triggered. The following tasks/users did not reset the watchdog in time:[0m
[0;31mE (24903) task_wdt:  - IDLE1 (CPU 1)[0m
[0;31mE (24903) task_wdt: Tasks currently running:[0m
[0;31mE (24903) task_wdt: CPU 0: IDLE0[0m
[0;31mE (24903) task_wdt: CPU 1: loopTask[0m
[0;31mE (24903) task_wdt: Print CPU 1 backtrace[0m


Backtrace: 0x40376ABE:0x3FCA1C60 0x4037A0F9:0x3FCA1C80 0x400559DD:0x3FCEC010 0x40380FF2:0x3FCEC020 0x4038035D:0x3FCEC040 0x420CA2F9:0x3FCEC080 0x420B6D95:0x3FCEC0A0 0x420B8949:0x3FCEC0C0 0x42007A9E:0x3FCEC0E0 0x4208CAEB:0x3FCEC120 0x42006131:0x3FCEC140 0x42004693:0x3FCEC160 0x420A2DF4:0x3FCEC180
  #0  0x40376ABE in esp_crosscore_isr at /Users/thomashoser/.platformio/packages/framework-espidf@src-e55492bf35ec58abb1d0380572a1aa2a/components/esp_system/crosscore_int.c:74
  #1  0x3FCA1C60 in _xt_exception_table at ??:?
  #2  0x4037A0F9 in _xt_lowint1 at /Users/thomashoser/.platformio/packages/framework-espidf@src-e55492bf35ec58abb1d0380572a1aa2a/components/xtensa/xtensa_vectors.S:1240
  #3  0x3FCA1C80 in _xt_exception_table at /Users/thomashoser/.platformio/packages/framework-espidf@src-e55492bf35ec58abb1d0380572a1aa2a/components/freertos/FreeRTOS-Kernel/portable/xtensa/port.c:67
  #4  0x40380FF2 in vPortClearInterruptMaskFromISR at /Users/thomashoser/.platformio/packages/framework-espidf@src-e55492bf35ec58abb1d0380572a1aa2a/components/freertos/FreeRTOS-Kernel/portable/xtensa/include/freertos/portmacro.h:560
      (inlined by) vPortExitCritical at /Users/thomashoser/.platformio/packages/framework-espidf@src-e55492bf35ec58abb1d0380572a1aa2a/components/freertos/FreeRTOS-Kernel/portable/xtensa/port.c:514
  #5  0x4038035D in xQueueGenericSend at /Users/thomashoser/.platformio/packages/framework-espidf@src-e55492bf35ec58abb1d0380572a1aa2a/components/freertos/FreeRTOS-Kernel/queue.c:1056
  #6  0x420CA2F9 in sys_mutex_unlock at /Users/thomashoser/.platformio/packages/framework-espidf@src-e55492bf35ec58abb1d0380572a1aa2a/components/lwip/port/freertos/sys_arch.c:77
      (inlined by) sys_arch_unprotect at /Users/thomashoser/.platformio/packages/framework-espidf@src-e55492bf35ec58abb1d0380572a1aa2a/components/lwip/port/freertos/sys_arch.c:470
  #7  0x420B6D95 in sock_inc_used at /Users/thomashoser/.platformio/packages/framework-espidf@src-e55492bf35ec58abb1d0380572a1aa2a/components/lwip/lwip/src/api/sockets.c:390
      (inlined by) tryget_socket_unconn at /Users/thomashoser/.platformio/packages/framework-espidf@src-e55492bf35ec58abb1d0380572a1aa2a/components/lwip/lwip/src/api/sockets.c:472
      (inlined by) tryget_socket at /Users/thomashoser/.platformio/packages/framework-espidf@src-e55492bf35ec58abb1d0380572a1aa2a/components/lwip/lwip/src/api/sockets.c:505
  #8  0x420B8949 in get_socket at /Users/thomashoser/.platformio/packages/framework-espidf@src-e55492bf35ec58abb1d0380572a1aa2a/components/lwip/lwip/src/api/sockets.c:524
      (inlined by) lwip_ioctl at /Users/thomashoser/.platformio/packages/framework-espidf@src-e55492bf35ec58abb1d0380572a1aa2a/components/lwip/lwip/src/api/sockets.c:3827
  #9  0x42007A9E in NetworkClientRxBuffer::r_available() at /Users/thomashoser/.platformio/packages/framework-arduinoespressif32-src-6cb0a29b74dc1d1bc6e83adba584d1d5/libraries/Network/src/NetworkClient.cpp:54
      (inlined by) NetworkClientRxBuffer::available() at /Users/thomashoser/.platformio/packages/framework-arduinoespressif32-src-6cb0a29b74dc1d1bc6e83adba584d1d5/libraries/Network/src/NetworkClient.cpp:148
      (inlined by) NetworkClient::available() at /Users/thomashoser/.platformio/packages/framework-arduinoespressif32-src-6cb0a29b74dc1d1bc6e83adba584d1d5/libraries/Network/src/NetworkClient.cpp:538
  #10 0x4208CAEB in MQTTClient::loop() at .pio/libdeps/lilygo-t-display-s3/MQTT/src/MQTTClient.cpp:469
  #11 0x42006131 in loop_wifi() at src/wifiMgr.cpp:645
  #12 0x42004693 in loop() at src/main.cpp:310
  #13 0x420A2DF4 in loopTask(void*) at /Users/thomashoser/.platformio/packages/framework-arduinoespressif32-src-6cb0a29b74dc1d1bc6e83adba584d1d5/cores/esp32/main.cpp:82


