-------------------------------------------------------- setup
Display> begin() ... Screen size 320 * 170 complete
Listing directory: /
  FILE: fallbackCover.jpg  SIZE: 14385  LAST WRITE: 2025-10-13 13:43:36
  FILE: favicon.ico  SIZE: 1150  LAST WRITE: 2025-10-13 13:43:36
  FILE: index.html  SIZE: 1640  LAST WRITE: 2025-10-13 13:43:36
  FILE: main.js  SIZE: 12701  LAST WRITE: 2025-10-13 13:43:36
  FILE: radio.html  SIZE: 1029  LAST WRITE: 2025-10-13 13:43:36
  FILE: radio.js  SIZE: 3955  LAST WRITE: 2025-10-13 13:43:36
  FILE: setup.ini  SIZE: 1672  LAST WRITE: 2025-10-13 13:43:36
  FILE: style.css  SIZE: 7361  LAST WRITE: 2025-10-13 13:43:36
setup_read_file> reading /setup.ini
[4]> RadioName = 1Live
[5]> RadioURL = http://wdr-1live-live.icecast.wdr.de/wdr/1live/live/mp3/128/stream.mp3
[6]> RadioTitleSeperator = -
[7]> RadioTitleFirst = Artist
[9]> RadioName = WDR2
[10]> RadioURL = https://wdr-edge-301b-dus-ts-cdn.cast.addradio.de/wdr/wdr2/rheinland/mp3/128/stream.mp3
[12]> RadioName = SWR3
[13]> RadioURL = http://mp3-live.swr3.de/swr3_m.m3u
[14]> RadioTitleSeperator = /
[15]> RadioTitleFirst = Song
[17]> RadioName = bigFM
[18]> RadioURL = http://streams.bigfm.de/hmr-128-mp3
[19]> RadioTitleSeperator = -
[20]> RadioTitleFirst = Artist
[22]> RadioName = ffn
[23]> RadioURL = http://player.ffn.de/ffn.mp3
[24]> RadioTitleSeperator = -
[25]> RadioTitleFirst = Artist
[27]> RadioName = 1Live - Neu fuer den Sektor
[28]> RadioURL = http://wdr-1live-neufuerdensektor.icecast.wdr.de/wdr/1live/neufuerdensektor/mp3/128/stream.mp3
[29]> RadioTitleSeperator = -
[30]> RadioTitleFirst = Artist
[32]> RadioName = 1live - FritzBox
[33]> RadioURL = http://192.168.178.1:49200/ST/AUDIO/DLNA-1-0/wdr-1live-live.icecast.wdr.de/wdr/1live/live/mp3/128/stream.mp3
[34]> RadioTitleSeperator = -
[35]> RadioTitleFirst = Artist
[37]> RadioName = ffh - FritzBox
[38]> RadioURL = http://192.168.178.1:49200/ST/AUDIO/DLNA-1-0/mp3.ffh.de/radioffh/hqlivestream.mp3
[39]> RadioTitleSeperator = -
[40]> RadioTitleFirst = Artist
setup_read_file> /setup.ini processed
P_I2S_LRCK 43
P_I2S_BCLK 44
P_I2S_DATA 18
P_ENC0_A 10
P_ENC0_B 11
P_ENC0_BTN 12
P_ENC0_PWR 13
P_ADC_BAT 255
P_ADC_BAT 255
Volume 0
Radio 0: 1Live - http://wdr-1live-live.icecast.wdr.de/wdr/1live/live/mp3/128/stream.mp3
Radio 1: WDR2 - https://wdr-edge-301b-dus-ts-cdn.cast.addradio.de/wdr/wdr2/rheinland/mp3/128/stream.mp3
Radio 2: SWR3 - http://mp3-live.swr3.de/swr3_m.m3u
Radio 3: bigFM - http://streams.bigfm.de/hmr-128-mp3
wifi::setup_wifi> default clientID: ESP32_1606964
[0;31m[  2171][E][Preferences.cpp:506] getString(): nvs_get_str len fail: mqtt_clientID NOT_FOUND[0m
[0;31m[  2180][E][Preferences.cpp:506] getString(): nvs_get_str len fail: mqtt_server NOT_FOUND[0m
[0;31m[  2189][E][Preferences.cpp:506] getString(): nvs_get_str len fail: mqtt_port NOT_FOUND[0m
[0;31m[  2198][E][Preferences.cpp:506] getString(): nvs_get_str len fail: mqtt_prefix NOT_FOUND[0m
wifi::setup_wifi_preferences> mqtt_clientID ESP32_Radio_6666
wifi::setup_wifi_preferences> mqtt_server   192.168.178.20
wifi::setup_wifi_preferences> mqtt_port     1883
wifi::setup_wifi_preferences> mqtt_prefix   house/
setup>> WiFi connected
wifi::mqtt_set_topics
tele> house/tele/ESP32_Radio_6666
stat> house/stat/ESP32_Radio_6666
cmnd> house/cmnd/ESP32_Radio_6666
subscribe> house/cmnd/ESP32_Radio_6666/#
wifi::mqtt_init> > MQTT: mqtt.begin
ERR wifi::mqtt_init> > MQTT: connection failed.
setup_webServer> Inizializing FS...[0;33m[  4828][W][LittleFS.cpp:58] begin(): LittleFS Already Mounted![0m
done.
HTTP server started

-------------------------------- Get System Info------------------------------------------
Heap: Free:163395, Min:163295, Size:354363, Alloc:90112
wifi> WiFi SSID: A-Team
wifi> IP address: 192.168.178.151
 (-56 db) wifi> signal    : 4 = -56 dBm
NTP> Zeit konnte nicht geholt werden


audio::setup_preferences> Preset 0
audio::setup_preferences> Volume 10
audio::setup_preferences> Number of restart times: 14
setup_audio> begin

-------------------------------- Staion Select ------------------------------------------
audio::station_select> requested preset 1 of 8
audio::station_select> Preset 1 : http://wdr-1live-live.icecast.wdr.de/wdr/1live/live/mp3/128/stream.mp3
audio::station_select> au.radioTitleSeperator -
audio::station_select> au.radioArtistFirst 1
audio::station_select> presetNo 1
audio::station_select> mqtt publish >1<

-------------------------------- Get System Info------------------------------------------
Heap: Free:163339, Min:162871, Size:354363, Alloc:90112
audio::station_select> set volume (0)
audio::station_select> URL >http://wdr-1live-live.icecast.wdr.de/wdr/1live/live/mp3/128/stream.mp3<
audio::station_select> conected<
audio::station_select> mqtt publish >1Live<
audio::station_select> mqtt wsSendArtistTitle 1Live /  
wifi::wsSendArtistTitle> SongTitle >< (len: 0) Artist >1Live<
wifi::wsSendTuner> Preset 1 , Volume 10
main::main_displayUpdate
main::displayReset
myDisplay::clear
listDir::Listing directory> /
  FILE: fallbackCover.jpg  SIZE: 14385  LAST WRITE: 2025-10-13 15:43:36
  FILE: favicon.ico  SIZE: 1150  LAST WRITE: 2025-10-13 15:43:36
  FILE: index.html  SIZE: 1640  LAST WRITE: 2025-10-13 15:43:36
  FILE: main.js  SIZE: 12701  LAST WRITE: 2025-10-13 15:43:36
  FILE: radio.html  SIZE: 1029  LAST WRITE: 2025-10-13 15:43:36
  FILE: radio.js  SIZE: 3955  LAST WRITE: 2025-10-13 15:43:36
  FILE: setup.ini  SIZE: 1672  LAST WRITE: 2025-10-13 15:43:36
  FILE: style.css  SIZE: 7361  LAST WRITE: 2025-10-13 15:43:36
rotary::setup_rotary> done
myDisplay::clear
 (-56 db) wifi> signal    : 4 = -56 dBm
NTP-Value Time: 01:01 / Date: 01.01.
myDisplay::Gui1 drawstring >01:01<
[0;31mE (27359) task_wdt: Task watchdog got triggered. The following tasks/users did not reset the watchdog in time:[0m
[0;31mE (27359) task_wdt:  - IDLE1 (CPU 1)[0m
[0;31mE (27359) task_wdt: Tasks currently running:[0m
[0;31mE (27359) task_wdt: CPU 0: PeriodicTask[0m
[0;31mE (27359) task_wdt: CPU 1: loopTask[0m
[0;31mE (27359) task_wdt: Print CPU 1 backtrace[0m


Backtrace: 0x40376ABE:0x3FCA1C60 0x4037A0F9:0x3FCA1C80 0x400559DD:0x3FCEBE60 0x40380FF2:0x3FCEBE70 0x403807A4:0x3FCEBE90 0x420CA169:0x3FCEBED0 0x420CB296:0x3FCEBEF0 0x420CB381:0x3FCEBF20 0x420CB707:0x3FCEBF90 0x420B6852:0x3FCEBFB0 0x420B7E57:0x3FCEBFF0 0x420B7F42:0x3FCEC050 0x420078FD:0x3FCEC070 0x4202AD82:0x3FCEC0C0 0x4202D03B:0x3FCEC0F0 0x42004146:0x3FCEC130 0x42004691:0x3FCEC160 0x420A371C:0x3FCEC180
  #0  0x40376ABE in esp_crosscore_isr at /Users/thomashoser/.platformio/packages/framework-espidf@src-e55492bf35ec58abb1d0380572a1aa2a/components/esp_system/crosscore_int.c:74
  #1  0x3FCA1C60 in _xt_exception_table at ??:?
  #2  0x4037A0F9 in _xt_lowint1 at /Users/thomashoser/.platformio/packages/framework-espidf@src-e55492bf35ec58abb1d0380572a1aa2a/components/xtensa/xtensa_vectors.S:1240
  #3  0x3FCA1C80 in _xt_exception_table at /Users/thomashoser/.platformio/packages/framework-espidf@src-e55492bf35ec58abb1d0380572a1aa2a/components/freertos/FreeRTOS-Kernel/portable/xtensa/port.c:67
  #4  0x40380FF2 in vPortClearInterruptMaskFromISR at /Users/thomashoser/.platformio/packages/framework-espidf@src-e55492bf35ec58abb1d0380572a1aa2a/components/freertos/FreeRTOS-Kernel/portable/xtensa/include/freertos/portmacro.h:560
      (inlined by) vPortExitCritical at /Users/thomashoser/.platformio/packages/framework-espidf@src-e55492bf35ec58abb1d0380572a1aa2a/components/freertos/FreeRTOS-Kernel/portable/xtensa/port.c:514
  #5  0x403807A4 in xQueueSemaphoreTake at /Users/thomashoser/.platformio/packages/framework-espidf@src-e55492bf35ec58abb1d0380572a1aa2a/components/freertos/FreeRTOS-Kernel/queue.c:1777
  #6  0x420CA169 in sys_mutex_lock at /Users/thomashoser/.platformio/packages/framework-espidf@src-e55492bf35ec58abb1d0380572a1aa2a/components/lwip/port/freertos/sys_arch.c:63
      (inlined by) sys_arch_protect at /Users/thomashoser/.platformio/packages/framework-espidf@src-e55492bf35ec58abb1d0380572a1aa2a/components/lwip/port/freertos/sys_arch.c:457
  #7  0x420CB296 in netconn_err at /Users/thomashoser/.platformio/packages/framework-espidf@src-e55492bf35ec58abb1d0380572a1aa2a/components/lwip/lwip/src/api/api_lib.c:1149
      (inlined by) netconn_err at /Users/thomashoser/.platformio/packages/framework-espidf@src-e55492bf35ec58abb1d0380572a1aa2a/components/lwip/lwip/src/api/api_lib.c:1142
      (inlined by) netconn_recv_data at /Users/thomashoser/.platformio/packages/framework-espidf@src-e55492bf35ec58abb1d0380572a1aa2a/components/lwip/lwip/src/api/api_lib.c:606
  #8  0x420CB381 in netconn_recv_data_tcp at /Users/thomashoser/.platformio/packages/framework-espidf@src-e55492bf35ec58abb1d0380572a1aa2a/components/lwip/lwip/src/api/api_lib.c:730
  #9  0x420CB707 in netconn_recv_tcp_pbuf_flags at /Users/thomashoser/.platformio/packages/framework-espidf@src-e55492bf35ec58abb1d0380572a1aa2a/components/lwip/lwip/src/api/api_lib.c:811
  #10 0x420B6852 in lwip_recv_tcp at /Users/thomashoser/.platformio/packages/framework-espidf@src-e55492bf35ec58abb1d0380572a1aa2a/components/lwip/lwip/src/api/sockets.c:990
  #11 0x420B7E57 in lwip_recvfrom at /Users/thomashoser/.platformio/packages/framework-espidf@src-e55492bf35ec58abb1d0380572a1aa2a/components/lwip/lwip/src/api/sockets.c:1257
  #12 0x420B7F42 in lwip_recv at /Users/thomashoser/.platformio/packages/framework-espidf@src-e55492bf35ec58abb1d0380572a1aa2a/components/lwip/lwip/src/api/sockets.c:1322
  #13 0x420078FD in NetworkClient::connected() at /Users/thomashoser/.platformio/packages/framework-espidf@src-e55492bf35ec58abb1d0380572a1aa2a/components/lwip/include/lwip/sockets.h:60
      (inlined by) NetworkClient::connected() at /Users/thomashoser/.platformio/packages/framework-arduinoespressif32-src-6cb0a29b74dc1d1bc6e83adba584d1d5/libraries/Network/src/NetworkClient.cpp:558
  #14 0x4202AD82 in Audio::processWebStream() at .pio/libdeps/lilygo-t-display-s3/ESP32-audioI2S/src/Audio.cpp:3897
  #15 0x4202D03B in Audio::loop() at .pio/libdeps/lilygo-t-display-s3/ESP32-audioI2S/src/Audio.cpp:3243 (discriminator 1)
  #16 0x42004146 in loop_audio() at src/audio.cpp:770
  #17 0x42004691 in loop() at src/main.cpp:347
  #18 0x420A371C in loopTask(void*) at /Users/thomashoser/.platformio/packages/framework-arduinoespressif32-src-6cb0a29b74dc1d1bc6e83adba584d1d5/cores/esp32/main.cpp:82

